[0.134s] Invoking command in '/home/pi/ros2_ws/build/jsc_mecanum_control': CMAKE_PREFIX_PATH=${CMAKE_PREFIX_PATH}:/home/pi/ros2_ws/install/robot_serial:/home/pi/ros2_ws/install/motor_gui_pkg:/opt/ros/humble /usr/bin/cmake --build /home/pi/ros2_ws/build/jsc_mecanum_control -- -j4 -l4
[0.456s] [100%] Built target jsc_mecanum_control_node
[0.519s] Invoked command in '/home/pi/ros2_ws/build/jsc_mecanum_control' returned '0': CMAKE_PREFIX_PATH=${CMAKE_PREFIX_PATH}:/home/pi/ros2_ws/install/robot_serial:/home/pi/ros2_ws/install/motor_gui_pkg:/opt/ros/humble /usr/bin/cmake --build /home/pi/ros2_ws/build/jsc_mecanum_control -- -j4 -l4
[0.735s] Invoking command in '/home/pi/ros2_ws/build/jsc_mecanum_control': CMAKE_PREFIX_PATH=${CMAKE_PREFIX_PATH}:/home/pi/ros2_ws/install/robot_serial:/home/pi/ros2_ws/install/motor_gui_pkg:/opt/ros/humble /usr/bin/cmake --install /home/pi/ros2_ws/build/jsc_mecanum_control
[0.786s] -- Install configuration: ""
[0.796s] -- Execute custom install script
[0.797s] -- Up-to-date symlink: /home/pi/ros2_ws/install/jsc_mecanum_control/lib/jsc_mecanum_control/jsc_mecanum_control_node
[0.798s] -- Up-to-date symlink: /home/pi/ros2_ws/install/jsc_mecanum_control/share/ament_index/resource_index/package_run_dependencies/jsc_mecanum_control
[0.815s] -- Up-to-date symlink: /home/pi/ros2_ws/install/jsc_mecanum_control/share/ament_index/resource_index/parent_prefix_path/jsc_mecanum_control
[0.816s] -- Up-to-date symlink: /home/pi/ros2_ws/install/jsc_mecanum_control/share/jsc_mecanum_control/environment/ament_prefix_path.sh
[0.817s] -- Up-to-date symlink: /home/pi/ros2_ws/install/jsc_mecanum_control/share/jsc_mecanum_control/environment/ament_prefix_path.dsv
[0.817s] -- Up-to-date symlink: /home/pi/ros2_ws/install/jsc_mecanum_control/share/jsc_mecanum_control/environment/path.sh
[0.820s] -- Up-to-date symlink: /home/pi/ros2_ws/install/jsc_mecanum_control/share/jsc_mecanum_control/environment/path.dsv
[0.820s] -- Up-to-date symlink: /home/pi/ros2_ws/install/jsc_mecanum_control/share/jsc_mecanum_control/local_setup.bash
[0.821s] -- Up-to-date symlink: /home/pi/ros2_ws/install/jsc_mecanum_control/share/jsc_mecanum_control/local_setup.sh
[0.821s] -- Up-to-date symlink: /home/pi/ros2_ws/install/jsc_mecanum_control/share/jsc_mecanum_control/local_setup.zsh
[0.822s] -- Up-to-date symlink: /home/pi/ros2_ws/install/jsc_mecanum_control/share/jsc_mecanum_control/local_setup.dsv
[0.822s] -- Symlinking: /home/pi/ros2_ws/install/jsc_mecanum_control/share/jsc_mecanum_control/package.dsv
[0.836s] -- Up-to-date symlink: /home/pi/ros2_ws/install/jsc_mecanum_control/share/ament_index/resource_index/packages/jsc_mecanum_control
[0.837s] -- Up-to-date symlink: /home/pi/ros2_ws/install/jsc_mecanum_control/share/jsc_mecanum_control/cmake/jsc_mecanum_controlConfig.cmake
[0.838s] -- Up-to-date symlink: /home/pi/ros2_ws/install/jsc_mecanum_control/share/jsc_mecanum_control/cmake/jsc_mecanum_controlConfig-version.cmake
[0.839s] -- Up-to-date symlink: /home/pi/ros2_ws/install/jsc_mecanum_control/share/jsc_mecanum_control/package.xml
[0.883s] Invoked command in '/home/pi/ros2_ws/build/jsc_mecanum_control' returned '0': CMAKE_PREFIX_PATH=${CMAKE_PREFIX_PATH}:/home/pi/ros2_ws/install/robot_serial:/home/pi/ros2_ws/install/motor_gui_pkg:/opt/ros/humble /usr/bin/cmake --install /home/pi/ros2_ws/build/jsc_mecanum_control
