[0.104s] Invoking command in '/home/pi/ros2_ws/build/sllidar_ros2': CMAKE_PREFIX_PATH=${CMAKE_PREFIX_PATH}:/home/pi/ros2_ws/install/robot_serial:/home/pi/ros2_ws/install/motor_gui_pkg:/opt/ros/humble /usr/bin/cmake --build /home/pi/ros2_ws/build/sllidar_ros2 -- -j4 -l4
[0.607s] [ 10%] Built target sllidar_client
[0.644s] [100%] Built target sllidar_node
[0.783s] Invoked command in '/home/pi/ros2_ws/build/sllidar_ros2' returned '0': CMAKE_PREFIX_PATH=${CMAKE_PREFIX_PATH}:/home/pi/ros2_ws/install/robot_serial:/home/pi/ros2_ws/install/motor_gui_pkg:/opt/ros/humble /usr/bin/cmake --build /home/pi/ros2_ws/build/sllidar_ros2 -- -j4 -l4
[1.580s] Invoking command in '/home/pi/ros2_ws/build/sllidar_ros2': CMAKE_PREFIX_PATH=${CMAKE_PREFIX_PATH}:/home/pi/ros2_ws/install/robot_serial:/home/pi/ros2_ws/install/motor_gui_pkg:/opt/ros/humble /usr/bin/cmake --install /home/pi/ros2_ws/build/sllidar_ros2
[1.624s] -- Install configuration: ""
[1.630s] -- Execute custom install script
[1.638s] -- Up-to-date symlink: /home/pi/ros2_ws/install/sllidar_ros2/share/sllidar_ros2/launch/sllidar_a1_launch.py
[1.641s] -- Up-to-date symlink: /home/pi/ros2_ws/install/sllidar_ros2/share/sllidar_ros2/launch/sllidar_a2m12_launch .py
[1.646s] -- Up-to-date symlink: /home/pi/ros2_ws/install/sllidar_ros2/share/sllidar_ros2/launch/sllidar_a2m7_launch.py
[1.650s] -- Up-to-date symlink: /home/pi/ros2_ws/install/sllidar_ros2/share/sllidar_ros2/launch/sllidar_a2m8_launch.py
[1.654s] -- Up-to-date symlink: /home/pi/ros2_ws/install/sllidar_ros2/share/sllidar_ros2/launch/sllidar_a3_launch.py
[1.658s] -- Up-to-date symlink: /home/pi/ros2_ws/install/sllidar_ros2/share/sllidar_ros2/launch/sllidar_c1_launch.py
[1.662s] -- Up-to-date symlink: /home/pi/ros2_ws/install/sllidar_ros2/share/sllidar_ros2/launch/sllidar_s1_launch.py
[1.665s] -- Up-to-date symlink: /home/pi/ros2_ws/install/sllidar_ros2/share/sllidar_ros2/launch/sllidar_s1_tcp_launch.py
[1.667s] -- Up-to-date symlink: /home/pi/ros2_ws/install/sllidar_ros2/share/sllidar_ros2/launch/sllidar_s2_launch.py
[1.670s] -- Up-to-date symlink: /home/pi/ros2_ws/install/sllidar_ros2/share/sllidar_ros2/launch/sllidar_s2_launch_copy.py
[1.672s] -- Up-to-date symlink: /home/pi/ros2_ws/install/sllidar_ros2/share/sllidar_ros2/launch/sllidar_s2e_launch.py
[1.676s] -- Up-to-date symlink: /home/pi/ros2_ws/install/sllidar_ros2/share/sllidar_ros2/launch/sllidar_s3_launch.py
[1.679s] -- Up-to-date symlink: /home/pi/ros2_ws/install/sllidar_ros2/share/sllidar_ros2/launch/sllidar_t1_launch.py
[1.682s] -- Up-to-date symlink: /home/pi/ros2_ws/install/sllidar_ros2/share/sllidar_ros2/launch/view_sllidar_a1_launch.py
[1.684s] -- Up-to-date symlink: /home/pi/ros2_ws/install/sllidar_ros2/share/sllidar_ros2/launch/view_sllidar_a2m12_launch.py
[1.687s] -- Up-to-date symlink: /home/pi/ros2_ws/install/sllidar_ros2/share/sllidar_ros2/launch/view_sllidar_a2m7_launch.py
[1.690s] -- Up-to-date symlink: /home/pi/ros2_ws/install/sllidar_ros2/share/sllidar_ros2/launch/view_sllidar_a2m8_launch.py
[1.692s] -- Up-to-date symlink: /home/pi/ros2_ws/install/sllidar_ros2/share/sllidar_ros2/launch/view_sllidar_a3_launch.py
[1.695s] -- Up-to-date symlink: /home/pi/ros2_ws/install/sllidar_ros2/share/sllidar_ros2/launch/view_sllidar_c1_launch.py
[1.698s] -- Up-to-date symlink: /home/pi/ros2_ws/install/sllidar_ros2/share/sllidar_ros2/launch/view_sllidar_s1_launch.py
[1.700s] -- Up-to-date symlink: /home/pi/ros2_ws/install/sllidar_ros2/share/sllidar_ros2/launch/view_sllidar_s1_tcp_launch.py
[1.703s] -- Up-to-date symlink: /home/pi/ros2_ws/install/sllidar_ros2/share/sllidar_ros2/launch/view_sllidar_s2_launch.py
[1.706s] -- Up-to-date symlink: /home/pi/ros2_ws/install/sllidar_ros2/share/sllidar_ros2/launch/view_sllidar_s2e_launch.py
[1.709s] -- Up-to-date symlink: /home/pi/ros2_ws/install/sllidar_ros2/share/sllidar_ros2/launch/view_sllidar_s3_launch.py
[1.712s] -- Up-to-date symlink: /home/pi/ros2_ws/install/sllidar_ros2/share/sllidar_ros2/launch/view_sllidar_t1_launch.py
[1.716s] -- Up-to-date symlink: /home/pi/ros2_ws/install/sllidar_ros2/share/sllidar_ros2/rviz/sllidar_ros2.rviz
[1.723s] -- Up-to-date symlink: /home/pi/ros2_ws/install/sllidar_ros2/lib/sllidar_ros2/sllidar_node
[1.726s] -- Up-to-date symlink: /home/pi/ros2_ws/install/sllidar_ros2/lib/sllidar_ros2/sllidar_client
[1.729s] -- Up-to-date symlink: /home/pi/ros2_ws/install/sllidar_ros2/share/ament_index/resource_index/package_run_dependencies/sllidar_ros2
[1.733s] -- Up-to-date symlink: /home/pi/ros2_ws/install/sllidar_ros2/share/ament_index/resource_index/parent_prefix_path/sllidar_ros2
[1.736s] -- Up-to-date symlink: /home/pi/ros2_ws/install/sllidar_ros2/share/sllidar_ros2/environment/ament_prefix_path.sh
[1.740s] -- Up-to-date symlink: /home/pi/ros2_ws/install/sllidar_ros2/share/sllidar_ros2/environment/ament_prefix_path.dsv
[1.743s] -- Up-to-date symlink: /home/pi/ros2_ws/install/sllidar_ros2/share/sllidar_ros2/environment/path.sh
[1.749s] -- Up-to-date symlink: /home/pi/ros2_ws/install/sllidar_ros2/share/sllidar_ros2/environment/path.dsv
[1.753s] -- Up-to-date symlink: /home/pi/ros2_ws/install/sllidar_ros2/share/sllidar_ros2/local_setup.bash
[1.754s] -- Up-to-date symlink: /home/pi/ros2_ws/install/sllidar_ros2/share/sllidar_ros2/local_setup.sh
[1.757s] -- Up-to-date symlink: /home/pi/ros2_ws/install/sllidar_ros2/share/sllidar_ros2/local_setup.zsh
[1.760s] -- Up-to-date symlink: /home/pi/ros2_ws/install/sllidar_ros2/share/sllidar_ros2/local_setup.dsv
[1.763s] -- Symlinking: /home/pi/ros2_ws/install/sllidar_ros2/share/sllidar_ros2/package.dsv
[1.831s] -- Up-to-date symlink: /home/pi/ros2_ws/install/sllidar_ros2/share/ament_index/resource_index/packages/sllidar_ros2
[1.833s] -- Up-to-date symlink: /home/pi/ros2_ws/install/sllidar_ros2/share/sllidar_ros2/cmake/ament_cmake_export_dependencies-extras.cmake
[1.837s] -- Up-to-date symlink: /home/pi/ros2_ws/install/sllidar_ros2/share/sllidar_ros2/cmake/ament_cmake_export_include_directories-extras.cmake
[1.843s] -- Up-to-date symlink: /home/pi/ros2_ws/install/sllidar_ros2/share/sllidar_ros2/cmake/sllidar_ros2Config.cmake
[1.844s] -- Up-to-date symlink: /home/pi/ros2_ws/install/sllidar_ros2/share/sllidar_ros2/cmake/sllidar_ros2Config-version.cmake
[1.845s] -- Up-to-date symlink: /home/pi/ros2_ws/install/sllidar_ros2/share/sllidar_ros2/package.xml
[1.855s] Invoked command in '/home/pi/ros2_ws/build/sllidar_ros2' returned '0': CMAKE_PREFIX_PATH=${CMAKE_PREFIX_PATH}:/home/pi/ros2_ws/install/robot_serial:/home/pi/ros2_ws/install/motor_gui_pkg:/opt/ros/humble /usr/bin/cmake --install /home/pi/ros2_ws/build/sllidar_ros2
