[0.148s] Invoking command in '/home/pi/ros2_ws/build/jsc_mecanum_description': CMAKE_PREFIX_PATH=${CMAKE_PREFIX_PATH}:/home/pi/ros2_ws/install/robot_serial:/home/pi/ros2_ws/install/motor_gui_pkg:/opt/ros/humble /usr/bin/cmake --build /home/pi/ros2_ws/build/jsc_mecanum_description -- -j4 -l4
[0.348s] Invoked command in '/home/pi/ros2_ws/build/jsc_mecanum_description' returned '0': CMAKE_PREFIX_PATH=${CMAKE_PREFIX_PATH}:/home/pi/ros2_ws/install/robot_serial:/home/pi/ros2_ws/install/motor_gui_pkg:/opt/ros/humble /usr/bin/cmake --build /home/pi/ros2_ws/build/jsc_mecanum_description -- -j4 -l4
[0.604s] Invoking command in '/home/pi/ros2_ws/build/jsc_mecanum_description': CMAKE_PREFIX_PATH=${CMAKE_PREFIX_PATH}:/home/pi/ros2_ws/install/robot_serial:/home/pi/ros2_ws/install/motor_gui_pkg:/opt/ros/humble /usr/bin/cmake --install /home/pi/ros2_ws/build/jsc_mecanum_description
[0.644s] -- Install configuration: ""
[0.645s] -- Execute custom install script
[0.648s] -- Up-to-date symlink: /home/pi/ros2_ws/install/jsc_mecanum_description/share/jsc_mecanum_description/config/diff_drive_controller.yaml
[0.649s] -- Up-to-date symlink: /home/pi/ros2_ws/install/jsc_mecanum_description/share/jsc_mecanum_description/config/robot_controller_config.yaml
[0.650s] -- Up-to-date symlink: /home/pi/ros2_ws/install/jsc_mecanum_description/share/jsc_mecanum_description/config/slam_toolbox_config.yaml
[0.659s] -- Up-to-date symlink: /home/pi/ros2_ws/install/jsc_mecanum_description/share/jsc_mecanum_description/launch/jsc_mecanum_bot_v1_launch.py
[0.660s] -- Up-to-date symlink: /home/pi/ros2_ws/install/jsc_mecanum_description/share/jsc_mecanum_description/launch/jsc_mecanum_bot_v2_launch.py
[0.660s] -- Up-to-date symlink: /home/pi/ros2_ws/install/jsc_mecanum_description/share/jsc_mecanum_description/launch/jsc_mecanum_bot_v3_launch.py
[0.661s] -- Up-to-date symlink: /home/pi/ros2_ws/install/jsc_mecanum_description/share/jsc_mecanum_description/launch/jsc_mecanum_bot_v4_launch.py
[0.666s] -- Up-to-date symlink: /home/pi/ros2_ws/install/jsc_mecanum_description/share/jsc_mecanum_description/launch/jsc_mecanum_bot_v4_launch_pi.py
[0.669s] -- Up-to-date symlink: /home/pi/ros2_ws/install/jsc_mecanum_description/share/jsc_mecanum_description/launch/jsc_mecanum_bot_v5_launch.py
[0.670s] -- Up-to-date symlink: /home/pi/ros2_ws/install/jsc_mecanum_description/share/jsc_mecanum_description/launch/jsc_mecanum_bot_v6_launch.py
[0.670s] -- Up-to-date symlink: /home/pi/ros2_ws/install/jsc_mecanum_description/share/jsc_mecanum_description/launch/jsc_mecanum_bot_v6_launch_pi.py
[0.672s] -- Up-to-date symlink: /home/pi/ros2_ws/install/jsc_mecanum_description/share/jsc_mecanum_description/launch/jsc_mecanum_bot_v7_launch_pi.py
[0.672s] -- Up-to-date symlink: /home/pi/ros2_ws/install/jsc_mecanum_description/share/jsc_mecanum_description/launch/jsc_mecanum_bot_v8_pi.py
[0.672s] -- Up-to-date symlink: /home/pi/ros2_ws/install/jsc_mecanum_description/share/jsc_mecanum_description/launch/jsc_mecanum_bot_v9_pi.py
[0.673s] -- Up-to-date symlink: /home/pi/ros2_ws/install/jsc_mecanum_description/share/jsc_mecanum_description/meshes/fl_wheel_link.STL
[0.673s] -- Up-to-date symlink: /home/pi/ros2_ws/install/jsc_mecanum_description/share/jsc_mecanum_description/meshes/fr_wheel_link.STL
[0.674s] -- Up-to-date symlink: /home/pi/ros2_ws/install/jsc_mecanum_description/share/jsc_mecanum_description/meshes/rl_wheel_link.STL
[0.675s] -- Up-to-date symlink: /home/pi/ros2_ws/install/jsc_mecanum_description/share/jsc_mecanum_description/meshes/rr_wheel_link.STL
[0.675s] -- Up-to-date symlink: /home/pi/ros2_ws/install/jsc_mecanum_description/share/jsc_mecanum_description/models/jsc_mecanum_bot_description/meshes/fl_wheel_link.STL
[0.676s] -- Up-to-date symlink: /home/pi/ros2_ws/install/jsc_mecanum_description/share/jsc_mecanum_description/models/jsc_mecanum_bot_description/meshes/fr_wheel_link.STL
[0.677s] -- Up-to-date symlink: /home/pi/ros2_ws/install/jsc_mecanum_description/share/jsc_mecanum_description/models/jsc_mecanum_bot_description/meshes/rl_wheel_link.STL
[0.677s] -- Up-to-date symlink: /home/pi/ros2_ws/install/jsc_mecanum_description/share/jsc_mecanum_description/models/jsc_mecanum_bot_description/meshes/rr_wheel_link.STL
[0.678s] -- Up-to-date symlink: /home/pi/ros2_ws/install/jsc_mecanum_description/share/jsc_mecanum_description/models/jsc_mecanum_bot_description/model.config
[0.683s] -- Up-to-date symlink: /home/pi/ros2_ws/install/jsc_mecanum_description/share/jsc_mecanum_description/models/jsc_mecanum_bot_description/model.sdf
[0.685s] -- Up-to-date symlink: /home/pi/ros2_ws/install/jsc_mecanum_description/share/jsc_mecanum_description/rviz/model.rviz
[0.685s] -- Up-to-date symlink: /home/pi/ros2_ws/install/jsc_mecanum_description/share/jsc_mecanum_description/src/jsc_mecanum_description.urdf
[0.687s] -- Up-to-date symlink: /home/pi/ros2_ws/install/jsc_mecanum_description/share/ament_index/resource_index/package_run_dependencies/jsc_mecanum_description
[0.687s] -- Up-to-date symlink: /home/pi/ros2_ws/install/jsc_mecanum_description/share/ament_index/resource_index/parent_prefix_path/jsc_mecanum_description
[0.689s] -- Up-to-date symlink: /home/pi/ros2_ws/install/jsc_mecanum_description/share/jsc_mecanum_description/environment/ament_prefix_path.sh
[0.689s] -- Up-to-date symlink: /home/pi/ros2_ws/install/jsc_mecanum_description/share/jsc_mecanum_description/environment/ament_prefix_path.dsv
[0.690s] -- Up-to-date symlink: /home/pi/ros2_ws/install/jsc_mecanum_description/share/jsc_mecanum_description/environment/path.sh
[0.693s] -- Up-to-date symlink: /home/pi/ros2_ws/install/jsc_mecanum_description/share/jsc_mecanum_description/environment/path.dsv
[0.694s] -- Up-to-date symlink: /home/pi/ros2_ws/install/jsc_mecanum_description/share/jsc_mecanum_description/local_setup.bash
[0.695s] -- Up-to-date symlink: /home/pi/ros2_ws/install/jsc_mecanum_description/share/jsc_mecanum_description/local_setup.sh
[0.699s] -- Up-to-date symlink: /home/pi/ros2_ws/install/jsc_mecanum_description/share/jsc_mecanum_description/local_setup.zsh
[0.700s] -- Up-to-date symlink: /home/pi/ros2_ws/install/jsc_mecanum_description/share/jsc_mecanum_description/local_setup.dsv
[0.701s] -- Symlinking: /home/pi/ros2_ws/install/jsc_mecanum_description/share/jsc_mecanum_description/package.dsv
[0.752s] -- Up-to-date symlink: /home/pi/ros2_ws/install/jsc_mecanum_description/share/ament_index/resource_index/packages/jsc_mecanum_description
[0.753s] -- Up-to-date symlink: /home/pi/ros2_ws/install/jsc_mecanum_description/share/jsc_mecanum_description/cmake/jsc_mecanum_descriptionConfig.cmake
[0.753s] -- Up-to-date symlink: /home/pi/ros2_ws/install/jsc_mecanum_description/share/jsc_mecanum_description/cmake/jsc_mecanum_descriptionConfig-version.cmake
[0.758s] -- Up-to-date symlink: /home/pi/ros2_ws/install/jsc_mecanum_description/share/jsc_mecanum_description/package.xml
[0.767s] Invoked command in '/home/pi/ros2_ws/build/jsc_mecanum_description' returned '0': CMAKE_PREFIX_PATH=${CMAKE_PREFIX_PATH}:/home/pi/ros2_ws/install/robot_serial:/home/pi/ros2_ws/install/motor_gui_pkg:/opt/ros/humble /usr/bin/cmake --install /home/pi/ros2_ws/build/jsc_mecanum_description
