[6.823s] Invoking command in '/home/pi/ros2_ws/src/robot_serial': PYTHONPATH=/home/pi/ros2_ws/build/robot_serial/prefix_override:/usr/lib/python3/dist-packages/colcon_core/task/python/colcon_distutils_commands:/home/pi/ros2_ws/install/robot_serial/lib/python3.10/site-packages:${PYTHONPATH} /usr/bin/python3 -W ignore:setup.py install is deprecated setup.py egg_info --egg-base ../../build/robot_serial build --build-base /home/pi/ros2_ws/build/robot_serial/build install --record /home/pi/ros2_ws/build/robot_serial/install.log --single-version-externally-managed install_data
[8.826s] running egg_info
[8.829s] writing ../../build/robot_serial/robot_serial.egg-info/PKG-INFO
[8.831s] writing dependency_links to ../../build/robot_serial/robot_serial.egg-info/dependency_links.txt
[8.834s] writing entry points to ../../build/robot_serial/robot_serial.egg-info/entry_points.txt
[8.837s] writing requirements to ../../build/robot_serial/robot_serial.egg-info/requires.txt
[8.840s] writing top-level names to ../../build/robot_serial/robot_serial.egg-info/top_level.txt
[8.846s] reading manifest file '../../build/robot_serial/robot_serial.egg-info/SOURCES.txt'
[8.850s] adding license file 'LICENSE'
[8.853s] writing manifest file '../../build/robot_serial/robot_serial.egg-info/SOURCES.txt'
[8.854s] running build
[8.854s] running build_py
[8.857s] running install
[8.858s] running install_lib
[8.865s] running install_data
[8.868s] running install_egg_info
[8.878s] removing '/home/pi/ros2_ws/install/robot_serial/lib/python3.10/site-packages/robot_serial-0.0.0-py3.10.egg-info' (and everything under it)
[8.881s] Copying ../../build/robot_serial/robot_serial.egg-info to /home/pi/ros2_ws/install/robot_serial/lib/python3.10/site-packages/robot_serial-0.0.0-py3.10.egg-info
[8.894s] running install_scripts
[8.987s] Installing find script to /home/pi/ros2_ws/install/robot_serial/lib/robot_serial
[8.988s] Installing serial script to /home/pi/ros2_ws/install/robot_serial/lib/robot_serial
[8.989s] Installing serial_salida script to /home/pi/ros2_ws/install/robot_serial/lib/robot_serial
[8.992s] writing list of installed files to '/home/pi/ros2_ws/build/robot_serial/install.log'
[9.144s] Invoked command in '/home/pi/ros2_ws/src/robot_serial' returned '0': PYTHONPATH=/home/pi/ros2_ws/build/robot_serial/prefix_override:/usr/lib/python3/dist-packages/colcon_core/task/python/colcon_distutils_commands:/home/pi/ros2_ws/install/robot_serial/lib/python3.10/site-packages:${PYTHONPATH} /usr/bin/python3 -W ignore:setup.py install is deprecated setup.py egg_info --egg-base ../../build/robot_serial build --build-base /home/pi/ros2_ws/build/robot_serial/build install --record /home/pi/ros2_ws/build/robot_serial/install.log --single-version-externally-managed install_data
