[4.816s] Invoking command in '/home/pi/ros2_ws/src/robot_serial': PYTHONPATH=/home/pi/ros2_ws/build/robot_serial/prefix_override:/usr/lib/python3/dist-packages/colcon_core/task/python/colcon_distutils_commands:/home/pi/ros2_ws/install/robot_serial/lib/python3.10/site-packages:${PYTHONPATH} /usr/bin/python3 -W ignore:setup.py install is deprecated setup.py egg_info --egg-base ../../build/robot_serial build --build-base /home/pi/ros2_ws/build/robot_serial/build install --record /home/pi/ros2_ws/build/robot_serial/install.log --single-version-externally-managed install_data
[6.225s] running egg_info
[6.227s] writing ../../build/robot_serial/robot_serial.egg-info/PKG-INFO
[6.229s] writing dependency_links to ../../build/robot_serial/robot_serial.egg-info/dependency_links.txt
[6.231s] writing entry points to ../../build/robot_serial/robot_serial.egg-info/entry_points.txt
[6.232s] writing requirements to ../../build/robot_serial/robot_serial.egg-info/requires.txt
[6.233s] writing top-level names to ../../build/robot_serial/robot_serial.egg-info/top_level.txt
[6.241s] reading manifest file '../../build/robot_serial/robot_serial.egg-info/SOURCES.txt'
[6.242s] adding license file 'LICENSE'
[6.245s] writing manifest file '../../build/robot_serial/robot_serial.egg-info/SOURCES.txt'
[6.246s] running build
[6.247s] running build_py
[6.249s] running install
[6.250s] running install_lib
[6.257s] running install_data
[6.258s] running install_egg_info
[6.267s] removing '/home/pi/ros2_ws/install/robot_serial/lib/python3.10/site-packages/robot_serial-0.0.0-py3.10.egg-info' (and everything under it)
[6.269s] Copying ../../build/robot_serial/robot_serial.egg-info to /home/pi/ros2_ws/install/robot_serial/lib/python3.10/site-packages/robot_serial-0.0.0-py3.10.egg-info
[6.276s] running install_scripts
[6.359s] Installing find script to /home/pi/ros2_ws/install/robot_serial/lib/robot_serial
[6.360s] Installing serial script to /home/pi/ros2_ws/install/robot_serial/lib/robot_serial
[6.361s] Installing serial_salida script to /home/pi/ros2_ws/install/robot_serial/lib/robot_serial
[6.363s] writing list of installed files to '/home/pi/ros2_ws/build/robot_serial/install.log'
[6.492s] Invoked command in '/home/pi/ros2_ws/src/robot_serial' returned '0': PYTHONPATH=/home/pi/ros2_ws/build/robot_serial/prefix_override:/usr/lib/python3/dist-packages/colcon_core/task/python/colcon_distutils_commands:/home/pi/ros2_ws/install/robot_serial/lib/python3.10/site-packages:${PYTHONPATH} /usr/bin/python3 -W ignore:setup.py install is deprecated setup.py egg_info --egg-base ../../build/robot_serial build --build-base /home/pi/ros2_ws/build/robot_serial/build install --record /home/pi/ros2_ws/build/robot_serial/install.log --single-version-externally-managed install_data
