[0.156s] Invoking command in '/home/pi/ros2_ws/build/jsc_mecanum_teleop': CMAKE_PREFIX_PATH=${CMAKE_PREFIX_PATH}:/home/pi/ros2_ws/install/robot_serial:/home/pi/ros2_ws/install/motor_gui_pkg:/opt/ros/humble /usr/bin/cmake --build /home/pi/ros2_ws/build/jsc_mecanum_teleop -- -j4 -l4
[0.472s] [100%] Built target jsc_mecanum_teleop
[1.902s] Invoked command in '/home/pi/ros2_ws/build/jsc_mecanum_teleop' returned '0': CMAKE_PREFIX_PATH=${CMAKE_PREFIX_PATH}:/home/pi/ros2_ws/install/robot_serial:/home/pi/ros2_ws/install/motor_gui_pkg:/opt/ros/humble /usr/bin/cmake --build /home/pi/ros2_ws/build/jsc_mecanum_teleop -- -j4 -l4
[3.586s] Invoking command in '/home/pi/ros2_ws/build/jsc_mecanum_teleop': CMAKE_PREFIX_PATH=${CMAKE_PREFIX_PATH}:/home/pi/ros2_ws/install/robot_serial:/home/pi/ros2_ws/install/motor_gui_pkg:/opt/ros/humble /usr/bin/cmake --install /home/pi/ros2_ws/build/jsc_mecanum_teleop
[3.648s] -- Install configuration: ""
[3.653s] -- Execute custom install script
[3.654s] -- Up-to-date symlink: /home/pi/ros2_ws/install/jsc_mecanum_teleop/share/jsc_mecanum_teleop/config/teleop_config.yaml
[3.655s] -- Up-to-date symlink: /home/pi/ros2_ws/install/jsc_mecanum_teleop/lib/jsc_mecanum_teleop/jsc_mecanum_teleop
[3.656s] -- Up-to-date symlink: /home/pi/ros2_ws/install/jsc_mecanum_teleop/share/ament_index/resource_index/package_run_dependencies/jsc_mecanum_teleop
[3.656s] -- Up-to-date symlink: /home/pi/ros2_ws/install/jsc_mecanum_teleop/share/ament_index/resource_index/parent_prefix_path/jsc_mecanum_teleop
[3.657s] -- Up-to-date symlink: /home/pi/ros2_ws/install/jsc_mecanum_teleop/share/jsc_mecanum_teleop/environment/ament_prefix_path.sh
[3.657s] -- Up-to-date symlink: /home/pi/ros2_ws/install/jsc_mecanum_teleop/share/jsc_mecanum_teleop/environment/ament_prefix_path.dsv
[3.667s] -- Up-to-date symlink: /home/pi/ros2_ws/install/jsc_mecanum_teleop/share/jsc_mecanum_teleop/environment/path.sh
[3.667s] -- Up-to-date symlink: /home/pi/ros2_ws/install/jsc_mecanum_teleop/share/jsc_mecanum_teleop/environment/path.dsv
[3.668s] -- Up-to-date symlink: /home/pi/ros2_ws/install/jsc_mecanum_teleop/share/jsc_mecanum_teleop/local_setup.bash
[3.669s] -- Up-to-date symlink: /home/pi/ros2_ws/install/jsc_mecanum_teleop/share/jsc_mecanum_teleop/local_setup.sh
[3.669s] -- Up-to-date symlink: /home/pi/ros2_ws/install/jsc_mecanum_teleop/share/jsc_mecanum_teleop/local_setup.zsh
[3.678s] -- Up-to-date symlink: /home/pi/ros2_ws/install/jsc_mecanum_teleop/share/jsc_mecanum_teleop/local_setup.dsv
[3.679s] -- Symlinking: /home/pi/ros2_ws/install/jsc_mecanum_teleop/share/jsc_mecanum_teleop/package.dsv
[3.713s] -- Up-to-date symlink: /home/pi/ros2_ws/install/jsc_mecanum_teleop/share/ament_index/resource_index/packages/jsc_mecanum_teleop
[3.715s] -- Up-to-date symlink: /home/pi/ros2_ws/install/jsc_mecanum_teleop/share/jsc_mecanum_teleop/cmake/jsc_mecanum_teleopConfig.cmake
[3.723s] -- Up-to-date symlink: /home/pi/ros2_ws/install/jsc_mecanum_teleop/share/jsc_mecanum_teleop/cmake/jsc_mecanum_teleopConfig-version.cmake
[3.724s] -- Up-to-date symlink: /home/pi/ros2_ws/install/jsc_mecanum_teleop/share/jsc_mecanum_teleop/package.xml
[3.738s] Invoked command in '/home/pi/ros2_ws/build/jsc_mecanum_teleop' returned '0': CMAKE_PREFIX_PATH=${CMAKE_PREFIX_PATH}:/home/pi/ros2_ws/install/robot_serial:/home/pi/ros2_ws/install/motor_gui_pkg:/opt/ros/humble /usr/bin/cmake --install /home/pi/ros2_ws/build/jsc_mecanum_teleop
