[7.084s] Invoking command in '/home/pi/ros2_ws/src/robot_serial': PYTHONPATH=/home/pi/ros2_ws/build/robot_serial/prefix_override:/usr/lib/python3/dist-packages/colcon_core/task/python/colcon_distutils_commands:/home/pi/ros2_ws/install/robot_serial/lib/python3.10/site-packages:${PYTHONPATH} /usr/bin/python3 -W ignore:setup.py install is deprecated setup.py egg_info --egg-base ../../build/robot_serial build --build-base /home/pi/ros2_ws/build/robot_serial/build install --record /home/pi/ros2_ws/build/robot_serial/install.log --single-version-externally-managed install_data
[8.987s] running egg_info
[8.992s] writing ../../build/robot_serial/robot_serial.egg-info/PKG-INFO
[8.994s] writing dependency_links to ../../build/robot_serial/robot_serial.egg-info/dependency_links.txt
[8.997s] writing entry points to ../../build/robot_serial/robot_serial.egg-info/entry_points.txt
[8.998s] writing requirements to ../../build/robot_serial/robot_serial.egg-info/requires.txt
[9.001s] writing top-level names to ../../build/robot_serial/robot_serial.egg-info/top_level.txt
[9.010s] reading manifest file '../../build/robot_serial/robot_serial.egg-info/SOURCES.txt'
[9.013s] adding license file 'LICENSE'
[9.021s] writing manifest file '../../build/robot_serial/robot_serial.egg-info/SOURCES.txt'
[9.024s] running build
[9.026s] running build_py
[9.027s] running install
[9.031s] running install_lib
[9.038s] running install_data
[9.041s] running install_egg_info
[9.058s] removing '/home/pi/ros2_ws/install/robot_serial/lib/python3.10/site-packages/robot_serial-0.0.0-py3.10.egg-info' (and everything under it)
[9.066s] Copying ../../build/robot_serial/robot_serial.egg-info to /home/pi/ros2_ws/install/robot_serial/lib/python3.10/site-packages/robot_serial-0.0.0-py3.10.egg-info
[9.083s] running install_scripts
[9.214s] Installing find script to /home/pi/ros2_ws/install/robot_serial/lib/robot_serial
[9.214s] Installing serial script to /home/pi/ros2_ws/install/robot_serial/lib/robot_serial
[9.217s] Installing serial_salida script to /home/pi/ros2_ws/install/robot_serial/lib/robot_serial
[9.230s] writing list of installed files to '/home/pi/ros2_ws/build/robot_serial/install.log'
[9.378s] Invoked command in '/home/pi/ros2_ws/src/robot_serial' returned '0': PYTHONPATH=/home/pi/ros2_ws/build/robot_serial/prefix_override:/usr/lib/python3/dist-packages/colcon_core/task/python/colcon_distutils_commands:/home/pi/ros2_ws/install/robot_serial/lib/python3.10/site-packages:${PYTHONPATH} /usr/bin/python3 -W ignore:setup.py install is deprecated setup.py egg_info --egg-base ../../build/robot_serial build --build-base /home/pi/ros2_ws/build/robot_serial/build install --record /home/pi/ros2_ws/build/robot_serial/install.log --single-version-externally-managed install_data
