[7.080s] Invoking command in '/home/pi/ros2_ws/src/robot_serial': PYTHONPATH=/home/pi/ros2_ws/build/robot_serial/prefix_override:/usr/lib/python3/dist-packages/colcon_core/task/python/colcon_distutils_commands:/home/pi/ros2_ws/install/robot_serial/lib/python3.10/site-packages:${PYTHONPATH} /usr/bin/python3 -W ignore:setup.py install is deprecated setup.py egg_info --egg-base ../../build/robot_serial build --build-base /home/pi/ros2_ws/build/robot_serial/build install --record /home/pi/ros2_ws/build/robot_serial/install.log --single-version-externally-managed install_data
[8.902s] running egg_info
[8.905s] writing ../../build/robot_serial/robot_serial.egg-info/PKG-INFO
[8.909s] writing dependency_links to ../../build/robot_serial/robot_serial.egg-info/dependency_links.txt
[8.910s] writing entry points to ../../build/robot_serial/robot_serial.egg-info/entry_points.txt
[8.912s] writing requirements to ../../build/robot_serial/robot_serial.egg-info/requires.txt
[8.913s] writing top-level names to ../../build/robot_serial/robot_serial.egg-info/top_level.txt
[8.924s] reading manifest file '../../build/robot_serial/robot_serial.egg-info/SOURCES.txt'
[8.928s] adding license file 'LICENSE'
[8.931s] writing manifest file '../../build/robot_serial/robot_serial.egg-info/SOURCES.txt'
[8.935s] running build
[8.935s] running build_py
[8.936s] running install
[8.937s] running install_lib
[8.945s] running install_data
[8.947s] running install_egg_info
[8.960s] removing '/home/pi/ros2_ws/install/robot_serial/lib/python3.10/site-packages/robot_serial-0.0.0-py3.10.egg-info' (and everything under it)
[8.962s] Copying ../../build/robot_serial/robot_serial.egg-info to /home/pi/ros2_ws/install/robot_serial/lib/python3.10/site-packages/robot_serial-0.0.0-py3.10.egg-info
[8.972s] running install_scripts
[9.116s] Installing find script to /home/pi/ros2_ws/install/robot_serial/lib/robot_serial
[9.119s] Installing serial script to /home/pi/ros2_ws/install/robot_serial/lib/robot_serial
[9.122s] Installing serial_salida script to /home/pi/ros2_ws/install/robot_serial/lib/robot_serial
[9.125s] writing list of installed files to '/home/pi/ros2_ws/build/robot_serial/install.log'
[9.295s] Invoked command in '/home/pi/ros2_ws/src/robot_serial' returned '0': PYTHONPATH=/home/pi/ros2_ws/build/robot_serial/prefix_override:/usr/lib/python3/dist-packages/colcon_core/task/python/colcon_distutils_commands:/home/pi/ros2_ws/install/robot_serial/lib/python3.10/site-packages:${PYTHONPATH} /usr/bin/python3 -W ignore:setup.py install is deprecated setup.py egg_info --egg-base ../../build/robot_serial build --build-base /home/pi/ros2_ws/build/robot_serial/build install --record /home/pi/ros2_ws/build/robot_serial/install.log --single-version-externally-managed install_data
