[4.429s] Invoking command in '/home/pi/ros2_ws/src/robot_serial': PYTHONPATH=/home/pi/ros2_ws/build/robot_serial/prefix_override:/usr/lib/python3/dist-packages/colcon_core/task/python/colcon_distutils_commands:/home/pi/ros2_ws/install/robot_serial/lib/python3.10/site-packages:${PYTHONPATH} /usr/bin/python3 -W ignore:setup.py install is deprecated setup.py egg_info --egg-base ../../build/robot_serial build --build-base /home/pi/ros2_ws/build/robot_serial/build install --record /home/pi/ros2_ws/build/robot_serial/install.log --single-version-externally-managed install_data
[5.811s] running egg_info
[5.814s] writing ../../build/robot_serial/robot_serial.egg-info/PKG-INFO
[5.815s] writing dependency_links to ../../build/robot_serial/robot_serial.egg-info/dependency_links.txt
[5.817s] writing entry points to ../../build/robot_serial/robot_serial.egg-info/entry_points.txt
[5.818s] writing requirements to ../../build/robot_serial/robot_serial.egg-info/requires.txt
[5.818s] writing top-level names to ../../build/robot_serial/robot_serial.egg-info/top_level.txt
[5.827s] reading manifest file '../../build/robot_serial/robot_serial.egg-info/SOURCES.txt'
[5.829s] adding license file 'LICENSE'
[5.832s] writing manifest file '../../build/robot_serial/robot_serial.egg-info/SOURCES.txt'
[5.833s] running build
[5.834s] running build_py
[5.836s] running install
[5.838s] running install_lib
[5.848s] running install_data
[5.848s] running install_egg_info
[5.856s] removing '/home/pi/ros2_ws/install/robot_serial/lib/python3.10/site-packages/robot_serial-0.0.0-py3.10.egg-info' (and everything under it)
[5.858s] Copying ../../build/robot_serial/robot_serial.egg-info to /home/pi/ros2_ws/install/robot_serial/lib/python3.10/site-packages/robot_serial-0.0.0-py3.10.egg-info
[5.865s] running install_scripts
[5.947s] Installing find script to /home/pi/ros2_ws/install/robot_serial/lib/robot_serial
[5.948s] Installing serial script to /home/pi/ros2_ws/install/robot_serial/lib/robot_serial
[5.949s] Installing serial_salida script to /home/pi/ros2_ws/install/robot_serial/lib/robot_serial
[5.951s] writing list of installed files to '/home/pi/ros2_ws/build/robot_serial/install.log'
[6.076s] Invoked command in '/home/pi/ros2_ws/src/robot_serial' returned '0': PYTHONPATH=/home/pi/ros2_ws/build/robot_serial/prefix_override:/usr/lib/python3/dist-packages/colcon_core/task/python/colcon_distutils_commands:/home/pi/ros2_ws/install/robot_serial/lib/python3.10/site-packages:${PYTHONPATH} /usr/bin/python3 -W ignore:setup.py install is deprecated setup.py egg_info --egg-base ../../build/robot_serial build --build-base /home/pi/ros2_ws/build/robot_serial/build install --record /home/pi/ros2_ws/build/robot_serial/install.log --single-version-externally-managed install_data
