[0.204s] Invoking command in '/home/pi/ros2_ws/build/jsc_mecanum_hardware': CMAKE_PREFIX_PATH=${CMAKE_PREFIX_PATH}:/home/pi/ros2_ws/install/robot_serial:/home/pi/ros2_ws/install/motor_gui_pkg:/opt/ros/humble /usr/bin/cmake --build /home/pi/ros2_ws/build/jsc_mecanum_hardware -- -j4 -l4
[0.803s] [100%] Built target jsc_mecanum_hardware
[0.889s] Invoked command in '/home/pi/ros2_ws/build/jsc_mecanum_hardware' returned '0': CMAKE_PREFIX_PATH=${CMAKE_PREFIX_PATH}:/home/pi/ros2_ws/install/robot_serial:/home/pi/ros2_ws/install/motor_gui_pkg:/opt/ros/humble /usr/bin/cmake --build /home/pi/ros2_ws/build/jsc_mecanum_hardware -- -j4 -l4
[1.213s] Invoking command in '/home/pi/ros2_ws/build/jsc_mecanum_hardware': CMAKE_PREFIX_PATH=${CMAKE_PREFIX_PATH}:/home/pi/ros2_ws/install/robot_serial:/home/pi/ros2_ws/install/motor_gui_pkg:/opt/ros/humble /usr/bin/cmake --install /home/pi/ros2_ws/build/jsc_mecanum_hardware
[1.255s] -- Install configuration: ""
[1.264s] -- Execute custom install script
[1.278s] -- Up-to-date symlink: /home/pi/ros2_ws/install/jsc_mecanum_hardware/share/jsc_mecanum_hardware//jsc_mecanum_hardware.xml
[1.292s] -- Up-to-date symlink: /home/pi/ros2_ws/install/jsc_mecanum_hardware/lib/libjsc_mecanum_hardware.so
[1.298s] -- Up-to-date symlink: /home/pi/ros2_ws/install/jsc_mecanum_hardware/include/include/jsc_mecanum_hardware/jsc_mecanum_hardware.hpp
[1.301s] -- Up-to-date symlink: /home/pi/ros2_ws/install/jsc_mecanum_hardware/include/include/jsc_mecanum_hardware/jsc_mecanum_hardware_compiler.h
[1.309s] -- Up-to-date symlink: /home/pi/ros2_ws/install/jsc_mecanum_hardware/include/include/jsc_mecanum_hardware/jsc_mecanum_serial_port.hpp
[1.316s] -- Up-to-date symlink: /home/pi/ros2_ws/install/jsc_mecanum_hardware/share/jsc_mecanum_hardware/environment/library_path.sh
[1.318s] -- Up-to-date symlink: /home/pi/ros2_ws/install/jsc_mecanum_hardware/share/jsc_mecanum_hardware/environment/library_path.dsv
[1.321s] -- Up-to-date symlink: /home/pi/ros2_ws/install/jsc_mecanum_hardware/share/ament_index/resource_index/package_run_dependencies/jsc_mecanum_hardware
[1.331s] -- Up-to-date symlink: /home/pi/ros2_ws/install/jsc_mecanum_hardware/share/ament_index/resource_index/parent_prefix_path/jsc_mecanum_hardware
[1.332s] -- Up-to-date symlink: /home/pi/ros2_ws/install/jsc_mecanum_hardware/share/jsc_mecanum_hardware/environment/ament_prefix_path.sh
[1.332s] -- Up-to-date symlink: /home/pi/ros2_ws/install/jsc_mecanum_hardware/share/jsc_mecanum_hardware/environment/ament_prefix_path.dsv
[1.333s] -- Up-to-date symlink: /home/pi/ros2_ws/install/jsc_mecanum_hardware/share/jsc_mecanum_hardware/environment/path.sh
[1.334s] -- Up-to-date symlink: /home/pi/ros2_ws/install/jsc_mecanum_hardware/share/jsc_mecanum_hardware/environment/path.dsv
[1.352s] -- Up-to-date symlink: /home/pi/ros2_ws/install/jsc_mecanum_hardware/share/jsc_mecanum_hardware/local_setup.bash
[1.352s] -- Up-to-date symlink: /home/pi/ros2_ws/install/jsc_mecanum_hardware/share/jsc_mecanum_hardware/local_setup.sh
[1.353s] -- Up-to-date symlink: /home/pi/ros2_ws/install/jsc_mecanum_hardware/share/jsc_mecanum_hardware/local_setup.zsh
[1.354s] -- Up-to-date symlink: /home/pi/ros2_ws/install/jsc_mecanum_hardware/share/jsc_mecanum_hardware/local_setup.dsv
[1.354s] -- Symlinking: /home/pi/ros2_ws/install/jsc_mecanum_hardware/share/jsc_mecanum_hardware/package.dsv
[1.390s] -- Up-to-date symlink: /home/pi/ros2_ws/install/jsc_mecanum_hardware/share/ament_index/resource_index/packages/jsc_mecanum_hardware
[1.392s] -- Up-to-date symlink: /home/pi/ros2_ws/install/jsc_mecanum_hardware/share/ament_index/resource_index/hardware_interface__pluginlib__plugin/jsc_mecanum_hardware
[1.394s] -- Up-to-date symlink: /home/pi/ros2_ws/install/jsc_mecanum_hardware/share/jsc_mecanum_hardware/cmake/ament_cmake_export_include_directories-extras.cmake
[1.398s] -- Up-to-date symlink: /home/pi/ros2_ws/install/jsc_mecanum_hardware/share/jsc_mecanum_hardware/cmake/ament_cmake_export_libraries-extras.cmake
[1.400s] -- Up-to-date symlink: /home/pi/ros2_ws/install/jsc_mecanum_hardware/share/jsc_mecanum_hardware/cmake/ament_cmake_export_dependencies-extras.cmake
[1.401s] -- Up-to-date symlink: /home/pi/ros2_ws/install/jsc_mecanum_hardware/share/jsc_mecanum_hardware/cmake/jsc_mecanum_hardwareConfig.cmake
[1.402s] -- Up-to-date symlink: /home/pi/ros2_ws/install/jsc_mecanum_hardware/share/jsc_mecanum_hardware/cmake/jsc_mecanum_hardwareConfig-version.cmake
[1.402s] -- Up-to-date symlink: /home/pi/ros2_ws/install/jsc_mecanum_hardware/share/jsc_mecanum_hardware/package.xml
[1.530s] Invoked command in '/home/pi/ros2_ws/build/jsc_mecanum_hardware' returned '0': CMAKE_PREFIX_PATH=${CMAKE_PREFIX_PATH}:/home/pi/ros2_ws/install/robot_serial:/home/pi/ros2_ws/install/motor_gui_pkg:/opt/ros/humble /usr/bin/cmake --install /home/pi/ros2_ws/build/jsc_mecanum_hardware
