[0.493s] DEBUG:colcon:Command line arguments: ['/usr/bin/colcon', 'build']
[0.493s] DEBUG:colcon:Parsed command line arguments: Namespace(log_base=None, log_level=None, verb_name='build', build_base='build', install_base='install', merge_install=False, symlink_install=False, test_result_base=None, continue_on_error=False, executor='parallel', parallel_workers=4, event_handlers=None, ignore_user_meta=False, metas=['./colcon.meta'], base_paths=['.'], packages_ignore=None, packages_ignore_regex=None, paths=None, packages_up_to=None, packages_up_to_regex=None, packages_above=None, packages_above_and_dependencies=None, packages_above_depth=None, packages_select_by_dep=None, packages_skip_by_dep=None, packages_skip_up_to=None, packages_select_build_failed=False, packages_skip_build_finished=False, packages_select_test_failures=False, packages_skip_test_passed=False, packages_select=None, packages_skip=None, packages_select_regex=None, packages_skip_regex=None, packages_start=None, packages_end=None, allow_overriding=[], cmake_args=None, cmake_target=None, cmake_target_skip_unavailable=False, cmake_clean_cache=False, cmake_clean_first=False, cmake_force_configure=False, ament_cmake_args=None, catkin_cmake_args=None, catkin_skip_building_tests=False, verb_parser=<colcon_defaults.argument_parser.defaults.DefaultArgumentsDecorator object at 0xffff9c22c490>, verb_extension=<colcon_core.verb.build.BuildVerb object at 0xffff9c44bf70>, main=<bound method BuildVerb.main of <colcon_core.verb.build.BuildVerb object at 0xffff9c44bf70>>)
[1.494s] Level 1:colcon.colcon_core.package_discovery:discover_packages(colcon_meta) check parameters
[1.495s] Level 1:colcon.colcon_core.package_discovery:discover_packages(recursive) check parameters
[1.495s] Level 1:colcon.colcon_core.package_discovery:discover_packages(ignore) check parameters
[1.495s] Level 1:colcon.colcon_core.package_discovery:discover_packages(path) check parameters
[1.496s] Level 1:colcon.colcon_core.package_discovery:discover_packages(colcon_meta) discover
[1.496s] Level 1:colcon.colcon_core.package_discovery:discover_packages(recursive) discover
[1.496s] INFO:colcon.colcon_core.package_discovery:Crawling recursively for packages in '/home/pi/ros2_ws'
[1.497s] Level 1:colcon.colcon_core.package_identification:_identify(.) by extensions ['ignore', 'ignore_ament_install']
[1.497s] Level 1:colcon.colcon_core.package_identification:_identify(.) by extension 'ignore'
[1.497s] Level 1:colcon.colcon_core.package_identification:_identify(.) by extension 'ignore_ament_install'
[1.498s] Level 1:colcon.colcon_core.package_identification:_identify(.) by extensions ['colcon_pkg']
[1.498s] Level 1:colcon.colcon_core.package_identification:_identify(.) by extension 'colcon_pkg'
[1.498s] Level 1:colcon.colcon_core.package_identification:_identify(.) by extensions ['colcon_meta']
[1.498s] Level 1:colcon.colcon_core.package_identification:_identify(.) by extension 'colcon_meta'
[1.498s] Level 1:colcon.colcon_core.package_identification:_identify(.) by extensions ['ros']
[1.499s] Level 1:colcon.colcon_core.package_identification:_identify(.) by extension 'ros'
[1.552s] Level 1:colcon.colcon_core.package_identification:_identify(.) by extensions ['cmake', 'python']
[1.552s] Level 1:colcon.colcon_core.package_identification:_identify(.) by extension 'cmake'
[1.552s] Level 1:colcon.colcon_core.package_identification:_identify(.) by extension 'python'
[1.552s] Level 1:colcon.colcon_core.package_identification:_identify(.) by extensions ['python_setup_py']
[1.553s] Level 1:colcon.colcon_core.package_identification:_identify(.) by extension 'python_setup_py'
[1.553s] Level 1:colcon.colcon_core.package_identification:_identify(build) by extensions ['ignore', 'ignore_ament_install']
[1.554s] Level 1:colcon.colcon_core.package_identification:_identify(build) by extension 'ignore'
[1.554s] Level 1:colcon.colcon_core.package_identification:_identify(build) ignored
[1.555s] Level 1:colcon.colcon_core.package_identification:_identify(install) by extensions ['ignore', 'ignore_ament_install']
[1.555s] Level 1:colcon.colcon_core.package_identification:_identify(install) by extension 'ignore'
[1.556s] Level 1:colcon.colcon_core.package_identification:_identify(install) ignored
[1.557s] Level 1:colcon.colcon_core.package_identification:_identify(log) by extensions ['ignore', 'ignore_ament_install']
[1.558s] Level 1:colcon.colcon_core.package_identification:_identify(log) by extension 'ignore'
[1.558s] Level 1:colcon.colcon_core.package_identification:_identify(log) ignored
[1.559s] Level 1:colcon.colcon_core.package_identification:_identify(src) by extensions ['ignore', 'ignore_ament_install']
[1.559s] Level 1:colcon.colcon_core.package_identification:_identify(src) by extension 'ignore'
[1.559s] Level 1:colcon.colcon_core.package_identification:_identify(src) by extension 'ignore_ament_install'
[1.560s] Level 1:colcon.colcon_core.package_identification:_identify(src) by extensions ['colcon_pkg']
[1.560s] Level 1:colcon.colcon_core.package_identification:_identify(src) by extension 'colcon_pkg'
[1.560s] Level 1:colcon.colcon_core.package_identification:_identify(src) by extensions ['colcon_meta']
[1.560s] Level 1:colcon.colcon_core.package_identification:_identify(src) by extension 'colcon_meta'
[1.560s] Level 1:colcon.colcon_core.package_identification:_identify(src) by extensions ['ros']
[1.561s] Level 1:colcon.colcon_core.package_identification:_identify(src) by extension 'ros'
[1.561s] Level 1:colcon.colcon_core.package_identification:_identify(src) by extensions ['cmake', 'python']
[1.561s] Level 1:colcon.colcon_core.package_identification:_identify(src) by extension 'cmake'
[1.561s] Level 1:colcon.colcon_core.package_identification:_identify(src) by extension 'python'
[1.562s] Level 1:colcon.colcon_core.package_identification:_identify(src) by extensions ['python_setup_py']
[1.562s] Level 1:colcon.colcon_core.package_identification:_identify(src) by extension 'python_setup_py'
[1.562s] Level 1:colcon.colcon_core.package_identification:_identify(src/jsc_mecanum_bringup) by extensions ['ignore', 'ignore_ament_install']
[1.563s] Level 1:colcon.colcon_core.package_identification:_identify(src/jsc_mecanum_bringup) by extension 'ignore'
[1.563s] Level 1:colcon.colcon_core.package_identification:_identify(src/jsc_mecanum_bringup) by extension 'ignore_ament_install'
[1.563s] Level 1:colcon.colcon_core.package_identification:_identify(src/jsc_mecanum_bringup) by extensions ['colcon_pkg']
[1.563s] Level 1:colcon.colcon_core.package_identification:_identify(src/jsc_mecanum_bringup) by extension 'colcon_pkg'
[1.564s] Level 1:colcon.colcon_core.package_identification:_identify(src/jsc_mecanum_bringup) by extensions ['colcon_meta']
[1.564s] Level 1:colcon.colcon_core.package_identification:_identify(src/jsc_mecanum_bringup) by extension 'colcon_meta'
[1.564s] Level 1:colcon.colcon_core.package_identification:_identify(src/jsc_mecanum_bringup) by extensions ['ros']
[1.564s] Level 1:colcon.colcon_core.package_identification:_identify(src/jsc_mecanum_bringup) by extension 'ros'
[1.574s] DEBUG:colcon.colcon_core.package_identification:Package 'src/jsc_mecanum_bringup' with type 'ros.ament_cmake' and name 'jsc_mecanum_bringup'
[1.575s] Level 1:colcon.colcon_core.package_identification:_identify(src/jsc_mecanum_control) by extensions ['ignore', 'ignore_ament_install']
[1.575s] Level 1:colcon.colcon_core.package_identification:_identify(src/jsc_mecanum_control) by extension 'ignore'
[1.576s] Level 1:colcon.colcon_core.package_identification:_identify(src/jsc_mecanum_control) by extension 'ignore_ament_install'
[1.576s] Level 1:colcon.colcon_core.package_identification:_identify(src/jsc_mecanum_control) by extensions ['colcon_pkg']
[1.576s] Level 1:colcon.colcon_core.package_identification:_identify(src/jsc_mecanum_control) by extension 'colcon_pkg'
[1.576s] Level 1:colcon.colcon_core.package_identification:_identify(src/jsc_mecanum_control) by extensions ['colcon_meta']
[1.577s] Level 1:colcon.colcon_core.package_identification:_identify(src/jsc_mecanum_control) by extension 'colcon_meta'
[1.577s] Level 1:colcon.colcon_core.package_identification:_identify(src/jsc_mecanum_control) by extensions ['ros']
[1.577s] Level 1:colcon.colcon_core.package_identification:_identify(src/jsc_mecanum_control) by extension 'ros'
[1.579s] DEBUG:colcon.colcon_core.package_identification:Package 'src/jsc_mecanum_control' with type 'ros.ament_cmake' and name 'jsc_mecanum_control'
[1.580s] Level 1:colcon.colcon_core.package_identification:_identify(src/jsc_mecanum_controller) by extensions ['ignore', 'ignore_ament_install']
[1.581s] Level 1:colcon.colcon_core.package_identification:_identify(src/jsc_mecanum_controller) by extension 'ignore'
[1.581s] Level 1:colcon.colcon_core.package_identification:_identify(src/jsc_mecanum_controller) by extension 'ignore_ament_install'
[1.581s] Level 1:colcon.colcon_core.package_identification:_identify(src/jsc_mecanum_controller) by extensions ['colcon_pkg']
[1.581s] Level 1:colcon.colcon_core.package_identification:_identify(src/jsc_mecanum_controller) by extension 'colcon_pkg'
[1.582s] Level 1:colcon.colcon_core.package_identification:_identify(src/jsc_mecanum_controller) by extensions ['colcon_meta']
[1.582s] Level 1:colcon.colcon_core.package_identification:_identify(src/jsc_mecanum_controller) by extension 'colcon_meta'
[1.582s] Level 1:colcon.colcon_core.package_identification:_identify(src/jsc_mecanum_controller) by extensions ['ros']
[1.582s] Level 1:colcon.colcon_core.package_identification:_identify(src/jsc_mecanum_controller) by extension 'ros'
[1.586s] DEBUG:colcon.colcon_core.package_identification:Package 'src/jsc_mecanum_controller' with type 'ros.ament_cmake' and name 'jsc_mecanum_controller'
[1.587s] Level 1:colcon.colcon_core.package_identification:_identify(src/jsc_mecanum_description) by extensions ['ignore', 'ignore_ament_install']
[1.587s] Level 1:colcon.colcon_core.package_identification:_identify(src/jsc_mecanum_description) by extension 'ignore'
[1.588s] Level 1:colcon.colcon_core.package_identification:_identify(src/jsc_mecanum_description) by extension 'ignore_ament_install'
[1.588s] Level 1:colcon.colcon_core.package_identification:_identify(src/jsc_mecanum_description) by extensions ['colcon_pkg']
[1.588s] Level 1:colcon.colcon_core.package_identification:_identify(src/jsc_mecanum_description) by extension 'colcon_pkg'
[1.589s] Level 1:colcon.colcon_core.package_identification:_identify(src/jsc_mecanum_description) by extensions ['colcon_meta']
[1.589s] Level 1:colcon.colcon_core.package_identification:_identify(src/jsc_mecanum_description) by extension 'colcon_meta'
[1.589s] Level 1:colcon.colcon_core.package_identification:_identify(src/jsc_mecanum_description) by extensions ['ros']
[1.589s] Level 1:colcon.colcon_core.package_identification:_identify(src/jsc_mecanum_description) by extension 'ros'
[1.591s] DEBUG:colcon.colcon_core.package_identification:Package 'src/jsc_mecanum_description' with type 'ros.ament_cmake' and name 'jsc_mecanum_description'
[1.592s] Level 1:colcon.colcon_core.package_identification:_identify(src/jsc_mecanum_hardware) by extensions ['ignore', 'ignore_ament_install']
[1.593s] Level 1:colcon.colcon_core.package_identification:_identify(src/jsc_mecanum_hardware) by extension 'ignore'
[1.593s] Level 1:colcon.colcon_core.package_identification:_identify(src/jsc_mecanum_hardware) by extension 'ignore_ament_install'
[1.593s] Level 1:colcon.colcon_core.package_identification:_identify(src/jsc_mecanum_hardware) by extensions ['colcon_pkg']
[1.593s] Level 1:colcon.colcon_core.package_identification:_identify(src/jsc_mecanum_hardware) by extension 'colcon_pkg'
[1.594s] Level 1:colcon.colcon_core.package_identification:_identify(src/jsc_mecanum_hardware) by extensions ['colcon_meta']
[1.594s] Level 1:colcon.colcon_core.package_identification:_identify(src/jsc_mecanum_hardware) by extension 'colcon_meta'
[1.594s] Level 1:colcon.colcon_core.package_identification:_identify(src/jsc_mecanum_hardware) by extensions ['ros']
[1.594s] Level 1:colcon.colcon_core.package_identification:_identify(src/jsc_mecanum_hardware) by extension 'ros'
[1.597s] DEBUG:colcon.colcon_core.package_identification:Package 'src/jsc_mecanum_hardware' with type 'ros.ament_cmake' and name 'jsc_mecanum_hardware'
[1.598s] Level 1:colcon.colcon_core.package_identification:_identify(src/jsc_mecanum_teleop) by extensions ['ignore', 'ignore_ament_install']
[1.598s] Level 1:colcon.colcon_core.package_identification:_identify(src/jsc_mecanum_teleop) by extension 'ignore'
[1.599s] Level 1:colcon.colcon_core.package_identification:_identify(src/jsc_mecanum_teleop) by extension 'ignore_ament_install'
[1.599s] Level 1:colcon.colcon_core.package_identification:_identify(src/jsc_mecanum_teleop) by extensions ['colcon_pkg']
[1.599s] Level 1:colcon.colcon_core.package_identification:_identify(src/jsc_mecanum_teleop) by extension 'colcon_pkg'
[1.599s] Level 1:colcon.colcon_core.package_identification:_identify(src/jsc_mecanum_teleop) by extensions ['colcon_meta']
[1.599s] Level 1:colcon.colcon_core.package_identification:_identify(src/jsc_mecanum_teleop) by extension 'colcon_meta'
[1.600s] Level 1:colcon.colcon_core.package_identification:_identify(src/jsc_mecanum_teleop) by extensions ['ros']
[1.600s] Level 1:colcon.colcon_core.package_identification:_identify(src/jsc_mecanum_teleop) by extension 'ros'
[1.603s] DEBUG:colcon.colcon_core.package_identification:Package 'src/jsc_mecanum_teleop' with type 'ros.ament_cmake' and name 'jsc_mecanum_teleop'
[1.604s] Level 1:colcon.colcon_core.package_identification:_identify(src/motor_gui_pkg) by extensions ['ignore', 'ignore_ament_install']
[1.604s] Level 1:colcon.colcon_core.package_identification:_identify(src/motor_gui_pkg) by extension 'ignore'
[1.604s] Level 1:colcon.colcon_core.package_identification:_identify(src/motor_gui_pkg) by extension 'ignore_ament_install'
[1.605s] Level 1:colcon.colcon_core.package_identification:_identify(src/motor_gui_pkg) by extensions ['colcon_pkg']
[1.605s] Level 1:colcon.colcon_core.package_identification:_identify(src/motor_gui_pkg) by extension 'colcon_pkg'
[1.605s] Level 1:colcon.colcon_core.package_identification:_identify(src/motor_gui_pkg) by extensions ['colcon_meta']
[1.605s] Level 1:colcon.colcon_core.package_identification:_identify(src/motor_gui_pkg) by extension 'colcon_meta'
[1.606s] Level 1:colcon.colcon_core.package_identification:_identify(src/motor_gui_pkg) by extensions ['ros']
[1.606s] Level 1:colcon.colcon_core.package_identification:_identify(src/motor_gui_pkg) by extension 'ros'
[1.609s] DEBUG:colcon.colcon_core.package_identification:Package 'src/motor_gui_pkg' with type 'ros.ament_python' and name 'motor_gui_pkg'
[1.610s] Level 1:colcon.colcon_core.package_identification:_identify(src/robot_serial) by extensions ['ignore', 'ignore_ament_install']
[1.610s] Level 1:colcon.colcon_core.package_identification:_identify(src/robot_serial) by extension 'ignore'
[1.610s] Level 1:colcon.colcon_core.package_identification:_identify(src/robot_serial) by extension 'ignore_ament_install'
[1.611s] Level 1:colcon.colcon_core.package_identification:_identify(src/robot_serial) by extensions ['colcon_pkg']
[1.611s] Level 1:colcon.colcon_core.package_identification:_identify(src/robot_serial) by extension 'colcon_pkg'
[1.611s] Level 1:colcon.colcon_core.package_identification:_identify(src/robot_serial) by extensions ['colcon_meta']
[1.611s] Level 1:colcon.colcon_core.package_identification:_identify(src/robot_serial) by extension 'colcon_meta'
[1.611s] Level 1:colcon.colcon_core.package_identification:_identify(src/robot_serial) by extensions ['ros']
[1.612s] Level 1:colcon.colcon_core.package_identification:_identify(src/robot_serial) by extension 'ros'
[1.614s] DEBUG:colcon.colcon_core.package_identification:Package 'src/robot_serial' with type 'ros.ament_python' and name 'robot_serial'
[1.614s] Level 1:colcon.colcon_core.package_identification:_identify(src/sllidar_ros2) by extensions ['ignore', 'ignore_ament_install']
[1.615s] Level 1:colcon.colcon_core.package_identification:_identify(src/sllidar_ros2) by extension 'ignore'
[1.615s] Level 1:colcon.colcon_core.package_identification:_identify(src/sllidar_ros2) by extension 'ignore_ament_install'
[1.615s] Level 1:colcon.colcon_core.package_identification:_identify(src/sllidar_ros2) by extensions ['colcon_pkg']
[1.616s] Level 1:colcon.colcon_core.package_identification:_identify(src/sllidar_ros2) by extension 'colcon_pkg'
[1.616s] Level 1:colcon.colcon_core.package_identification:_identify(src/sllidar_ros2) by extensions ['colcon_meta']
[1.616s] Level 1:colcon.colcon_core.package_identification:_identify(src/sllidar_ros2) by extension 'colcon_meta'
[1.616s] Level 1:colcon.colcon_core.package_identification:_identify(src/sllidar_ros2) by extensions ['ros']
[1.616s] Level 1:colcon.colcon_core.package_identification:_identify(src/sllidar_ros2) by extension 'ros'
[1.620s] DEBUG:colcon.colcon_core.package_identification:Package 'src/sllidar_ros2' with type 'ros.ament_cmake' and name 'sllidar_ros2'
[1.620s] Level 1:colcon.colcon_core.package_discovery:discover_packages(recursive) using defaults
[1.620s] Level 1:colcon.colcon_core.package_discovery:discover_packages(ignore) discover
[1.620s] Level 1:colcon.colcon_core.package_discovery:discover_packages(ignore) using defaults
[1.620s] Level 1:colcon.colcon_core.package_discovery:discover_packages(path) discover
[1.621s] Level 1:colcon.colcon_core.package_discovery:discover_packages(path) using defaults
[1.753s] Level 1:colcon.colcon_core.package_discovery:discover_packages(prefix_path) check parameters
[1.753s] Level 1:colcon.colcon_core.package_discovery:discover_packages(prefix_path) discover
[1.767s] DEBUG:colcon.colcon_installed_package_information.package_discovery:Found 9 installed packages in /home/pi/ros2_ws/install
[1.779s] DEBUG:colcon.colcon_installed_package_information.package_discovery:Found 312 installed packages in /opt/ros/humble
[1.787s] Level 1:colcon.colcon_core.package_discovery:discover_packages(prefix_path) using defaults
[1.994s] Level 5:colcon.colcon_core.verb:set package 'jsc_mecanum_control' build argument 'cmake_args' from command line to 'None'
[1.994s] Level 5:colcon.colcon_core.verb:set package 'jsc_mecanum_control' build argument 'cmake_target' from command line to 'None'
[1.995s] Level 5:colcon.colcon_core.verb:set package 'jsc_mecanum_control' build argument 'cmake_target_skip_unavailable' from command line to 'False'
[1.995s] Level 5:colcon.colcon_core.verb:set package 'jsc_mecanum_control' build argument 'cmake_clean_cache' from command line to 'False'
[1.995s] Level 5:colcon.colcon_core.verb:set package 'jsc_mecanum_control' build argument 'cmake_clean_first' from command line to 'False'
[1.995s] Level 5:colcon.colcon_core.verb:set package 'jsc_mecanum_control' build argument 'cmake_force_configure' from command line to 'False'
[1.995s] Level 5:colcon.colcon_core.verb:set package 'jsc_mecanum_control' build argument 'ament_cmake_args' from command line to 'None'
[1.995s] Level 5:colcon.colcon_core.verb:set package 'jsc_mecanum_control' build argument 'catkin_cmake_args' from command line to 'None'
[1.995s] Level 5:colcon.colcon_core.verb:set package 'jsc_mecanum_control' build argument 'catkin_skip_building_tests' from command line to 'False'
[1.996s] DEBUG:colcon.colcon_core.verb:Building package 'jsc_mecanum_control' with the following arguments: {'ament_cmake_args': None, 'build_base': '/home/pi/ros2_ws/build/jsc_mecanum_control', 'catkin_cmake_args': None, 'catkin_skip_building_tests': False, 'cmake_args': None, 'cmake_clean_cache': False, 'cmake_clean_first': False, 'cmake_force_configure': False, 'cmake_target': None, 'cmake_target_skip_unavailable': False, 'install_base': '/home/pi/ros2_ws/install/jsc_mecanum_control', 'merge_install': False, 'path': '/home/pi/ros2_ws/src/jsc_mecanum_control', 'symlink_install': False, 'test_result_base': None}
[1.997s] Level 5:colcon.colcon_core.verb:set package 'jsc_mecanum_controller' build argument 'cmake_args' from command line to 'None'
[1.998s] Level 5:colcon.colcon_core.verb:set package 'jsc_mecanum_controller' build argument 'cmake_target' from command line to 'None'
[1.998s] Level 5:colcon.colcon_core.verb:set package 'jsc_mecanum_controller' build argument 'cmake_target_skip_unavailable' from command line to 'False'
[1.998s] Level 5:colcon.colcon_core.verb:set package 'jsc_mecanum_controller' build argument 'cmake_clean_cache' from command line to 'False'
[1.998s] Level 5:colcon.colcon_core.verb:set package 'jsc_mecanum_controller' build argument 'cmake_clean_first' from command line to 'False'
[1.998s] Level 5:colcon.colcon_core.verb:set package 'jsc_mecanum_controller' build argument 'cmake_force_configure' from command line to 'False'
[1.998s] Level 5:colcon.colcon_core.verb:set package 'jsc_mecanum_controller' build argument 'ament_cmake_args' from command line to 'None'
[1.998s] Level 5:colcon.colcon_core.verb:set package 'jsc_mecanum_controller' build argument 'catkin_cmake_args' from command line to 'None'
[1.999s] Level 5:colcon.colcon_core.verb:set package 'jsc_mecanum_controller' build argument 'catkin_skip_building_tests' from command line to 'False'
[1.999s] DEBUG:colcon.colcon_core.verb:Building package 'jsc_mecanum_controller' with the following arguments: {'ament_cmake_args': None, 'build_base': '/home/pi/ros2_ws/build/jsc_mecanum_controller', 'catkin_cmake_args': None, 'catkin_skip_building_tests': False, 'cmake_args': None, 'cmake_clean_cache': False, 'cmake_clean_first': False, 'cmake_force_configure': False, 'cmake_target': None, 'cmake_target_skip_unavailable': False, 'install_base': '/home/pi/ros2_ws/install/jsc_mecanum_controller', 'merge_install': False, 'path': '/home/pi/ros2_ws/src/jsc_mecanum_controller', 'symlink_install': False, 'test_result_base': None}
[2.000s] Level 5:colcon.colcon_core.verb:set package 'jsc_mecanum_description' build argument 'cmake_args' from command line to 'None'
[2.001s] Level 5:colcon.colcon_core.verb:set package 'jsc_mecanum_description' build argument 'cmake_target' from command line to 'None'
[2.001s] Level 5:colcon.colcon_core.verb:set package 'jsc_mecanum_description' build argument 'cmake_target_skip_unavailable' from command line to 'False'
[2.001s] Level 5:colcon.colcon_core.verb:set package 'jsc_mecanum_description' build argument 'cmake_clean_cache' from command line to 'False'
[2.001s] Level 5:colcon.colcon_core.verb:set package 'jsc_mecanum_description' build argument 'cmake_clean_first' from command line to 'False'
[2.001s] Level 5:colcon.colcon_core.verb:set package 'jsc_mecanum_description' build argument 'cmake_force_configure' from command line to 'False'
[2.001s] Level 5:colcon.colcon_core.verb:set package 'jsc_mecanum_description' build argument 'ament_cmake_args' from command line to 'None'
[2.001s] Level 5:colcon.colcon_core.verb:set package 'jsc_mecanum_description' build argument 'catkin_cmake_args' from command line to 'None'
[2.001s] Level 5:colcon.colcon_core.verb:set package 'jsc_mecanum_description' build argument 'catkin_skip_building_tests' from command line to 'False'
[2.002s] DEBUG:colcon.colcon_core.verb:Building package 'jsc_mecanum_description' with the following arguments: {'ament_cmake_args': None, 'build_base': '/home/pi/ros2_ws/build/jsc_mecanum_description', 'catkin_cmake_args': None, 'catkin_skip_building_tests': False, 'cmake_args': None, 'cmake_clean_cache': False, 'cmake_clean_first': False, 'cmake_force_configure': False, 'cmake_target': None, 'cmake_target_skip_unavailable': False, 'install_base': '/home/pi/ros2_ws/install/jsc_mecanum_description', 'merge_install': False, 'path': '/home/pi/ros2_ws/src/jsc_mecanum_description', 'symlink_install': False, 'test_result_base': None}
[2.003s] Level 5:colcon.colcon_core.verb:set package 'jsc_mecanum_hardware' build argument 'cmake_args' from command line to 'None'
[2.004s] Level 5:colcon.colcon_core.verb:set package 'jsc_mecanum_hardware' build argument 'cmake_target' from command line to 'None'
[2.004s] Level 5:colcon.colcon_core.verb:set package 'jsc_mecanum_hardware' build argument 'cmake_target_skip_unavailable' from command line to 'False'
[2.004s] Level 5:colcon.colcon_core.verb:set package 'jsc_mecanum_hardware' build argument 'cmake_clean_cache' from command line to 'False'
[2.004s] Level 5:colcon.colcon_core.verb:set package 'jsc_mecanum_hardware' build argument 'cmake_clean_first' from command line to 'False'
[2.004s] Level 5:colcon.colcon_core.verb:set package 'jsc_mecanum_hardware' build argument 'cmake_force_configure' from command line to 'False'
[2.004s] Level 5:colcon.colcon_core.verb:set package 'jsc_mecanum_hardware' build argument 'ament_cmake_args' from command line to 'None'
[2.005s] Level 5:colcon.colcon_core.verb:set package 'jsc_mecanum_hardware' build argument 'catkin_cmake_args' from command line to 'None'
[2.005s] Level 5:colcon.colcon_core.verb:set package 'jsc_mecanum_hardware' build argument 'catkin_skip_building_tests' from command line to 'False'
[2.005s] DEBUG:colcon.colcon_core.verb:Building package 'jsc_mecanum_hardware' with the following arguments: {'ament_cmake_args': None, 'build_base': '/home/pi/ros2_ws/build/jsc_mecanum_hardware', 'catkin_cmake_args': None, 'catkin_skip_building_tests': False, 'cmake_args': None, 'cmake_clean_cache': False, 'cmake_clean_first': False, 'cmake_force_configure': False, 'cmake_target': None, 'cmake_target_skip_unavailable': False, 'install_base': '/home/pi/ros2_ws/install/jsc_mecanum_hardware', 'merge_install': False, 'path': '/home/pi/ros2_ws/src/jsc_mecanum_hardware', 'symlink_install': False, 'test_result_base': None}
[2.007s] Level 5:colcon.colcon_core.verb:set package 'jsc_mecanum_teleop' build argument 'cmake_args' from command line to 'None'
[2.007s] Level 5:colcon.colcon_core.verb:set package 'jsc_mecanum_teleop' build argument 'cmake_target' from command line to 'None'
[2.007s] Level 5:colcon.colcon_core.verb:set package 'jsc_mecanum_teleop' build argument 'cmake_target_skip_unavailable' from command line to 'False'
[2.007s] Level 5:colcon.colcon_core.verb:set package 'jsc_mecanum_teleop' build argument 'cmake_clean_cache' from command line to 'False'
[2.007s] Level 5:colcon.colcon_core.verb:set package 'jsc_mecanum_teleop' build argument 'cmake_clean_first' from command line to 'False'
[2.007s] Level 5:colcon.colcon_core.verb:set package 'jsc_mecanum_teleop' build argument 'cmake_force_configure' from command line to 'False'
[2.007s] Level 5:colcon.colcon_core.verb:set package 'jsc_mecanum_teleop' build argument 'ament_cmake_args' from command line to 'None'
[2.007s] Level 5:colcon.colcon_core.verb:set package 'jsc_mecanum_teleop' build argument 'catkin_cmake_args' from command line to 'None'
[2.008s] Level 5:colcon.colcon_core.verb:set package 'jsc_mecanum_teleop' build argument 'catkin_skip_building_tests' from command line to 'False'
[2.008s] DEBUG:colcon.colcon_core.verb:Building package 'jsc_mecanum_teleop' with the following arguments: {'ament_cmake_args': None, 'build_base': '/home/pi/ros2_ws/build/jsc_mecanum_teleop', 'catkin_cmake_args': None, 'catkin_skip_building_tests': False, 'cmake_args': None, 'cmake_clean_cache': False, 'cmake_clean_first': False, 'cmake_force_configure': False, 'cmake_target': None, 'cmake_target_skip_unavailable': False, 'install_base': '/home/pi/ros2_ws/install/jsc_mecanum_teleop', 'merge_install': False, 'path': '/home/pi/ros2_ws/src/jsc_mecanum_teleop', 'symlink_install': False, 'test_result_base': None}
[2.009s] Level 5:colcon.colcon_core.verb:set package 'motor_gui_pkg' build argument 'cmake_args' from command line to 'None'
[2.010s] Level 5:colcon.colcon_core.verb:set package 'motor_gui_pkg' build argument 'cmake_target' from command line to 'None'
[2.010s] Level 5:colcon.colcon_core.verb:set package 'motor_gui_pkg' build argument 'cmake_target_skip_unavailable' from command line to 'False'
[2.010s] Level 5:colcon.colcon_core.verb:set package 'motor_gui_pkg' build argument 'cmake_clean_cache' from command line to 'False'
[2.010s] Level 5:colcon.colcon_core.verb:set package 'motor_gui_pkg' build argument 'cmake_clean_first' from command line to 'False'
[2.010s] Level 5:colcon.colcon_core.verb:set package 'motor_gui_pkg' build argument 'cmake_force_configure' from command line to 'False'
[2.010s] Level 5:colcon.colcon_core.verb:set package 'motor_gui_pkg' build argument 'ament_cmake_args' from command line to 'None'
[2.010s] Level 5:colcon.colcon_core.verb:set package 'motor_gui_pkg' build argument 'catkin_cmake_args' from command line to 'None'
[2.011s] Level 5:colcon.colcon_core.verb:set package 'motor_gui_pkg' build argument 'catkin_skip_building_tests' from command line to 'False'
[2.011s] DEBUG:colcon.colcon_core.verb:Building package 'motor_gui_pkg' with the following arguments: {'ament_cmake_args': None, 'build_base': '/home/pi/ros2_ws/build/motor_gui_pkg', 'catkin_cmake_args': None, 'catkin_skip_building_tests': False, 'cmake_args': None, 'cmake_clean_cache': False, 'cmake_clean_first': False, 'cmake_force_configure': False, 'cmake_target': None, 'cmake_target_skip_unavailable': False, 'install_base': '/home/pi/ros2_ws/install/motor_gui_pkg', 'merge_install': False, 'path': '/home/pi/ros2_ws/src/motor_gui_pkg', 'symlink_install': False, 'test_result_base': None}
[2.013s] Level 5:colcon.colcon_core.verb:set package 'robot_serial' build argument 'cmake_args' from command line to 'None'
[2.013s] Level 5:colcon.colcon_core.verb:set package 'robot_serial' build argument 'cmake_target' from command line to 'None'
[2.013s] Level 5:colcon.colcon_core.verb:set package 'robot_serial' build argument 'cmake_target_skip_unavailable' from command line to 'False'
[2.013s] Level 5:colcon.colcon_core.verb:set package 'robot_serial' build argument 'cmake_clean_cache' from command line to 'False'
[2.013s] Level 5:colcon.colcon_core.verb:set package 'robot_serial' build argument 'cmake_clean_first' from command line to 'False'
[2.013s] Level 5:colcon.colcon_core.verb:set package 'robot_serial' build argument 'cmake_force_configure' from command line to 'False'
[2.013s] Level 5:colcon.colcon_core.verb:set package 'robot_serial' build argument 'ament_cmake_args' from command line to 'None'
[2.013s] Level 5:colcon.colcon_core.verb:set package 'robot_serial' build argument 'catkin_cmake_args' from command line to 'None'
[2.014s] Level 5:colcon.colcon_core.verb:set package 'robot_serial' build argument 'catkin_skip_building_tests' from command line to 'False'
[2.014s] DEBUG:colcon.colcon_core.verb:Building package 'robot_serial' with the following arguments: {'ament_cmake_args': None, 'build_base': '/home/pi/ros2_ws/build/robot_serial', 'catkin_cmake_args': None, 'catkin_skip_building_tests': False, 'cmake_args': None, 'cmake_clean_cache': False, 'cmake_clean_first': False, 'cmake_force_configure': False, 'cmake_target': None, 'cmake_target_skip_unavailable': False, 'install_base': '/home/pi/ros2_ws/install/robot_serial', 'merge_install': False, 'path': '/home/pi/ros2_ws/src/robot_serial', 'symlink_install': False, 'test_result_base': None}
[2.015s] Level 5:colcon.colcon_core.verb:set package 'sllidar_ros2' build argument 'cmake_args' from command line to 'None'
[2.016s] Level 5:colcon.colcon_core.verb:set package 'sllidar_ros2' build argument 'cmake_target' from command line to 'None'
[2.016s] Level 5:colcon.colcon_core.verb:set package 'sllidar_ros2' build argument 'cmake_target_skip_unavailable' from command line to 'False'
[2.016s] Level 5:colcon.colcon_core.verb:set package 'sllidar_ros2' build argument 'cmake_clean_cache' from command line to 'False'
[2.016s] Level 5:colcon.colcon_core.verb:set package 'sllidar_ros2' build argument 'cmake_clean_first' from command line to 'False'
[2.016s] Level 5:colcon.colcon_core.verb:set package 'sllidar_ros2' build argument 'cmake_force_configure' from command line to 'False'
[2.016s] Level 5:colcon.colcon_core.verb:set package 'sllidar_ros2' build argument 'ament_cmake_args' from command line to 'None'
[2.016s] Level 5:colcon.colcon_core.verb:set package 'sllidar_ros2' build argument 'catkin_cmake_args' from command line to 'None'
[2.017s] Level 5:colcon.colcon_core.verb:set package 'sllidar_ros2' build argument 'catkin_skip_building_tests' from command line to 'False'
[2.017s] DEBUG:colcon.colcon_core.verb:Building package 'sllidar_ros2' with the following arguments: {'ament_cmake_args': None, 'build_base': '/home/pi/ros2_ws/build/sllidar_ros2', 'catkin_cmake_args': None, 'catkin_skip_building_tests': False, 'cmake_args': None, 'cmake_clean_cache': False, 'cmake_clean_first': False, 'cmake_force_configure': False, 'cmake_target': None, 'cmake_target_skip_unavailable': False, 'install_base': '/home/pi/ros2_ws/install/sllidar_ros2', 'merge_install': False, 'path': '/home/pi/ros2_ws/src/sllidar_ros2', 'symlink_install': False, 'test_result_base': None}
[2.018s] Level 5:colcon.colcon_core.verb:set package 'jsc_mecanum_bringup' build argument 'cmake_args' from command line to 'None'
[2.019s] Level 5:colcon.colcon_core.verb:set package 'jsc_mecanum_bringup' build argument 'cmake_target' from command line to 'None'
[2.019s] Level 5:colcon.colcon_core.verb:set package 'jsc_mecanum_bringup' build argument 'cmake_target_skip_unavailable' from command line to 'False'
[2.019s] Level 5:colcon.colcon_core.verb:set package 'jsc_mecanum_bringup' build argument 'cmake_clean_cache' from command line to 'False'
[2.019s] Level 5:colcon.colcon_core.verb:set package 'jsc_mecanum_bringup' build argument 'cmake_clean_first' from command line to 'False'
[2.019s] Level 5:colcon.colcon_core.verb:set package 'jsc_mecanum_bringup' build argument 'cmake_force_configure' from command line to 'False'
[2.019s] Level 5:colcon.colcon_core.verb:set package 'jsc_mecanum_bringup' build argument 'ament_cmake_args' from command line to 'None'
[2.019s] Level 5:colcon.colcon_core.verb:set package 'jsc_mecanum_bringup' build argument 'catkin_cmake_args' from command line to 'None'
[2.020s] Level 5:colcon.colcon_core.verb:set package 'jsc_mecanum_bringup' build argument 'catkin_skip_building_tests' from command line to 'False'
[2.020s] DEBUG:colcon.colcon_core.verb:Building package 'jsc_mecanum_bringup' with the following arguments: {'ament_cmake_args': None, 'build_base': '/home/pi/ros2_ws/build/jsc_mecanum_bringup', 'catkin_cmake_args': None, 'catkin_skip_building_tests': False, 'cmake_args': None, 'cmake_clean_cache': False, 'cmake_clean_first': False, 'cmake_force_configure': False, 'cmake_target': None, 'cmake_target_skip_unavailable': False, 'install_base': '/home/pi/ros2_ws/install/jsc_mecanum_bringup', 'merge_install': False, 'path': '/home/pi/ros2_ws/src/jsc_mecanum_bringup', 'symlink_install': False, 'test_result_base': None}
[2.020s] INFO:colcon.colcon_core.executor:Executing jobs using 'parallel' executor
[2.024s] DEBUG:colcon.colcon_parallel_executor.executor.parallel:run_until_complete
[2.025s] INFO:colcon.colcon_ros.task.ament_cmake.build:Building ROS package in '/home/pi/ros2_ws/src/jsc_mecanum_description' with build type 'ament_cmake'
[2.026s] INFO:colcon.colcon_cmake.task.cmake.build:Building CMake package in '/home/pi/ros2_ws/src/jsc_mecanum_description'
[2.038s] INFO:colcon.colcon_core.plugin_system:Skipping extension 'colcon_core.shell.bat': Not used on non-Windows systems
[2.039s] INFO:colcon.colcon_core.shell:Skip shell extension 'powershell' for command environment: Not usable outside of PowerShell
[2.039s] DEBUG:colcon.colcon_core.shell:Skip shell extension 'dsv' for command environment
[2.066s] INFO:colcon.colcon_ros.task.ament_cmake.build:Building ROS package in '/home/pi/ros2_ws/src/jsc_mecanum_control' with build type 'ament_cmake'
[2.067s] INFO:colcon.colcon_cmake.task.cmake.build:Building CMake package in '/home/pi/ros2_ws/src/jsc_mecanum_control'
[2.068s] INFO:colcon.colcon_core.shell:Skip shell extension 'powershell' for command environment: Not usable outside of PowerShell
[2.069s] DEBUG:colcon.colcon_core.shell:Skip shell extension 'dsv' for command environment
[2.095s] INFO:colcon.colcon_ros.task.ament_cmake.build:Building ROS package in '/home/pi/ros2_ws/src/jsc_mecanum_controller' with build type 'ament_cmake'
[2.096s] INFO:colcon.colcon_cmake.task.cmake.build:Building CMake package in '/home/pi/ros2_ws/src/jsc_mecanum_controller'
[2.097s] INFO:colcon.colcon_core.shell:Skip shell extension 'powershell' for command environment: Not usable outside of PowerShell
[2.098s] DEBUG:colcon.colcon_core.shell:Skip shell extension 'dsv' for command environment
[2.125s] INFO:colcon.colcon_ros.task.ament_cmake.build:Building ROS package in '/home/pi/ros2_ws/src/jsc_mecanum_hardware' with build type 'ament_cmake'
[2.125s] INFO:colcon.colcon_cmake.task.cmake.build:Building CMake package in '/home/pi/ros2_ws/src/jsc_mecanum_hardware'
[2.127s] INFO:colcon.colcon_core.shell:Skip shell extension 'powershell' for command environment: Not usable outside of PowerShell
[2.127s] DEBUG:colcon.colcon_core.shell:Skip shell extension 'dsv' for command environment
[2.172s] DEBUG:colcon.colcon_core.event_handler.log_command:Invoking command in '/home/pi/ros2_ws/build/jsc_mecanum_description': CMAKE_PREFIX_PATH=${CMAKE_PREFIX_PATH}:/home/pi/ros2_ws/install/robot_serial:/home/pi/ros2_ws/install/motor_gui_pkg:/opt/ros/humble /usr/bin/cmake --build /home/pi/ros2_ws/build/jsc_mecanum_description -- -j4 -l4
[2.199s] DEBUG:colcon.colcon_core.event_handler.log_command:Invoking command in '/home/pi/ros2_ws/build/jsc_mecanum_control': CMAKE_PREFIX_PATH=${CMAKE_PREFIX_PATH}:/home/pi/ros2_ws/install/robot_serial:/home/pi/ros2_ws/install/motor_gui_pkg:/opt/ros/humble /usr/bin/cmake --build /home/pi/ros2_ws/build/jsc_mecanum_control -- -j4 -l4
[2.216s] DEBUG:colcon.colcon_core.event_handler.log_command:Invoking command in '/home/pi/ros2_ws/build/jsc_mecanum_controller': CMAKE_PREFIX_PATH=${CMAKE_PREFIX_PATH}:/home/pi/ros2_ws/install/robot_serial:/home/pi/ros2_ws/install/motor_gui_pkg:/opt/ros/humble /usr/bin/cmake --build /home/pi/ros2_ws/build/jsc_mecanum_controller -- -j4 -l4
[2.269s] DEBUG:colcon.colcon_core.event_handler.log_command:Invoking command in '/home/pi/ros2_ws/build/jsc_mecanum_hardware': CMAKE_PREFIX_PATH=${CMAKE_PREFIX_PATH}:/home/pi/ros2_ws/install/robot_serial:/home/pi/ros2_ws/install/motor_gui_pkg:/opt/ros/humble /usr/bin/cmake --build /home/pi/ros2_ws/build/jsc_mecanum_hardware -- -j4 -l4
[2.379s] DEBUG:colcon.colcon_core.event_handler.log_command:Invoked command in '/home/pi/ros2_ws/build/jsc_mecanum_description' returned '0': CMAKE_PREFIX_PATH=${CMAKE_PREFIX_PATH}:/home/pi/ros2_ws/install/robot_serial:/home/pi/ros2_ws/install/motor_gui_pkg:/opt/ros/humble /usr/bin/cmake --build /home/pi/ros2_ws/build/jsc_mecanum_description -- -j4 -l4
[2.666s] DEBUG:colcon.colcon_core.event_handler.log_command:Invoking command in '/home/pi/ros2_ws/build/jsc_mecanum_description': CMAKE_PREFIX_PATH=${CMAKE_PREFIX_PATH}:/home/pi/ros2_ws/install/robot_serial:/home/pi/ros2_ws/install/motor_gui_pkg:/opt/ros/humble /usr/bin/cmake --install /home/pi/ros2_ws/build/jsc_mecanum_description
[2.694s] DEBUG:colcon.colcon_core.event_handler.log_command:Invoked command in '/home/pi/ros2_ws/build/jsc_mecanum_control' returned '0': CMAKE_PREFIX_PATH=${CMAKE_PREFIX_PATH}:/home/pi/ros2_ws/install/robot_serial:/home/pi/ros2_ws/install/motor_gui_pkg:/opt/ros/humble /usr/bin/cmake --build /home/pi/ros2_ws/build/jsc_mecanum_control -- -j4 -l4
[2.770s] DEBUG:colcon.colcon_core.event_handler.log_command:Invoked command in '/home/pi/ros2_ws/build/jsc_mecanum_hardware' returned '0': CMAKE_PREFIX_PATH=${CMAKE_PREFIX_PATH}:/home/pi/ros2_ws/install/robot_serial:/home/pi/ros2_ws/install/motor_gui_pkg:/opt/ros/humble /usr/bin/cmake --build /home/pi/ros2_ws/build/jsc_mecanum_hardware -- -j4 -l4
[2.819s] Level 1:colcon.colcon_core.environment:create_environment_scripts_only(jsc_mecanum_description)
[2.825s] DEBUG:colcon.colcon_core.event_handler.log_command:Invoked command in '/home/pi/ros2_ws/build/jsc_mecanum_description' returned '0': CMAKE_PREFIX_PATH=${CMAKE_PREFIX_PATH}:/home/pi/ros2_ws/install/robot_serial:/home/pi/ros2_ws/install/motor_gui_pkg:/opt/ros/humble /usr/bin/cmake --install /home/pi/ros2_ws/build/jsc_mecanum_description
[2.838s] Level 1:colcon.colcon_core.environment:checking '/home/pi/ros2_ws/install/jsc_mecanum_description' for CMake module files
[2.843s] Level 1:colcon.colcon_core.environment:checking '/home/pi/ros2_ws/install/jsc_mecanum_description' for CMake config files
[2.850s] Level 1:colcon.colcon_core.shell:create_environment_hook('jsc_mecanum_description', 'cmake_prefix_path')
[2.852s] INFO:colcon.colcon_core.shell:Creating environment hook '/home/pi/ros2_ws/install/jsc_mecanum_description/share/jsc_mecanum_description/hook/cmake_prefix_path.ps1'
[2.858s] INFO:colcon.colcon_core.shell:Creating environment descriptor '/home/pi/ros2_ws/install/jsc_mecanum_description/share/jsc_mecanum_description/hook/cmake_prefix_path.dsv'
[2.863s] INFO:colcon.colcon_core.shell:Creating environment hook '/home/pi/ros2_ws/install/jsc_mecanum_description/share/jsc_mecanum_description/hook/cmake_prefix_path.sh'
[2.869s] Level 1:colcon.colcon_core.environment:checking '/home/pi/ros2_ws/install/jsc_mecanum_description/bin'
[2.869s] Level 1:colcon.colcon_core.environment:checking '/home/pi/ros2_ws/install/jsc_mecanum_description/lib/pkgconfig/jsc_mecanum_description.pc'
[2.870s] Level 1:colcon.colcon_core.environment:checking '/home/pi/ros2_ws/install/jsc_mecanum_description/lib/python3.10/site-packages'
[2.872s] Level 1:colcon.colcon_core.environment:checking '/home/pi/ros2_ws/install/jsc_mecanum_description/bin'
[2.874s] INFO:colcon.colcon_core.shell:Creating package script '/home/pi/ros2_ws/install/jsc_mecanum_description/share/jsc_mecanum_description/package.ps1'
[2.881s] INFO:colcon.colcon_core.shell:Creating package descriptor '/home/pi/ros2_ws/install/jsc_mecanum_description/share/jsc_mecanum_description/package.dsv'
[2.886s] INFO:colcon.colcon_core.shell:Creating package script '/home/pi/ros2_ws/install/jsc_mecanum_description/share/jsc_mecanum_description/package.sh'
[2.893s] INFO:colcon.colcon_core.shell:Creating package script '/home/pi/ros2_ws/install/jsc_mecanum_description/share/jsc_mecanum_description/package.bash'
[2.898s] INFO:colcon.colcon_core.shell:Creating package script '/home/pi/ros2_ws/install/jsc_mecanum_description/share/jsc_mecanum_description/package.zsh'
[2.903s] Level 1:colcon.colcon_core.environment:create_file_with_runtime_dependencies(/home/pi/ros2_ws/install/jsc_mecanum_description/share/colcon-core/packages/jsc_mecanum_description)
[2.938s] DEBUG:colcon.colcon_core.event_handler.log_command:Invoking command in '/home/pi/ros2_ws/build/jsc_mecanum_control': CMAKE_PREFIX_PATH=${CMAKE_PREFIX_PATH}:/home/pi/ros2_ws/install/robot_serial:/home/pi/ros2_ws/install/motor_gui_pkg:/opt/ros/humble /usr/bin/cmake --install /home/pi/ros2_ws/build/jsc_mecanum_control
[3.014s] DEBUG:colcon.colcon_core.event_handler.log_command:Invoking command in '/home/pi/ros2_ws/build/jsc_mecanum_hardware': CMAKE_PREFIX_PATH=${CMAKE_PREFIX_PATH}:/home/pi/ros2_ws/install/robot_serial:/home/pi/ros2_ws/install/motor_gui_pkg:/opt/ros/humble /usr/bin/cmake --install /home/pi/ros2_ws/build/jsc_mecanum_hardware
[3.044s] Level 1:colcon.colcon_core.environment:create_environment_scripts_only(jsc_mecanum_control)
[3.046s] Level 1:colcon.colcon_core.environment:checking '/home/pi/ros2_ws/install/jsc_mecanum_control' for CMake module files
[3.049s] DEBUG:colcon.colcon_core.event_handler.log_command:Invoked command in '/home/pi/ros2_ws/build/jsc_mecanum_control' returned '0': CMAKE_PREFIX_PATH=${CMAKE_PREFIX_PATH}:/home/pi/ros2_ws/install/robot_serial:/home/pi/ros2_ws/install/motor_gui_pkg:/opt/ros/humble /usr/bin/cmake --install /home/pi/ros2_ws/build/jsc_mecanum_control
[3.054s] Level 1:colcon.colcon_core.environment:checking '/home/pi/ros2_ws/install/jsc_mecanum_control' for CMake config files
[3.056s] Level 1:colcon.colcon_core.shell:create_environment_hook('jsc_mecanum_control', 'cmake_prefix_path')
[3.058s] INFO:colcon.colcon_core.shell:Creating environment hook '/home/pi/ros2_ws/install/jsc_mecanum_control/share/jsc_mecanum_control/hook/cmake_prefix_path.ps1'
[3.065s] INFO:colcon.colcon_core.shell:Creating environment descriptor '/home/pi/ros2_ws/install/jsc_mecanum_control/share/jsc_mecanum_control/hook/cmake_prefix_path.dsv'
[3.070s] INFO:colcon.colcon_core.shell:Creating environment hook '/home/pi/ros2_ws/install/jsc_mecanum_control/share/jsc_mecanum_control/hook/cmake_prefix_path.sh'
[3.076s] Level 1:colcon.colcon_core.environment:checking '/home/pi/ros2_ws/install/jsc_mecanum_control/lib'
[3.077s] Level 1:colcon.colcon_core.environment:checking '/home/pi/ros2_ws/install/jsc_mecanum_control/bin'
[3.078s] Level 1:colcon.colcon_core.environment:checking '/home/pi/ros2_ws/install/jsc_mecanum_control/lib/pkgconfig/jsc_mecanum_control.pc'
[3.079s] Level 1:colcon.colcon_core.environment:checking '/home/pi/ros2_ws/install/jsc_mecanum_control/lib/python3.10/site-packages'
[3.080s] Level 1:colcon.colcon_core.environment:checking '/home/pi/ros2_ws/install/jsc_mecanum_control/bin'
[3.082s] INFO:colcon.colcon_core.shell:Creating package script '/home/pi/ros2_ws/install/jsc_mecanum_control/share/jsc_mecanum_control/package.ps1'
[3.087s] INFO:colcon.colcon_core.shell:Creating package descriptor '/home/pi/ros2_ws/install/jsc_mecanum_control/share/jsc_mecanum_control/package.dsv'
[3.090s] INFO:colcon.colcon_core.shell:Creating package script '/home/pi/ros2_ws/install/jsc_mecanum_control/share/jsc_mecanum_control/package.sh'
[3.093s] INFO:colcon.colcon_core.shell:Creating package script '/home/pi/ros2_ws/install/jsc_mecanum_control/share/jsc_mecanum_control/package.bash'
[3.095s] INFO:colcon.colcon_core.shell:Creating package script '/home/pi/ros2_ws/install/jsc_mecanum_control/share/jsc_mecanum_control/package.zsh'
[3.099s] Level 1:colcon.colcon_core.environment:create_file_with_runtime_dependencies(/home/pi/ros2_ws/install/jsc_mecanum_control/share/colcon-core/packages/jsc_mecanum_control)
[3.132s] Level 1:colcon.colcon_core.environment:create_environment_scripts_only(jsc_mecanum_description)
[3.136s] Level 1:colcon.colcon_core.environment:checking '/home/pi/ros2_ws/install/jsc_mecanum_description' for CMake module files
[3.149s] Level 1:colcon.colcon_core.environment:checking '/home/pi/ros2_ws/install/jsc_mecanum_description' for CMake config files
[3.158s] Level 1:colcon.colcon_core.shell:create_environment_hook('jsc_mecanum_description', 'cmake_prefix_path')
[3.159s] INFO:colcon.colcon_core.shell:Creating environment hook '/home/pi/ros2_ws/install/jsc_mecanum_description/share/jsc_mecanum_description/hook/cmake_prefix_path.ps1'
[3.170s] INFO:colcon.colcon_core.shell:Creating environment descriptor '/home/pi/ros2_ws/install/jsc_mecanum_description/share/jsc_mecanum_description/hook/cmake_prefix_path.dsv'
[3.174s] INFO:colcon.colcon_core.shell:Creating environment hook '/home/pi/ros2_ws/install/jsc_mecanum_description/share/jsc_mecanum_description/hook/cmake_prefix_path.sh'
[3.178s] Level 1:colcon.colcon_core.environment:checking '/home/pi/ros2_ws/install/jsc_mecanum_description/bin'
[3.179s] Level 1:colcon.colcon_core.environment:checking '/home/pi/ros2_ws/install/jsc_mecanum_description/lib/pkgconfig/jsc_mecanum_description.pc'
[3.180s] Level 1:colcon.colcon_core.environment:checking '/home/pi/ros2_ws/install/jsc_mecanum_description/lib/python3.10/site-packages'
[3.182s] Level 1:colcon.colcon_core.environment:checking '/home/pi/ros2_ws/install/jsc_mecanum_description/bin'
[3.183s] INFO:colcon.colcon_core.shell:Creating package script '/home/pi/ros2_ws/install/jsc_mecanum_description/share/jsc_mecanum_description/package.ps1'
[3.187s] INFO:colcon.colcon_core.shell:Creating package descriptor '/home/pi/ros2_ws/install/jsc_mecanum_description/share/jsc_mecanum_description/package.dsv'
[3.189s] INFO:colcon.colcon_core.shell:Creating package script '/home/pi/ros2_ws/install/jsc_mecanum_description/share/jsc_mecanum_description/package.sh'
[3.192s] INFO:colcon.colcon_core.shell:Creating package script '/home/pi/ros2_ws/install/jsc_mecanum_description/share/jsc_mecanum_description/package.bash'
[3.195s] INFO:colcon.colcon_core.shell:Creating package script '/home/pi/ros2_ws/install/jsc_mecanum_description/share/jsc_mecanum_description/package.zsh'
[3.198s] Level 1:colcon.colcon_core.environment:create_file_with_runtime_dependencies(/home/pi/ros2_ws/install/jsc_mecanum_description/share/colcon-core/packages/jsc_mecanum_description)
[3.201s] INFO:colcon.colcon_ros.task.ament_cmake.build:Building ROS package in '/home/pi/ros2_ws/src/jsc_mecanum_teleop' with build type 'ament_cmake'
[3.201s] INFO:colcon.colcon_cmake.task.cmake.build:Building CMake package in '/home/pi/ros2_ws/src/jsc_mecanum_teleop'
[3.203s] INFO:colcon.colcon_core.shell:Skip shell extension 'powershell' for command environment: Not usable outside of PowerShell
[3.203s] DEBUG:colcon.colcon_core.shell:Skip shell extension 'dsv' for command environment
[3.234s] Level 1:colcon.colcon_core.environment:create_environment_scripts_only(jsc_mecanum_hardware)
[3.235s] Level 1:colcon.colcon_core.environment:checking '/home/pi/ros2_ws/install/jsc_mecanum_hardware' for CMake module files
[3.240s] Level 1:colcon.colcon_core.environment:checking '/home/pi/ros2_ws/install/jsc_mecanum_hardware' for CMake config files
[3.241s] DEBUG:colcon.colcon_core.event_handler.log_command:Invoked command in '/home/pi/ros2_ws/build/jsc_mecanum_hardware' returned '0': CMAKE_PREFIX_PATH=${CMAKE_PREFIX_PATH}:/home/pi/ros2_ws/install/robot_serial:/home/pi/ros2_ws/install/motor_gui_pkg:/opt/ros/humble /usr/bin/cmake --install /home/pi/ros2_ws/build/jsc_mecanum_hardware
[3.245s] Level 1:colcon.colcon_core.shell:create_environment_hook('jsc_mecanum_hardware', 'cmake_prefix_path')
[3.246s] INFO:colcon.colcon_core.shell:Creating environment hook '/home/pi/ros2_ws/install/jsc_mecanum_hardware/share/jsc_mecanum_hardware/hook/cmake_prefix_path.ps1'
[3.249s] INFO:colcon.colcon_core.shell:Creating environment descriptor '/home/pi/ros2_ws/install/jsc_mecanum_hardware/share/jsc_mecanum_hardware/hook/cmake_prefix_path.dsv'
[3.251s] INFO:colcon.colcon_core.shell:Creating environment hook '/home/pi/ros2_ws/install/jsc_mecanum_hardware/share/jsc_mecanum_hardware/hook/cmake_prefix_path.sh'
[3.256s] Level 1:colcon.colcon_core.environment:checking '/home/pi/ros2_ws/install/jsc_mecanum_hardware/lib'
[3.257s] Level 1:colcon.colcon_core.shell:create_environment_hook('jsc_mecanum_hardware', 'ld_library_path_lib')
[3.258s] INFO:colcon.colcon_core.shell:Creating environment hook '/home/pi/ros2_ws/install/jsc_mecanum_hardware/share/jsc_mecanum_hardware/hook/ld_library_path_lib.ps1'
[3.261s] INFO:colcon.colcon_core.shell:Creating environment descriptor '/home/pi/ros2_ws/install/jsc_mecanum_hardware/share/jsc_mecanum_hardware/hook/ld_library_path_lib.dsv'
[3.264s] INFO:colcon.colcon_core.shell:Creating environment hook '/home/pi/ros2_ws/install/jsc_mecanum_hardware/share/jsc_mecanum_hardware/hook/ld_library_path_lib.sh'
[3.267s] Level 1:colcon.colcon_core.environment:checking '/home/pi/ros2_ws/install/jsc_mecanum_hardware/bin'
[3.267s] Level 1:colcon.colcon_core.environment:checking '/home/pi/ros2_ws/install/jsc_mecanum_hardware/lib/pkgconfig/jsc_mecanum_hardware.pc'
[3.269s] Level 1:colcon.colcon_core.environment:checking '/home/pi/ros2_ws/install/jsc_mecanum_hardware/lib/python3.10/site-packages'
[3.270s] Level 1:colcon.colcon_core.environment:checking '/home/pi/ros2_ws/install/jsc_mecanum_hardware/bin'
[3.272s] INFO:colcon.colcon_core.shell:Creating package script '/home/pi/ros2_ws/install/jsc_mecanum_hardware/share/jsc_mecanum_hardware/package.ps1'
[3.275s] INFO:colcon.colcon_core.shell:Creating package descriptor '/home/pi/ros2_ws/install/jsc_mecanum_hardware/share/jsc_mecanum_hardware/package.dsv'
[3.278s] INFO:colcon.colcon_core.shell:Creating package script '/home/pi/ros2_ws/install/jsc_mecanum_hardware/share/jsc_mecanum_hardware/package.sh'
[3.281s] INFO:colcon.colcon_core.shell:Creating package script '/home/pi/ros2_ws/install/jsc_mecanum_hardware/share/jsc_mecanum_hardware/package.bash'
[3.283s] INFO:colcon.colcon_core.shell:Creating package script '/home/pi/ros2_ws/install/jsc_mecanum_hardware/share/jsc_mecanum_hardware/package.zsh'
[3.285s] Level 1:colcon.colcon_core.environment:create_file_with_runtime_dependencies(/home/pi/ros2_ws/install/jsc_mecanum_hardware/share/colcon-core/packages/jsc_mecanum_hardware)
[3.319s] DEBUG:colcon.colcon_core.event_handler.log_command:Invoking command in '/home/pi/ros2_ws/build/jsc_mecanum_teleop': CMAKE_PREFIX_PATH=${CMAKE_PREFIX_PATH}:/home/pi/ros2_ws/install/robot_serial:/home/pi/ros2_ws/install/motor_gui_pkg:/opt/ros/humble /usr/bin/cmake --build /home/pi/ros2_ws/build/jsc_mecanum_teleop -- -j4 -l4
[3.321s] Level 1:colcon.colcon_core.environment:create_environment_scripts_only(jsc_mecanum_control)
[3.323s] Level 1:colcon.colcon_core.environment:checking '/home/pi/ros2_ws/install/jsc_mecanum_control' for CMake module files
[3.327s] Level 1:colcon.colcon_core.environment:checking '/home/pi/ros2_ws/install/jsc_mecanum_control' for CMake config files
[3.330s] Level 1:colcon.colcon_core.shell:create_environment_hook('jsc_mecanum_control', 'cmake_prefix_path')
[3.331s] INFO:colcon.colcon_core.shell:Creating environment hook '/home/pi/ros2_ws/install/jsc_mecanum_control/share/jsc_mecanum_control/hook/cmake_prefix_path.ps1'
[3.336s] INFO:colcon.colcon_core.shell:Creating environment descriptor '/home/pi/ros2_ws/install/jsc_mecanum_control/share/jsc_mecanum_control/hook/cmake_prefix_path.dsv'
[3.341s] INFO:colcon.colcon_core.shell:Creating environment hook '/home/pi/ros2_ws/install/jsc_mecanum_control/share/jsc_mecanum_control/hook/cmake_prefix_path.sh'
[3.345s] Level 1:colcon.colcon_core.environment:checking '/home/pi/ros2_ws/install/jsc_mecanum_control/lib'
[3.346s] Level 1:colcon.colcon_core.environment:checking '/home/pi/ros2_ws/install/jsc_mecanum_control/bin'
[3.346s] Level 1:colcon.colcon_core.environment:checking '/home/pi/ros2_ws/install/jsc_mecanum_control/lib/pkgconfig/jsc_mecanum_control.pc'
[3.348s] Level 1:colcon.colcon_core.environment:checking '/home/pi/ros2_ws/install/jsc_mecanum_control/lib/python3.10/site-packages'
[3.349s] Level 1:colcon.colcon_core.environment:checking '/home/pi/ros2_ws/install/jsc_mecanum_control/bin'
[3.351s] INFO:colcon.colcon_core.shell:Creating package script '/home/pi/ros2_ws/install/jsc_mecanum_control/share/jsc_mecanum_control/package.ps1'
[3.354s] INFO:colcon.colcon_core.shell:Creating package descriptor '/home/pi/ros2_ws/install/jsc_mecanum_control/share/jsc_mecanum_control/package.dsv'
[3.357s] INFO:colcon.colcon_core.shell:Creating package script '/home/pi/ros2_ws/install/jsc_mecanum_control/share/jsc_mecanum_control/package.sh'
[3.360s] INFO:colcon.colcon_core.shell:Creating package script '/home/pi/ros2_ws/install/jsc_mecanum_control/share/jsc_mecanum_control/package.bash'
[3.363s] INFO:colcon.colcon_core.shell:Creating package script '/home/pi/ros2_ws/install/jsc_mecanum_control/share/jsc_mecanum_control/package.zsh'
[3.368s] Level 1:colcon.colcon_core.environment:create_file_with_runtime_dependencies(/home/pi/ros2_ws/install/jsc_mecanum_control/share/colcon-core/packages/jsc_mecanum_control)
[3.371s] INFO:colcon.colcon_ros.task.ament_python.build:Building ROS package in '/home/pi/ros2_ws/src/motor_gui_pkg' with build type 'ament_python'
[3.372s] Level 1:colcon.colcon_core.shell:create_environment_hook('motor_gui_pkg', 'ament_prefix_path')
[3.373s] INFO:colcon.colcon_core.shell:Creating environment hook '/home/pi/ros2_ws/install/motor_gui_pkg/share/motor_gui_pkg/hook/ament_prefix_path.ps1'
[3.378s] INFO:colcon.colcon_core.shell:Creating environment descriptor '/home/pi/ros2_ws/install/motor_gui_pkg/share/motor_gui_pkg/hook/ament_prefix_path.dsv'
[3.383s] INFO:colcon.colcon_core.shell:Creating environment hook '/home/pi/ros2_ws/install/motor_gui_pkg/share/motor_gui_pkg/hook/ament_prefix_path.sh'
[3.389s] INFO:colcon.colcon_core.shell:Skip shell extension 'powershell' for command environment: Not usable outside of PowerShell
[3.390s] DEBUG:colcon.colcon_core.shell:Skip shell extension 'dsv' for command environment
[4.952s] INFO:colcon.colcon_core.task.python.build:Building Python package in '/home/pi/ros2_ws/src/motor_gui_pkg'
[4.953s] INFO:colcon.colcon_core.shell:Skip shell extension 'powershell' for command environment: Not usable outside of PowerShell
[4.954s] DEBUG:colcon.colcon_core.shell:Skip shell extension 'dsv' for command environment
[4.982s] Level 1:colcon.colcon_core.environment:create_environment_scripts_only(jsc_mecanum_hardware)
[4.983s] Level 1:colcon.colcon_core.environment:checking '/home/pi/ros2_ws/install/jsc_mecanum_hardware' for CMake module files
[4.988s] Level 1:colcon.colcon_core.environment:checking '/home/pi/ros2_ws/install/jsc_mecanum_hardware' for CMake config files
[4.992s] Level 1:colcon.colcon_core.shell:create_environment_hook('jsc_mecanum_hardware', 'cmake_prefix_path')
[4.993s] INFO:colcon.colcon_core.shell:Creating environment hook '/home/pi/ros2_ws/install/jsc_mecanum_hardware/share/jsc_mecanum_hardware/hook/cmake_prefix_path.ps1'
[4.996s] INFO:colcon.colcon_core.shell:Creating environment descriptor '/home/pi/ros2_ws/install/jsc_mecanum_hardware/share/jsc_mecanum_hardware/hook/cmake_prefix_path.dsv'
[4.998s] INFO:colcon.colcon_core.shell:Creating environment hook '/home/pi/ros2_ws/install/jsc_mecanum_hardware/share/jsc_mecanum_hardware/hook/cmake_prefix_path.sh'
[5.001s] Level 1:colcon.colcon_core.environment:checking '/home/pi/ros2_ws/install/jsc_mecanum_hardware/lib'
[5.002s] Level 1:colcon.colcon_core.shell:create_environment_hook('jsc_mecanum_hardware', 'ld_library_path_lib')
[5.003s] INFO:colcon.colcon_core.shell:Creating environment hook '/home/pi/ros2_ws/install/jsc_mecanum_hardware/share/jsc_mecanum_hardware/hook/ld_library_path_lib.ps1'
[5.005s] INFO:colcon.colcon_core.shell:Creating environment descriptor '/home/pi/ros2_ws/install/jsc_mecanum_hardware/share/jsc_mecanum_hardware/hook/ld_library_path_lib.dsv'
[5.008s] INFO:colcon.colcon_core.shell:Creating environment hook '/home/pi/ros2_ws/install/jsc_mecanum_hardware/share/jsc_mecanum_hardware/hook/ld_library_path_lib.sh'
[5.010s] Level 1:colcon.colcon_core.environment:checking '/home/pi/ros2_ws/install/jsc_mecanum_hardware/bin'
[5.010s] Level 1:colcon.colcon_core.environment:checking '/home/pi/ros2_ws/install/jsc_mecanum_hardware/lib/pkgconfig/jsc_mecanum_hardware.pc'
[5.012s] Level 1:colcon.colcon_core.environment:checking '/home/pi/ros2_ws/install/jsc_mecanum_hardware/lib/python3.10/site-packages'
[5.013s] Level 1:colcon.colcon_core.environment:checking '/home/pi/ros2_ws/install/jsc_mecanum_hardware/bin'
[5.014s] INFO:colcon.colcon_core.shell:Creating package script '/home/pi/ros2_ws/install/jsc_mecanum_hardware/share/jsc_mecanum_hardware/package.ps1'
[5.018s] INFO:colcon.colcon_core.shell:Creating package descriptor '/home/pi/ros2_ws/install/jsc_mecanum_hardware/share/jsc_mecanum_hardware/package.dsv'
[5.022s] INFO:colcon.colcon_core.shell:Creating package script '/home/pi/ros2_ws/install/jsc_mecanum_hardware/share/jsc_mecanum_hardware/package.sh'
[5.026s] INFO:colcon.colcon_core.shell:Creating package script '/home/pi/ros2_ws/install/jsc_mecanum_hardware/share/jsc_mecanum_hardware/package.bash'
[5.029s] INFO:colcon.colcon_core.shell:Creating package script '/home/pi/ros2_ws/install/jsc_mecanum_hardware/share/jsc_mecanum_hardware/package.zsh'
[5.033s] Level 1:colcon.colcon_core.environment:create_file_with_runtime_dependencies(/home/pi/ros2_ws/install/jsc_mecanum_hardware/share/colcon-core/packages/jsc_mecanum_hardware)
[5.036s] INFO:colcon.colcon_ros.task.ament_python.build:Building ROS package in '/home/pi/ros2_ws/src/robot_serial' with build type 'ament_python'
[5.037s] Level 1:colcon.colcon_core.shell:create_environment_hook('robot_serial', 'ament_prefix_path')
[5.038s] INFO:colcon.colcon_core.shell:Creating environment hook '/home/pi/ros2_ws/install/robot_serial/share/robot_serial/hook/ament_prefix_path.ps1'
[5.041s] INFO:colcon.colcon_core.shell:Creating environment descriptor '/home/pi/ros2_ws/install/robot_serial/share/robot_serial/hook/ament_prefix_path.dsv'
[5.044s] INFO:colcon.colcon_core.shell:Creating environment hook '/home/pi/ros2_ws/install/robot_serial/share/robot_serial/hook/ament_prefix_path.sh'
[5.048s] INFO:colcon.colcon_core.shell:Skip shell extension 'powershell' for command environment: Not usable outside of PowerShell
[5.049s] DEBUG:colcon.colcon_core.shell:Skip shell extension 'dsv' for command environment
[5.075s] DEBUG:colcon.colcon_core.event_handler.log_command:Invoked command in '/home/pi/ros2_ws/build/jsc_mecanum_teleop' returned '0': CMAKE_PREFIX_PATH=${CMAKE_PREFIX_PATH}:/home/pi/ros2_ws/install/robot_serial:/home/pi/ros2_ws/install/motor_gui_pkg:/opt/ros/humble /usr/bin/cmake --build /home/pi/ros2_ws/build/jsc_mecanum_teleop -- -j4 -l4
[7.049s] INFO:colcon.colcon_core.task.python.build:Building Python package in '/home/pi/ros2_ws/src/robot_serial'
[7.050s] INFO:colcon.colcon_core.shell:Skip shell extension 'powershell' for command environment: Not usable outside of PowerShell
[7.051s] DEBUG:colcon.colcon_core.shell:Skip shell extension 'dsv' for command environment
[7.099s] DEBUG:colcon.colcon_core.event_handler.log_command:Invoking command in '/home/pi/ros2_ws/build/jsc_mecanum_teleop': CMAKE_PREFIX_PATH=${CMAKE_PREFIX_PATH}:/home/pi/ros2_ws/install/robot_serial:/home/pi/ros2_ws/install/motor_gui_pkg:/opt/ros/humble /usr/bin/cmake --install /home/pi/ros2_ws/build/jsc_mecanum_teleop
[7.246s] Level 1:colcon.colcon_core.environment:create_environment_scripts_only(jsc_mecanum_teleop)
[7.248s] Level 1:colcon.colcon_core.environment:checking '/home/pi/ros2_ws/install/jsc_mecanum_teleop' for CMake module files
[7.254s] Level 1:colcon.colcon_core.environment:checking '/home/pi/ros2_ws/install/jsc_mecanum_teleop' for CMake config files
[7.257s] DEBUG:colcon.colcon_core.event_handler.log_command:Invoked command in '/home/pi/ros2_ws/build/jsc_mecanum_teleop' returned '0': CMAKE_PREFIX_PATH=${CMAKE_PREFIX_PATH}:/home/pi/ros2_ws/install/robot_serial:/home/pi/ros2_ws/install/motor_gui_pkg:/opt/ros/humble /usr/bin/cmake --install /home/pi/ros2_ws/build/jsc_mecanum_teleop
[7.261s] Level 1:colcon.colcon_core.shell:create_environment_hook('jsc_mecanum_teleop', 'cmake_prefix_path')
[7.263s] INFO:colcon.colcon_core.shell:Creating environment hook '/home/pi/ros2_ws/install/jsc_mecanum_teleop/share/jsc_mecanum_teleop/hook/cmake_prefix_path.ps1'
[7.268s] INFO:colcon.colcon_core.shell:Creating environment descriptor '/home/pi/ros2_ws/install/jsc_mecanum_teleop/share/jsc_mecanum_teleop/hook/cmake_prefix_path.dsv'
[7.273s] INFO:colcon.colcon_core.shell:Creating environment hook '/home/pi/ros2_ws/install/jsc_mecanum_teleop/share/jsc_mecanum_teleop/hook/cmake_prefix_path.sh'
[7.278s] Level 1:colcon.colcon_core.environment:checking '/home/pi/ros2_ws/install/jsc_mecanum_teleop/lib'
[7.280s] Level 1:colcon.colcon_core.environment:checking '/home/pi/ros2_ws/install/jsc_mecanum_teleop/bin'
[7.280s] Level 1:colcon.colcon_core.environment:checking '/home/pi/ros2_ws/install/jsc_mecanum_teleop/lib/pkgconfig/jsc_mecanum_teleop.pc'
[7.282s] Level 1:colcon.colcon_core.environment:checking '/home/pi/ros2_ws/install/jsc_mecanum_teleop/lib/python3.10/site-packages'
[7.283s] Level 1:colcon.colcon_core.environment:checking '/home/pi/ros2_ws/install/jsc_mecanum_teleop/bin'
[7.285s] INFO:colcon.colcon_core.shell:Creating package script '/home/pi/ros2_ws/install/jsc_mecanum_teleop/share/jsc_mecanum_teleop/package.ps1'
[7.290s] INFO:colcon.colcon_core.shell:Creating package descriptor '/home/pi/ros2_ws/install/jsc_mecanum_teleop/share/jsc_mecanum_teleop/package.dsv'
[7.293s] INFO:colcon.colcon_core.shell:Creating package script '/home/pi/ros2_ws/install/jsc_mecanum_teleop/share/jsc_mecanum_teleop/package.sh'
[7.298s] INFO:colcon.colcon_core.shell:Creating package script '/home/pi/ros2_ws/install/jsc_mecanum_teleop/share/jsc_mecanum_teleop/package.bash'
[7.304s] INFO:colcon.colcon_core.shell:Creating package script '/home/pi/ros2_ws/install/jsc_mecanum_teleop/share/jsc_mecanum_teleop/package.zsh'
[7.308s] Level 1:colcon.colcon_core.environment:create_file_with_runtime_dependencies(/home/pi/ros2_ws/install/jsc_mecanum_teleop/share/colcon-core/packages/jsc_mecanum_teleop)
[7.563s] Level 1:colcon.colcon_core.environment:create_environment_scripts_only(jsc_mecanum_teleop)
[7.569s] Level 1:colcon.colcon_core.environment:checking '/home/pi/ros2_ws/install/jsc_mecanum_teleop' for CMake module files
[7.578s] Level 1:colcon.colcon_core.environment:checking '/home/pi/ros2_ws/install/jsc_mecanum_teleop' for CMake config files
[7.588s] Level 1:colcon.colcon_core.shell:create_environment_hook('jsc_mecanum_teleop', 'cmake_prefix_path')
[7.596s] INFO:colcon.colcon_core.shell:Creating environment hook '/home/pi/ros2_ws/install/jsc_mecanum_teleop/share/jsc_mecanum_teleop/hook/cmake_prefix_path.ps1'
[7.605s] INFO:colcon.colcon_core.shell:Creating environment descriptor '/home/pi/ros2_ws/install/jsc_mecanum_teleop/share/jsc_mecanum_teleop/hook/cmake_prefix_path.dsv'
[7.613s] INFO:colcon.colcon_core.shell:Creating environment hook '/home/pi/ros2_ws/install/jsc_mecanum_teleop/share/jsc_mecanum_teleop/hook/cmake_prefix_path.sh'
[7.623s] Level 1:colcon.colcon_core.environment:checking '/home/pi/ros2_ws/install/jsc_mecanum_teleop/lib'
[7.624s] Level 1:colcon.colcon_core.environment:checking '/home/pi/ros2_ws/install/jsc_mecanum_teleop/bin'
[7.625s] Level 1:colcon.colcon_core.environment:checking '/home/pi/ros2_ws/install/jsc_mecanum_teleop/lib/pkgconfig/jsc_mecanum_teleop.pc'
[7.626s] Level 1:colcon.colcon_core.environment:checking '/home/pi/ros2_ws/install/jsc_mecanum_teleop/lib/python3.10/site-packages'
[7.628s] Level 1:colcon.colcon_core.environment:checking '/home/pi/ros2_ws/install/jsc_mecanum_teleop/bin'
[7.638s] INFO:colcon.colcon_core.shell:Creating package script '/home/pi/ros2_ws/install/jsc_mecanum_teleop/share/jsc_mecanum_teleop/package.ps1'
[7.660s] INFO:colcon.colcon_core.shell:Creating package descriptor '/home/pi/ros2_ws/install/jsc_mecanum_teleop/share/jsc_mecanum_teleop/package.dsv'
[7.671s] INFO:colcon.colcon_core.shell:Creating package script '/home/pi/ros2_ws/install/jsc_mecanum_teleop/share/jsc_mecanum_teleop/package.sh'
[7.680s] INFO:colcon.colcon_core.shell:Creating package script '/home/pi/ros2_ws/install/jsc_mecanum_teleop/share/jsc_mecanum_teleop/package.bash'
[7.697s] INFO:colcon.colcon_core.shell:Creating package script '/home/pi/ros2_ws/install/jsc_mecanum_teleop/share/jsc_mecanum_teleop/package.zsh'
[7.706s] Level 1:colcon.colcon_core.environment:create_file_with_runtime_dependencies(/home/pi/ros2_ws/install/jsc_mecanum_teleop/share/colcon-core/packages/jsc_mecanum_teleop)
[7.715s] INFO:colcon.colcon_ros.task.ament_cmake.build:Building ROS package in '/home/pi/ros2_ws/src/sllidar_ros2' with build type 'ament_cmake'
[7.718s] INFO:colcon.colcon_cmake.task.cmake.build:Building CMake package in '/home/pi/ros2_ws/src/sllidar_ros2'
[7.720s] INFO:colcon.colcon_core.shell:Skip shell extension 'powershell' for command environment: Not usable outside of PowerShell
[7.720s] DEBUG:colcon.colcon_core.shell:Skip shell extension 'dsv' for command environment
[7.810s] DEBUG:colcon.colcon_core.event_handler.log_command:Invoking command in '/home/pi/ros2_ws/build/sllidar_ros2': CMAKE_PREFIX_PATH=${CMAKE_PREFIX_PATH}:/home/pi/ros2_ws/install/robot_serial:/home/pi/ros2_ws/install/motor_gui_pkg:/opt/ros/humble /usr/bin/cmake --build /home/pi/ros2_ws/build/sllidar_ros2 -- -j4 -l4
[8.020s] DEBUG:colcon.colcon_core.event_handler.log_command:Invoking command in '/home/pi/ros2_ws/src/motor_gui_pkg': PYTHONPATH=/home/pi/ros2_ws/build/motor_gui_pkg/prefix_override:/usr/lib/python3/dist-packages/colcon_core/task/python/colcon_distutils_commands:/home/pi/ros2_ws/install/motor_gui_pkg/lib/python3.10/site-packages:${PYTHONPATH} /usr/bin/python3 -W ignore:setup.py install is deprecated setup.py egg_info --egg-base ../../build/motor_gui_pkg build --build-base /home/pi/ros2_ws/build/motor_gui_pkg/build install --record /home/pi/ros2_ws/build/motor_gui_pkg/install.log --single-version-externally-managed install_data
[8.609s] DEBUG:colcon.colcon_core.event_handler.log_command:Invoked command in '/home/pi/ros2_ws/build/sllidar_ros2' returned '0': CMAKE_PREFIX_PATH=${CMAKE_PREFIX_PATH}:/home/pi/ros2_ws/install/robot_serial:/home/pi/ros2_ws/install/motor_gui_pkg:/opt/ros/humble /usr/bin/cmake --build /home/pi/ros2_ws/build/sllidar_ros2 -- -j4 -l4
[9.187s] DEBUG:colcon.colcon_core.event_handler.log_command:Invoking command in '/home/pi/ros2_ws/build/sllidar_ros2': CMAKE_PREFIX_PATH=${CMAKE_PREFIX_PATH}:/home/pi/ros2_ws/install/robot_serial:/home/pi/ros2_ws/install/motor_gui_pkg:/opt/ros/humble /usr/bin/cmake --install /home/pi/ros2_ws/build/sllidar_ros2
[9.398s] Level 1:colcon.colcon_core.environment:create_environment_scripts_only(sllidar_ros2)
[9.400s] Level 1:colcon.colcon_core.environment:checking '/home/pi/ros2_ws/install/sllidar_ros2' for CMake module files
[9.406s] DEBUG:colcon.colcon_core.event_handler.log_command:Invoked command in '/home/pi/ros2_ws/build/sllidar_ros2' returned '0': CMAKE_PREFIX_PATH=${CMAKE_PREFIX_PATH}:/home/pi/ros2_ws/install/robot_serial:/home/pi/ros2_ws/install/motor_gui_pkg:/opt/ros/humble /usr/bin/cmake --install /home/pi/ros2_ws/build/sllidar_ros2
[9.407s] Level 1:colcon.colcon_core.environment:checking '/home/pi/ros2_ws/install/sllidar_ros2' for CMake config files
[9.410s] Level 1:colcon.colcon_core.shell:create_environment_hook('sllidar_ros2', 'cmake_prefix_path')
[9.412s] INFO:colcon.colcon_core.shell:Creating environment hook '/home/pi/ros2_ws/install/sllidar_ros2/share/sllidar_ros2/hook/cmake_prefix_path.ps1'
[9.415s] INFO:colcon.colcon_core.shell:Creating environment descriptor '/home/pi/ros2_ws/install/sllidar_ros2/share/sllidar_ros2/hook/cmake_prefix_path.dsv'
[9.419s] INFO:colcon.colcon_core.shell:Creating environment hook '/home/pi/ros2_ws/install/sllidar_ros2/share/sllidar_ros2/hook/cmake_prefix_path.sh'
[9.424s] Level 1:colcon.colcon_core.environment:checking '/home/pi/ros2_ws/install/sllidar_ros2/lib'
[9.425s] Level 1:colcon.colcon_core.environment:checking '/home/pi/ros2_ws/install/sllidar_ros2/bin'
[9.426s] Level 1:colcon.colcon_core.environment:checking '/home/pi/ros2_ws/install/sllidar_ros2/lib/pkgconfig/sllidar_ros2.pc'
[9.427s] Level 1:colcon.colcon_core.environment:checking '/home/pi/ros2_ws/install/sllidar_ros2/lib/python3.10/site-packages'
[9.429s] Level 1:colcon.colcon_core.environment:checking '/home/pi/ros2_ws/install/sllidar_ros2/bin'
[9.431s] INFO:colcon.colcon_core.shell:Creating package script '/home/pi/ros2_ws/install/sllidar_ros2/share/sllidar_ros2/package.ps1'
[9.435s] INFO:colcon.colcon_core.shell:Creating package descriptor '/home/pi/ros2_ws/install/sllidar_ros2/share/sllidar_ros2/package.dsv'
[9.438s] INFO:colcon.colcon_core.shell:Creating package script '/home/pi/ros2_ws/install/sllidar_ros2/share/sllidar_ros2/package.sh'
[9.443s] INFO:colcon.colcon_core.shell:Creating package script '/home/pi/ros2_ws/install/sllidar_ros2/share/sllidar_ros2/package.bash'
[9.447s] INFO:colcon.colcon_core.shell:Creating package script '/home/pi/ros2_ws/install/sllidar_ros2/share/sllidar_ros2/package.zsh'
[9.450s] Level 1:colcon.colcon_core.environment:create_file_with_runtime_dependencies(/home/pi/ros2_ws/install/sllidar_ros2/share/colcon-core/packages/sllidar_ros2)
[10.050s] Level 1:colcon.colcon_core.environment:create_environment_scripts_only(sllidar_ros2)
[10.051s] Level 1:colcon.colcon_core.environment:checking '/home/pi/ros2_ws/install/sllidar_ros2' for CMake module files
[10.060s] Level 1:colcon.colcon_core.environment:checking '/home/pi/ros2_ws/install/sllidar_ros2' for CMake config files
[10.066s] Level 1:colcon.colcon_core.shell:create_environment_hook('sllidar_ros2', 'cmake_prefix_path')
[10.067s] INFO:colcon.colcon_core.shell:Creating environment hook '/home/pi/ros2_ws/install/sllidar_ros2/share/sllidar_ros2/hook/cmake_prefix_path.ps1'
[10.078s] INFO:colcon.colcon_core.shell:Creating environment descriptor '/home/pi/ros2_ws/install/sllidar_ros2/share/sllidar_ros2/hook/cmake_prefix_path.dsv'
[10.084s] INFO:colcon.colcon_core.shell:Creating environment hook '/home/pi/ros2_ws/install/sllidar_ros2/share/sllidar_ros2/hook/cmake_prefix_path.sh'
[10.089s] Level 1:colcon.colcon_core.environment:checking '/home/pi/ros2_ws/install/sllidar_ros2/lib'
[10.090s] Level 1:colcon.colcon_core.environment:checking '/home/pi/ros2_ws/install/sllidar_ros2/bin'
[10.091s] Level 1:colcon.colcon_core.environment:checking '/home/pi/ros2_ws/install/sllidar_ros2/lib/pkgconfig/sllidar_ros2.pc'
[10.093s] Level 1:colcon.colcon_core.environment:checking '/home/pi/ros2_ws/install/sllidar_ros2/lib/python3.10/site-packages'
[10.094s] Level 1:colcon.colcon_core.environment:checking '/home/pi/ros2_ws/install/sllidar_ros2/bin'
[10.096s] INFO:colcon.colcon_core.shell:Creating package script '/home/pi/ros2_ws/install/sllidar_ros2/share/sllidar_ros2/package.ps1'
[10.100s] INFO:colcon.colcon_core.shell:Creating package descriptor '/home/pi/ros2_ws/install/sllidar_ros2/share/sllidar_ros2/package.dsv'
[10.104s] INFO:colcon.colcon_core.shell:Creating package script '/home/pi/ros2_ws/install/sllidar_ros2/share/sllidar_ros2/package.sh'
[10.107s] INFO:colcon.colcon_core.shell:Creating package script '/home/pi/ros2_ws/install/sllidar_ros2/share/sllidar_ros2/package.bash'
[10.111s] INFO:colcon.colcon_core.shell:Creating package script '/home/pi/ros2_ws/install/sllidar_ros2/share/sllidar_ros2/package.zsh'
[10.114s] Level 1:colcon.colcon_core.environment:create_file_with_runtime_dependencies(/home/pi/ros2_ws/install/sllidar_ros2/share/colcon-core/packages/sllidar_ros2)
[10.118s] INFO:colcon.colcon_ros.task.ament_cmake.build:Building ROS package in '/home/pi/ros2_ws/src/jsc_mecanum_bringup' with build type 'ament_cmake'
[10.118s] INFO:colcon.colcon_cmake.task.cmake.build:Building CMake package in '/home/pi/ros2_ws/src/jsc_mecanum_bringup'
[10.120s] INFO:colcon.colcon_core.shell:Skip shell extension 'powershell' for command environment: Not usable outside of PowerShell
[10.120s] DEBUG:colcon.colcon_core.shell:Skip shell extension 'dsv' for command environment
[10.179s] DEBUG:colcon.colcon_core.event_handler.log_command:Invoking command in '/home/pi/ros2_ws/src/robot_serial': PYTHONPATH=/home/pi/ros2_ws/build/robot_serial/prefix_override:/usr/lib/python3/dist-packages/colcon_core/task/python/colcon_distutils_commands:/home/pi/ros2_ws/install/robot_serial/lib/python3.10/site-packages:${PYTHONPATH} /usr/bin/python3 -W ignore:setup.py install is deprecated setup.py egg_info --egg-base ../../build/robot_serial build --build-base /home/pi/ros2_ws/build/robot_serial/build install --record /home/pi/ros2_ws/build/robot_serial/install.log --single-version-externally-managed install_data
[10.233s] DEBUG:colcon.colcon_core.event_handler.log_command:Invoking command in '/home/pi/ros2_ws/build/jsc_mecanum_bringup': CMAKE_PREFIX_PATH=/home/pi/ros2_ws/install/jsc_mecanum_description:/home/pi/ros2_ws/install/sllidar_ros2:/home/pi/ros2_ws/install/jsc_mecanum_teleop:/home/pi/ros2_ws/install/jsc_mecanum_hardware:/home/pi/ros2_ws/install/jsc_mecanum_bringup:/home/pi/ros2_ws/install/jsc_mecanum_controller:/home/pi/ros2_ws/install/jsc_mecanum_control:/home/pi/ros2_ws/install/robot_serial:/home/pi/ros2_ws/install/motor_gui_pkg:/opt/ros/humble /usr/bin/cmake --build /home/pi/ros2_ws/build/jsc_mecanum_bringup -- -j4 -l4
[10.547s] DEBUG:colcon.colcon_core.event_handler.log_command:Invoked command in '/home/pi/ros2_ws/build/jsc_mecanum_bringup' returned '0': CMAKE_PREFIX_PATH=/home/pi/ros2_ws/install/jsc_mecanum_description:/home/pi/ros2_ws/install/sllidar_ros2:/home/pi/ros2_ws/install/jsc_mecanum_teleop:/home/pi/ros2_ws/install/jsc_mecanum_hardware:/home/pi/ros2_ws/install/jsc_mecanum_bringup:/home/pi/ros2_ws/install/jsc_mecanum_controller:/home/pi/ros2_ws/install/jsc_mecanum_control:/home/pi/ros2_ws/install/robot_serial:/home/pi/ros2_ws/install/motor_gui_pkg:/opt/ros/humble /usr/bin/cmake --build /home/pi/ros2_ws/build/jsc_mecanum_bringup -- -j4 -l4
[10.759s] DEBUG:colcon.colcon_core.event_handler.log_command:Invoking command in '/home/pi/ros2_ws/build/jsc_mecanum_bringup': CMAKE_PREFIX_PATH=/home/pi/ros2_ws/install/jsc_mecanum_description:/home/pi/ros2_ws/install/sllidar_ros2:/home/pi/ros2_ws/install/jsc_mecanum_teleop:/home/pi/ros2_ws/install/jsc_mecanum_hardware:/home/pi/ros2_ws/install/jsc_mecanum_bringup:/home/pi/ros2_ws/install/jsc_mecanum_controller:/home/pi/ros2_ws/install/jsc_mecanum_control:/home/pi/ros2_ws/install/robot_serial:/home/pi/ros2_ws/install/motor_gui_pkg:/opt/ros/humble /usr/bin/cmake --install /home/pi/ros2_ws/build/jsc_mecanum_bringup
[11.029s] Level 1:colcon.colcon_core.environment:create_environment_scripts_only(jsc_mecanum_bringup)
[11.033s] Level 1:colcon.colcon_core.environment:checking '/home/pi/ros2_ws/install/jsc_mecanum_bringup' for CMake module files
[11.031s] DEBUG:colcon.colcon_core.event_handler.log_command:Invoked command in '/home/pi/ros2_ws/build/jsc_mecanum_bringup' returned '0': CMAKE_PREFIX_PATH=/home/pi/ros2_ws/install/jsc_mecanum_description:/home/pi/ros2_ws/install/sllidar_ros2:/home/pi/ros2_ws/install/jsc_mecanum_teleop:/home/pi/ros2_ws/install/jsc_mecanum_hardware:/home/pi/ros2_ws/install/jsc_mecanum_bringup:/home/pi/ros2_ws/install/jsc_mecanum_controller:/home/pi/ros2_ws/install/jsc_mecanum_control:/home/pi/ros2_ws/install/robot_serial:/home/pi/ros2_ws/install/motor_gui_pkg:/opt/ros/humble /usr/bin/cmake --install /home/pi/ros2_ws/build/jsc_mecanum_bringup
[11.038s] Level 1:colcon.colcon_core.environment:checking '/home/pi/ros2_ws/install/jsc_mecanum_bringup' for CMake config files
[11.043s] Level 1:colcon.colcon_core.shell:create_environment_hook('jsc_mecanum_bringup', 'cmake_prefix_path')
[11.045s] INFO:colcon.colcon_core.shell:Creating environment hook '/home/pi/ros2_ws/install/jsc_mecanum_bringup/share/jsc_mecanum_bringup/hook/cmake_prefix_path.ps1'
[11.048s] INFO:colcon.colcon_core.shell:Creating environment descriptor '/home/pi/ros2_ws/install/jsc_mecanum_bringup/share/jsc_mecanum_bringup/hook/cmake_prefix_path.dsv'
[11.050s] INFO:colcon.colcon_core.shell:Creating environment hook '/home/pi/ros2_ws/install/jsc_mecanum_bringup/share/jsc_mecanum_bringup/hook/cmake_prefix_path.sh'
[11.054s] Level 1:colcon.colcon_core.environment:checking '/home/pi/ros2_ws/install/jsc_mecanum_bringup/bin'
[11.055s] Level 1:colcon.colcon_core.environment:checking '/home/pi/ros2_ws/install/jsc_mecanum_bringup/lib/pkgconfig/jsc_mecanum_bringup.pc'
[11.056s] Level 1:colcon.colcon_core.environment:checking '/home/pi/ros2_ws/install/jsc_mecanum_bringup/lib/python3.10/site-packages'
[11.058s] Level 1:colcon.colcon_core.environment:checking '/home/pi/ros2_ws/install/jsc_mecanum_bringup/bin'
[11.059s] INFO:colcon.colcon_core.shell:Creating package script '/home/pi/ros2_ws/install/jsc_mecanum_bringup/share/jsc_mecanum_bringup/package.ps1'
[11.063s] INFO:colcon.colcon_core.shell:Creating package descriptor '/home/pi/ros2_ws/install/jsc_mecanum_bringup/share/jsc_mecanum_bringup/package.dsv'
[11.066s] INFO:colcon.colcon_core.shell:Creating package script '/home/pi/ros2_ws/install/jsc_mecanum_bringup/share/jsc_mecanum_bringup/package.sh'
[11.070s] INFO:colcon.colcon_core.shell:Creating package script '/home/pi/ros2_ws/install/jsc_mecanum_bringup/share/jsc_mecanum_bringup/package.bash'
[11.072s] INFO:colcon.colcon_core.shell:Creating package script '/home/pi/ros2_ws/install/jsc_mecanum_bringup/share/jsc_mecanum_bringup/package.zsh'
[11.077s] Level 1:colcon.colcon_core.environment:create_file_with_runtime_dependencies(/home/pi/ros2_ws/install/jsc_mecanum_bringup/share/colcon-core/packages/jsc_mecanum_bringup)
[11.098s] Level 1:colcon.colcon_core.environment:checking '/home/pi/ros2_ws/install/motor_gui_pkg' for CMake module files
[11.106s] Level 1:colcon.colcon_core.environment:checking '/home/pi/ros2_ws/install/motor_gui_pkg' for CMake config files
[11.109s] DEBUG:colcon.colcon_core.event_handler.log_command:Invoked command in '/home/pi/ros2_ws/src/motor_gui_pkg' returned '0': PYTHONPATH=/home/pi/ros2_ws/build/motor_gui_pkg/prefix_override:/usr/lib/python3/dist-packages/colcon_core/task/python/colcon_distutils_commands:/home/pi/ros2_ws/install/motor_gui_pkg/lib/python3.10/site-packages:${PYTHONPATH} /usr/bin/python3 -W ignore:setup.py install is deprecated setup.py egg_info --egg-base ../../build/motor_gui_pkg build --build-base /home/pi/ros2_ws/build/motor_gui_pkg/build install --record /home/pi/ros2_ws/build/motor_gui_pkg/install.log --single-version-externally-managed install_data
[11.114s] Level 1:colcon.colcon_core.environment:checking '/home/pi/ros2_ws/install/motor_gui_pkg/lib'
[11.115s] Level 1:colcon.colcon_core.environment:checking '/home/pi/ros2_ws/install/motor_gui_pkg/bin'
[11.116s] Level 1:colcon.colcon_core.environment:checking '/home/pi/ros2_ws/install/motor_gui_pkg/lib/pkgconfig/motor_gui_pkg.pc'
[11.117s] Level 1:colcon.colcon_core.environment:checking '/home/pi/ros2_ws/install/motor_gui_pkg/lib/python3.10/site-packages'
[11.118s] Level 1:colcon.colcon_core.shell:create_environment_hook('motor_gui_pkg', 'pythonpath')
[11.119s] INFO:colcon.colcon_core.shell:Creating environment hook '/home/pi/ros2_ws/install/motor_gui_pkg/share/motor_gui_pkg/hook/pythonpath.ps1'
[11.123s] INFO:colcon.colcon_core.shell:Creating environment descriptor '/home/pi/ros2_ws/install/motor_gui_pkg/share/motor_gui_pkg/hook/pythonpath.dsv'
[11.125s] INFO:colcon.colcon_core.shell:Creating environment hook '/home/pi/ros2_ws/install/motor_gui_pkg/share/motor_gui_pkg/hook/pythonpath.sh'
[11.130s] Level 1:colcon.colcon_core.environment:checking '/home/pi/ros2_ws/install/motor_gui_pkg/bin'
[11.130s] Level 1:colcon.colcon_core.environment:create_environment_scripts_only(motor_gui_pkg)
[11.132s] INFO:colcon.colcon_core.shell:Creating package script '/home/pi/ros2_ws/install/motor_gui_pkg/share/motor_gui_pkg/package.ps1'
[11.136s] INFO:colcon.colcon_core.shell:Creating package descriptor '/home/pi/ros2_ws/install/motor_gui_pkg/share/motor_gui_pkg/package.dsv'
[11.139s] INFO:colcon.colcon_core.shell:Creating package script '/home/pi/ros2_ws/install/motor_gui_pkg/share/motor_gui_pkg/package.sh'
[11.143s] INFO:colcon.colcon_core.shell:Creating package script '/home/pi/ros2_ws/install/motor_gui_pkg/share/motor_gui_pkg/package.bash'
[11.146s] INFO:colcon.colcon_core.shell:Creating package script '/home/pi/ros2_ws/install/motor_gui_pkg/share/motor_gui_pkg/package.zsh'
[11.149s] Level 1:colcon.colcon_core.environment:create_file_with_runtime_dependencies(/home/pi/ros2_ws/install/motor_gui_pkg/share/colcon-core/packages/motor_gui_pkg)
[11.226s] Level 1:colcon.colcon_core.environment:create_environment_scripts_only(jsc_mecanum_bringup)
[11.227s] Level 1:colcon.colcon_core.environment:checking '/home/pi/ros2_ws/install/jsc_mecanum_bringup' for CMake module files
[11.231s] Level 1:colcon.colcon_core.environment:checking '/home/pi/ros2_ws/install/jsc_mecanum_bringup' for CMake config files
[11.235s] Level 1:colcon.colcon_core.shell:create_environment_hook('jsc_mecanum_bringup', 'cmake_prefix_path')
[11.236s] INFO:colcon.colcon_core.shell:Creating environment hook '/home/pi/ros2_ws/install/jsc_mecanum_bringup/share/jsc_mecanum_bringup/hook/cmake_prefix_path.ps1'
[11.240s] INFO:colcon.colcon_core.shell:Creating environment descriptor '/home/pi/ros2_ws/install/jsc_mecanum_bringup/share/jsc_mecanum_bringup/hook/cmake_prefix_path.dsv'
[11.242s] INFO:colcon.colcon_core.shell:Creating environment hook '/home/pi/ros2_ws/install/jsc_mecanum_bringup/share/jsc_mecanum_bringup/hook/cmake_prefix_path.sh'
[11.247s] Level 1:colcon.colcon_core.environment:checking '/home/pi/ros2_ws/install/jsc_mecanum_bringup/bin'
[11.247s] Level 1:colcon.colcon_core.environment:checking '/home/pi/ros2_ws/install/jsc_mecanum_bringup/lib/pkgconfig/jsc_mecanum_bringup.pc'
[11.249s] Level 1:colcon.colcon_core.environment:checking '/home/pi/ros2_ws/install/jsc_mecanum_bringup/lib/python3.10/site-packages'
[11.250s] Level 1:colcon.colcon_core.environment:checking '/home/pi/ros2_ws/install/jsc_mecanum_bringup/bin'
[11.252s] INFO:colcon.colcon_core.shell:Creating package script '/home/pi/ros2_ws/install/jsc_mecanum_bringup/share/jsc_mecanum_bringup/package.ps1'
[11.256s] INFO:colcon.colcon_core.shell:Creating package descriptor '/home/pi/ros2_ws/install/jsc_mecanum_bringup/share/jsc_mecanum_bringup/package.dsv'
[11.260s] INFO:colcon.colcon_core.shell:Creating package script '/home/pi/ros2_ws/install/jsc_mecanum_bringup/share/jsc_mecanum_bringup/package.sh'
[11.263s] INFO:colcon.colcon_core.shell:Creating package script '/home/pi/ros2_ws/install/jsc_mecanum_bringup/share/jsc_mecanum_bringup/package.bash'
[11.268s] INFO:colcon.colcon_core.shell:Creating package script '/home/pi/ros2_ws/install/jsc_mecanum_bringup/share/jsc_mecanum_bringup/package.zsh'
[11.272s] Level 1:colcon.colcon_core.environment:create_file_with_runtime_dependencies(/home/pi/ros2_ws/install/jsc_mecanum_bringup/share/colcon-core/packages/jsc_mecanum_bringup)
[12.507s] Level 1:colcon.colcon_core.environment:checking '/home/pi/ros2_ws/install/robot_serial' for CMake module files
[12.511s] DEBUG:colcon.colcon_core.event_handler.log_command:Invoked command in '/home/pi/ros2_ws/src/robot_serial' returned '0': PYTHONPATH=/home/pi/ros2_ws/build/robot_serial/prefix_override:/usr/lib/python3/dist-packages/colcon_core/task/python/colcon_distutils_commands:/home/pi/ros2_ws/install/robot_serial/lib/python3.10/site-packages:${PYTHONPATH} /usr/bin/python3 -W ignore:setup.py install is deprecated setup.py egg_info --egg-base ../../build/robot_serial build --build-base /home/pi/ros2_ws/build/robot_serial/build install --record /home/pi/ros2_ws/build/robot_serial/install.log --single-version-externally-managed install_data
[12.513s] Level 1:colcon.colcon_core.environment:checking '/home/pi/ros2_ws/install/robot_serial' for CMake config files
[12.518s] Level 1:colcon.colcon_core.environment:checking '/home/pi/ros2_ws/install/robot_serial/lib'
[12.519s] Level 1:colcon.colcon_core.environment:checking '/home/pi/ros2_ws/install/robot_serial/bin'
[12.519s] Level 1:colcon.colcon_core.environment:checking '/home/pi/ros2_ws/install/robot_serial/lib/pkgconfig/robot_serial.pc'
[12.521s] Level 1:colcon.colcon_core.environment:checking '/home/pi/ros2_ws/install/robot_serial/lib/python3.10/site-packages'
[12.521s] Level 1:colcon.colcon_core.shell:create_environment_hook('robot_serial', 'pythonpath')
[12.523s] INFO:colcon.colcon_core.shell:Creating environment hook '/home/pi/ros2_ws/install/robot_serial/share/robot_serial/hook/pythonpath.ps1'
[12.526s] INFO:colcon.colcon_core.shell:Creating environment descriptor '/home/pi/ros2_ws/install/robot_serial/share/robot_serial/hook/pythonpath.dsv'
[12.529s] INFO:colcon.colcon_core.shell:Creating environment hook '/home/pi/ros2_ws/install/robot_serial/share/robot_serial/hook/pythonpath.sh'
[12.533s] Level 1:colcon.colcon_core.environment:checking '/home/pi/ros2_ws/install/robot_serial/bin'
[12.533s] Level 1:colcon.colcon_core.environment:create_environment_scripts_only(robot_serial)
[12.535s] INFO:colcon.colcon_core.shell:Creating package script '/home/pi/ros2_ws/install/robot_serial/share/robot_serial/package.ps1'
[12.539s] INFO:colcon.colcon_core.shell:Creating package descriptor '/home/pi/ros2_ws/install/robot_serial/share/robot_serial/package.dsv'
[12.542s] INFO:colcon.colcon_core.shell:Creating package script '/home/pi/ros2_ws/install/robot_serial/share/robot_serial/package.sh'
[12.546s] INFO:colcon.colcon_core.shell:Creating package script '/home/pi/ros2_ws/install/robot_serial/share/robot_serial/package.bash'
[12.549s] INFO:colcon.colcon_core.shell:Creating package script '/home/pi/ros2_ws/install/robot_serial/share/robot_serial/package.zsh'
[12.552s] Level 1:colcon.colcon_core.environment:create_file_with_runtime_dependencies(/home/pi/ros2_ws/install/robot_serial/share/colcon-core/packages/robot_serial)
[26.851s] DEBUG:colcon.colcon_core.event_handler.log_command:Invoked command in '/home/pi/ros2_ws/build/jsc_mecanum_controller' returned '2': CMAKE_PREFIX_PATH=${CMAKE_PREFIX_PATH}:/home/pi/ros2_ws/install/robot_serial:/home/pi/ros2_ws/install/motor_gui_pkg:/opt/ros/humble /usr/bin/cmake --build /home/pi/ros2_ws/build/jsc_mecanum_controller -- -j4 -l4
[27.029s] Level 1:colcon.colcon_core.environment:create_environment_scripts_only(jsc_mecanum_controller)
[27.031s] Level 1:colcon.colcon_core.environment:checking '/home/pi/ros2_ws/install/jsc_mecanum_controller' for CMake module files
[27.036s] Level 1:colcon.colcon_core.environment:checking '/home/pi/ros2_ws/install/jsc_mecanum_controller' for CMake config files
[27.040s] Level 1:colcon.colcon_core.shell:create_environment_hook('jsc_mecanum_controller', 'cmake_prefix_path')
[27.041s] INFO:colcon.colcon_core.shell:Creating environment hook '/home/pi/ros2_ws/install/jsc_mecanum_controller/share/jsc_mecanum_controller/hook/cmake_prefix_path.ps1'
[27.043s] INFO:colcon.colcon_core.shell:Creating environment descriptor '/home/pi/ros2_ws/install/jsc_mecanum_controller/share/jsc_mecanum_controller/hook/cmake_prefix_path.dsv'
[27.046s] INFO:colcon.colcon_core.shell:Creating environment hook '/home/pi/ros2_ws/install/jsc_mecanum_controller/share/jsc_mecanum_controller/hook/cmake_prefix_path.sh'
[27.049s] Level 1:colcon.colcon_core.environment:checking '/home/pi/ros2_ws/install/jsc_mecanum_controller/lib'
[27.049s] Level 1:colcon.colcon_core.shell:create_environment_hook('jsc_mecanum_controller', 'ld_library_path_lib')
[27.050s] INFO:colcon.colcon_core.shell:Creating environment hook '/home/pi/ros2_ws/install/jsc_mecanum_controller/share/jsc_mecanum_controller/hook/ld_library_path_lib.ps1'
[27.053s] INFO:colcon.colcon_core.shell:Creating environment descriptor '/home/pi/ros2_ws/install/jsc_mecanum_controller/share/jsc_mecanum_controller/hook/ld_library_path_lib.dsv'
[27.055s] INFO:colcon.colcon_core.shell:Creating environment hook '/home/pi/ros2_ws/install/jsc_mecanum_controller/share/jsc_mecanum_controller/hook/ld_library_path_lib.sh'
[27.057s] Level 1:colcon.colcon_core.environment:checking '/home/pi/ros2_ws/install/jsc_mecanum_controller/bin'
[27.058s] Level 1:colcon.colcon_core.environment:checking '/home/pi/ros2_ws/install/jsc_mecanum_controller/lib/pkgconfig/jsc_mecanum_controller.pc'
[27.059s] Level 1:colcon.colcon_core.environment:checking '/home/pi/ros2_ws/install/jsc_mecanum_controller/lib/python3.10/site-packages'
[27.060s] Level 1:colcon.colcon_core.environment:checking '/home/pi/ros2_ws/install/jsc_mecanum_controller/bin'
[27.061s] INFO:colcon.colcon_core.shell:Creating package script '/home/pi/ros2_ws/install/jsc_mecanum_controller/share/jsc_mecanum_controller/package.ps1'
[27.064s] INFO:colcon.colcon_core.shell:Creating package descriptor '/home/pi/ros2_ws/install/jsc_mecanum_controller/share/jsc_mecanum_controller/package.dsv'
[27.067s] INFO:colcon.colcon_core.shell:Creating package script '/home/pi/ros2_ws/install/jsc_mecanum_controller/share/jsc_mecanum_controller/package.sh'
[27.070s] INFO:colcon.colcon_core.shell:Creating package script '/home/pi/ros2_ws/install/jsc_mecanum_controller/share/jsc_mecanum_controller/package.bash'
[27.072s] INFO:colcon.colcon_core.shell:Creating package script '/home/pi/ros2_ws/install/jsc_mecanum_controller/share/jsc_mecanum_controller/package.zsh'
[27.075s] Level 1:colcon.colcon_core.environment:create_file_with_runtime_dependencies(/home/pi/ros2_ws/install/jsc_mecanum_controller/share/colcon-core/packages/jsc_mecanum_controller)
[27.087s] DEBUG:colcon.colcon_parallel_executor.executor.parallel:closing loop
[27.087s] DEBUG:colcon.colcon_parallel_executor.executor.parallel:loop closed
[27.088s] DEBUG:colcon.colcon_parallel_executor.executor.parallel:run_until_complete finished with '2'
[27.088s] DEBUG:colcon.colcon_core.event_reactor:joining thread
[27.116s] INFO:colcon.colcon_core.plugin_system:Skipping extension 'colcon_notification.desktop_notification.notify_send': Could not find 'notify-send'
[27.116s] INFO:colcon.colcon_core.plugin_system:Skipping extension 'colcon_notification.desktop_notification.terminal_notifier': Not used on non-Darwin systems
[27.116s] INFO:colcon.colcon_core.plugin_system:Skipping extension 'colcon_notification.desktop_notification.win32': Not used on non-Windows systems
[27.117s] INFO:colcon.colcon_notification.desktop_notification:Sending desktop notification using 'notify2'
[27.120s] DEBUG:colcon.colcon_notification.desktop_notification.notify2:Failed to initialize notify2: org.freedesktop.DBus.Error.ServiceUnknown: The name org.freedesktop.Notifications was not provided by any .service files
[27.120s] DEBUG:colcon.colcon_core.event_reactor:joined thread
[27.122s] INFO:colcon.colcon_core.shell:Creating prefix script '/home/pi/ros2_ws/install/local_setup.ps1'
[27.126s] INFO:colcon.colcon_core.shell:Creating prefix util module '/home/pi/ros2_ws/install/_local_setup_util_ps1.py'
[27.135s] INFO:colcon.colcon_core.shell:Creating prefix chain script '/home/pi/ros2_ws/install/setup.ps1'
[27.143s] INFO:colcon.colcon_core.shell:Creating prefix script '/home/pi/ros2_ws/install/local_setup.sh'
[27.146s] INFO:colcon.colcon_core.shell:Creating prefix util module '/home/pi/ros2_ws/install/_local_setup_util_sh.py'
[27.149s] INFO:colcon.colcon_core.shell:Creating prefix chain script '/home/pi/ros2_ws/install/setup.sh'
[27.157s] INFO:colcon.colcon_core.shell:Creating prefix script '/home/pi/ros2_ws/install/local_setup.bash'
[27.159s] INFO:colcon.colcon_core.shell:Creating prefix chain script '/home/pi/ros2_ws/install/setup.bash'
[27.167s] INFO:colcon.colcon_core.shell:Creating prefix script '/home/pi/ros2_ws/install/local_setup.zsh'
[27.170s] INFO:colcon.colcon_core.shell:Creating prefix chain script '/home/pi/ros2_ws/install/setup.zsh'
