[4.544s] Invoking command in '/home/pi/ros2_ws/src/robot_serial': PYTHONPATH=/home/pi/ros2_ws/build/robot_serial/prefix_override:/usr/lib/python3/dist-packages/colcon_core/task/python/colcon_distutils_commands:/home/pi/ros2_ws/install/robot_serial/lib/python3.10/site-packages:${PYTHONPATH} /usr/bin/python3 -W ignore:setup.py install is deprecated setup.py egg_info --egg-base ../../build/robot_serial build --build-base /home/pi/ros2_ws/build/robot_serial/build install --record /home/pi/ros2_ws/build/robot_serial/install.log --single-version-externally-managed install_data
[5.912s] running egg_info
[5.914s] writing ../../build/robot_serial/robot_serial.egg-info/PKG-INFO
[5.915s] writing dependency_links to ../../build/robot_serial/robot_serial.egg-info/dependency_links.txt
[5.917s] writing entry points to ../../build/robot_serial/robot_serial.egg-info/entry_points.txt
[5.918s] writing requirements to ../../build/robot_serial/robot_serial.egg-info/requires.txt
[5.919s] writing top-level names to ../../build/robot_serial/robot_serial.egg-info/top_level.txt
[5.928s] reading manifest file '../../build/robot_serial/robot_serial.egg-info/SOURCES.txt'
[5.929s] adding license file 'LICENSE'
[5.932s] writing manifest file '../../build/robot_serial/robot_serial.egg-info/SOURCES.txt'
[5.933s] running build
[5.933s] running build_py
[5.935s] running install
[5.937s] running install_lib
[5.943s] running install_data
[5.944s] running install_egg_info
[5.953s] removing '/home/pi/ros2_ws/install/robot_serial/lib/python3.10/site-packages/robot_serial-0.0.0-py3.10.egg-info' (and everything under it)
[5.955s] Copying ../../build/robot_serial/robot_serial.egg-info to /home/pi/ros2_ws/install/robot_serial/lib/python3.10/site-packages/robot_serial-0.0.0-py3.10.egg-info
[5.962s] running install_scripts
[6.044s] Installing find script to /home/pi/ros2_ws/install/robot_serial/lib/robot_serial
[6.045s] Installing serial script to /home/pi/ros2_ws/install/robot_serial/lib/robot_serial
[6.046s] Installing serial_salida script to /home/pi/ros2_ws/install/robot_serial/lib/robot_serial
[6.048s] writing list of installed files to '/home/pi/ros2_ws/build/robot_serial/install.log'
[6.170s] Invoked command in '/home/pi/ros2_ws/src/robot_serial' returned '0': PYTHONPATH=/home/pi/ros2_ws/build/robot_serial/prefix_override:/usr/lib/python3/dist-packages/colcon_core/task/python/colcon_distutils_commands:/home/pi/ros2_ws/install/robot_serial/lib/python3.10/site-packages:${PYTHONPATH} /usr/bin/python3 -W ignore:setup.py install is deprecated setup.py egg_info --egg-base ../../build/robot_serial build --build-base /home/pi/ros2_ws/build/robot_serial/build install --record /home/pi/ros2_ws/build/robot_serial/install.log --single-version-externally-managed install_data
