[4.772s] Invoking command in '/home/pi/ros2_ws/src/robot_serial': PYTHONPATH=/home/pi/ros2_ws/build/robot_serial/prefix_override:/usr/lib/python3/dist-packages/colcon_core/task/python/colcon_distutils_commands:/home/pi/ros2_ws/install/robot_serial/lib/python3.10/site-packages:${PYTHONPATH} /usr/bin/python3 -W ignore:setup.py install is deprecated setup.py egg_info --egg-base ../../build/robot_serial build --build-base /home/pi/ros2_ws/build/robot_serial/build install --record /home/pi/ros2_ws/build/robot_serial/install.log --single-version-externally-managed install_data
[6.806s] running egg_info
[6.807s] writing ../../build/robot_serial/robot_serial.egg-info/PKG-INFO
[6.810s] writing dependency_links to ../../build/robot_serial/robot_serial.egg-info/dependency_links.txt
[6.814s] writing entry points to ../../build/robot_serial/robot_serial.egg-info/entry_points.txt
[6.815s] writing requirements to ../../build/robot_serial/robot_serial.egg-info/requires.txt
[6.818s] writing top-level names to ../../build/robot_serial/robot_serial.egg-info/top_level.txt
[6.826s] reading manifest file '../../build/robot_serial/robot_serial.egg-info/SOURCES.txt'
[6.828s] adding license file 'LICENSE'
[6.832s] writing manifest file '../../build/robot_serial/robot_serial.egg-info/SOURCES.txt'
[6.835s] running build
[6.835s] running build_py
[6.838s] running install
[6.840s] running install_lib
[6.848s] running install_data
[6.851s] running install_egg_info
[6.862s] removing '/home/pi/ros2_ws/install/robot_serial/lib/python3.10/site-packages/robot_serial-0.0.0-py3.10.egg-info' (and everything under it)
[6.866s] Copying ../../build/robot_serial/robot_serial.egg-info to /home/pi/ros2_ws/install/robot_serial/lib/python3.10/site-packages/robot_serial-0.0.0-py3.10.egg-info
[6.879s] running install_scripts
[6.978s] Installing find script to /home/pi/ros2_ws/install/robot_serial/lib/robot_serial
[6.981s] Installing serial script to /home/pi/ros2_ws/install/robot_serial/lib/robot_serial
[6.982s] Installing serial_salida script to /home/pi/ros2_ws/install/robot_serial/lib/robot_serial
[6.983s] writing list of installed files to '/home/pi/ros2_ws/build/robot_serial/install.log'
[7.143s] Invoked command in '/home/pi/ros2_ws/src/robot_serial' returned '0': PYTHONPATH=/home/pi/ros2_ws/build/robot_serial/prefix_override:/usr/lib/python3/dist-packages/colcon_core/task/python/colcon_distutils_commands:/home/pi/ros2_ws/install/robot_serial/lib/python3.10/site-packages:${PYTHONPATH} /usr/bin/python3 -W ignore:setup.py install is deprecated setup.py egg_info --egg-base ../../build/robot_serial build --build-base /home/pi/ros2_ws/build/robot_serial/build install --record /home/pi/ros2_ws/build/robot_serial/install.log --single-version-externally-managed install_data
