[0.259s] Invoking command in '/home/pi/ros2_ws/build/jsc_mecanum_hardware': CMAKE_PREFIX_PATH=${CMAKE_PREFIX_PATH}:/home/pi/ros2_ws/install/robot_serial:/home/pi/ros2_ws/install/motor_gui_pkg:/opt/ros/humble /usr/bin/cmake --build /home/pi/ros2_ws/build/jsc_mecanum_hardware -- -j4 -l4
[0.679s] [100%] Built target jsc_mecanum_hardware
[0.759s] Invoked command in '/home/pi/ros2_ws/build/jsc_mecanum_hardware' returned '0': CMAKE_PREFIX_PATH=${CMAKE_PREFIX_PATH}:/home/pi/ros2_ws/install/robot_serial:/home/pi/ros2_ws/install/motor_gui_pkg:/opt/ros/humble /usr/bin/cmake --build /home/pi/ros2_ws/build/jsc_mecanum_hardware -- -j4 -l4
[1.096s] Invoking command in '/home/pi/ros2_ws/build/jsc_mecanum_hardware': CMAKE_PREFIX_PATH=${CMAKE_PREFIX_PATH}:/home/pi/ros2_ws/install/robot_serial:/home/pi/ros2_ws/install/motor_gui_pkg:/opt/ros/humble /usr/bin/cmake --install /home/pi/ros2_ws/build/jsc_mecanum_hardware
[1.168s] -- Install configuration: ""
[1.169s] -- Execute custom install script
[1.169s] -- Up-to-date symlink: /home/pi/ros2_ws/install/jsc_mecanum_hardware/share/jsc_mecanum_hardware//jsc_mecanum_hardware.xml
[1.170s] -- Up-to-date symlink: /home/pi/ros2_ws/install/jsc_mecanum_hardware/lib/libjsc_mecanum_hardware.so
[1.174s] -- Up-to-date symlink: /home/pi/ros2_ws/install/jsc_mecanum_hardware/include/include/jsc_mecanum_hardware/jsc_mecanum_hardware.hpp
[1.175s] -- Up-to-date symlink: /home/pi/ros2_ws/install/jsc_mecanum_hardware/include/include/jsc_mecanum_hardware/jsc_mecanum_hardware_compiler.h
[1.176s] -- Up-to-date symlink: /home/pi/ros2_ws/install/jsc_mecanum_hardware/include/include/jsc_mecanum_hardware/jsc_mecanum_serial_port.hpp
[1.176s] -- Up-to-date symlink: /home/pi/ros2_ws/install/jsc_mecanum_hardware/share/jsc_mecanum_hardware/environment/library_path.sh
[1.177s] -- Up-to-date symlink: /home/pi/ros2_ws/install/jsc_mecanum_hardware/share/jsc_mecanum_hardware/environment/library_path.dsv
[1.178s] -- Up-to-date symlink: /home/pi/ros2_ws/install/jsc_mecanum_hardware/share/ament_index/resource_index/package_run_dependencies/jsc_mecanum_hardware
[1.184s] -- Up-to-date symlink: /home/pi/ros2_ws/install/jsc_mecanum_hardware/share/ament_index/resource_index/parent_prefix_path/jsc_mecanum_hardware
[1.185s] -- Up-to-date symlink: /home/pi/ros2_ws/install/jsc_mecanum_hardware/share/jsc_mecanum_hardware/environment/ament_prefix_path.sh
[1.186s] -- Up-to-date symlink: /home/pi/ros2_ws/install/jsc_mecanum_hardware/share/jsc_mecanum_hardware/environment/ament_prefix_path.dsv
[1.186s] -- Up-to-date symlink: /home/pi/ros2_ws/install/jsc_mecanum_hardware/share/jsc_mecanum_hardware/environment/path.sh
[1.190s] -- Up-to-date symlink: /home/pi/ros2_ws/install/jsc_mecanum_hardware/share/jsc_mecanum_hardware/environment/path.dsv
[1.192s] -- Up-to-date symlink: /home/pi/ros2_ws/install/jsc_mecanum_hardware/share/jsc_mecanum_hardware/local_setup.bash
[1.193s] -- Up-to-date symlink: /home/pi/ros2_ws/install/jsc_mecanum_hardware/share/jsc_mecanum_hardware/local_setup.sh
[1.193s] -- Up-to-date symlink: /home/pi/ros2_ws/install/jsc_mecanum_hardware/share/jsc_mecanum_hardware/local_setup.zsh
[1.194s] -- Up-to-date symlink: /home/pi/ros2_ws/install/jsc_mecanum_hardware/share/jsc_mecanum_hardware/local_setup.dsv
[1.201s] -- Symlinking: /home/pi/ros2_ws/install/jsc_mecanum_hardware/share/jsc_mecanum_hardware/package.dsv
[1.253s] -- Up-to-date symlink: /home/pi/ros2_ws/install/jsc_mecanum_hardware/share/ament_index/resource_index/packages/jsc_mecanum_hardware
[1.254s] -- Up-to-date symlink: /home/pi/ros2_ws/install/jsc_mecanum_hardware/share/ament_index/resource_index/hardware_interface__pluginlib__plugin/jsc_mecanum_hardware
[1.255s] -- Up-to-date symlink: /home/pi/ros2_ws/install/jsc_mecanum_hardware/share/jsc_mecanum_hardware/cmake/ament_cmake_export_include_directories-extras.cmake
[1.255s] -- Up-to-date symlink: /home/pi/ros2_ws/install/jsc_mecanum_hardware/share/jsc_mecanum_hardware/cmake/ament_cmake_export_libraries-extras.cmake
[1.256s] -- Up-to-date symlink: /home/pi/ros2_ws/install/jsc_mecanum_hardware/share/jsc_mecanum_hardware/cmake/ament_cmake_export_dependencies-extras.cmake
[1.256s] -- Up-to-date symlink: /home/pi/ros2_ws/install/jsc_mecanum_hardware/share/jsc_mecanum_hardware/cmake/jsc_mecanum_hardwareConfig.cmake
[1.257s] -- Up-to-date symlink: /home/pi/ros2_ws/install/jsc_mecanum_hardware/share/jsc_mecanum_hardware/cmake/jsc_mecanum_hardwareConfig-version.cmake
[1.258s] -- Up-to-date symlink: /home/pi/ros2_ws/install/jsc_mecanum_hardware/share/jsc_mecanum_hardware/package.xml
[1.272s] Invoked command in '/home/pi/ros2_ws/build/jsc_mecanum_hardware' returned '0': CMAKE_PREFIX_PATH=${CMAKE_PREFIX_PATH}:/home/pi/ros2_ws/install/robot_serial:/home/pi/ros2_ws/install/motor_gui_pkg:/opt/ros/humble /usr/bin/cmake --install /home/pi/ros2_ws/build/jsc_mecanum_hardware
