[0.127s] Invoking command in '/home/pi/ros2_ws/build/jsc_mecanum_controller': CMAKE_PREFIX_PATH=${CMAKE_PREFIX_PATH}:/home/pi/ros2_ws/install/robot_serial:/home/pi/ros2_ws/install/motor_gui_pkg:/opt/ros/humble /usr/bin/cmake --build /home/pi/ros2_ws/build/jsc_mecanum_controller -- -j4 -l4
[0.388s] [35m[1mConsolidate compiler generated dependencies of target jsc_mecanum_controller[0m
[0.513s] [ 33%] [32mBuilding CXX object CMakeFiles/jsc_mecanum_controller.dir/src/jsc_mecanum_drive_controller.cpp.o[0m
[15.342s] [01m[K/home/pi/ros2_ws/src/jsc_mecanum_controller/src/jsc_mecanum_drive_controller.cpp:[m[K In member function ‘[01m[Kvirtual controller_interface::return_type jsc::mecanumbot::controller::MecanumbotDriveController::update(const rclcpp::Time&, const rclcpp::Duration&)[m[K’:
[15.342s] [01m[K/home/pi/ros2_ws/src/jsc_mecanum_controller/src/jsc_mecanum_drive_controller.cpp:60:90:[m[K [01;35m[Kwarning: [m[Kunused parameter ‘[01m[Ktime[m[K’ [[01;35m[K]8;;https://gcc.gnu.org/onlinedocs/gcc/Warning-Options.html#index-Wunused-parameter-Wunused-parameter]8;;[m[K]
[15.343s]    60 | controller_interface::return_type MecanumbotDriveController::update([01;35m[Kconst rclcpp::Time & time[m[K, const rclcpp::Duration & period)
[15.343s]       |                                                                     [01;35m[K~~~~~~~~~~~~~~~~~~~~~^~~~[m[K
[15.344s] [01m[K/home/pi/ros2_ws/src/jsc_mecanum_controller/src/jsc_mecanum_drive_controller.cpp:60:121:[m[K [01;35m[Kwarning: [m[Kunused parameter ‘[01m[Kperiod[m[K’ [[01;35m[K]8;;https://gcc.gnu.org/onlinedocs/gcc/Warning-Options.html#index-Wunused-parameter-Wunused-parameter]8;;[m[K]
[15.345s]    60 | _interface::return_type MecanumbotDriveController::update(const rclcpp::Time & time, [01;35m[Kconst rclcpp::Duration & period[m[K)
[15.345s]       |                                                                                      [01;35m[K~~~~~~~~~~~~~~~~~~~~~~~~~^~~~~~[m[K
[15.346s] 
[40.406s] [ 66%] [32m[1mLinking CXX shared library libjsc_mecanum_controller.so[0m
[43.806s] [100%] Built target jsc_mecanum_controller
[43.853s] Invoked command in '/home/pi/ros2_ws/build/jsc_mecanum_controller' returned '0': CMAKE_PREFIX_PATH=${CMAKE_PREFIX_PATH}:/home/pi/ros2_ws/install/robot_serial:/home/pi/ros2_ws/install/motor_gui_pkg:/opt/ros/humble /usr/bin/cmake --build /home/pi/ros2_ws/build/jsc_mecanum_controller -- -j4 -l4
[44.014s] Invoking command in '/home/pi/ros2_ws/build/jsc_mecanum_controller': CMAKE_PREFIX_PATH=${CMAKE_PREFIX_PATH}:/home/pi/ros2_ws/install/robot_serial:/home/pi/ros2_ws/install/motor_gui_pkg:/opt/ros/humble /usr/bin/cmake --install /home/pi/ros2_ws/build/jsc_mecanum_controller
[44.049s] -- Install configuration: ""
[44.052s] -- Execute custom install script
[44.054s] -- Up-to-date symlink: /home/pi/ros2_ws/install/jsc_mecanum_controller/share/jsc_mecanum_controller//jsc_mecanum_controller.xml
[44.057s] -- Up-to-date symlink: /home/pi/ros2_ws/install/jsc_mecanum_controller/lib/libjsc_mecanum_controller.so
[44.059s] -- Up-to-date symlink: /home/pi/ros2_ws/install/jsc_mecanum_controller/include/include/jsc_mecanum_controller/jsc_mecanum_controller_compiler.h
[44.060s] -- Up-to-date symlink: /home/pi/ros2_ws/install/jsc_mecanum_controller/include/include/jsc_mecanum_controller/jsc_mecanum_drive_controller.hpp
[44.061s] -- Up-to-date symlink: /home/pi/ros2_ws/install/jsc_mecanum_controller/include/include/jsc_mecanum_controller/jsc_mecanum_wheel.hpp
[44.063s] -- Up-to-date symlink: /home/pi/ros2_ws/install/jsc_mecanum_controller/share/jsc_mecanum_controller/environment/library_path.sh
[44.064s] -- Up-to-date symlink: /home/pi/ros2_ws/install/jsc_mecanum_controller/share/jsc_mecanum_controller/environment/library_path.dsv
[44.065s] -- Up-to-date symlink: /home/pi/ros2_ws/install/jsc_mecanum_controller/share/ament_index/resource_index/package_run_dependencies/jsc_mecanum_controller
[44.067s] -- Up-to-date symlink: /home/pi/ros2_ws/install/jsc_mecanum_controller/share/ament_index/resource_index/parent_prefix_path/jsc_mecanum_controller
[44.068s] -- Up-to-date symlink: /home/pi/ros2_ws/install/jsc_mecanum_controller/share/jsc_mecanum_controller/environment/ament_prefix_path.sh
[44.069s] -- Up-to-date symlink: /home/pi/ros2_ws/install/jsc_mecanum_controller/share/jsc_mecanum_controller/environment/ament_prefix_path.dsv
[44.070s] -- Up-to-date symlink: /home/pi/ros2_ws/install/jsc_mecanum_controller/share/jsc_mecanum_controller/environment/path.sh
[44.071s] -- Up-to-date symlink: /home/pi/ros2_ws/install/jsc_mecanum_controller/share/jsc_mecanum_controller/environment/path.dsv
[44.072s] -- Up-to-date symlink: /home/pi/ros2_ws/install/jsc_mecanum_controller/share/jsc_mecanum_controller/local_setup.bash
[44.073s] -- Up-to-date symlink: /home/pi/ros2_ws/install/jsc_mecanum_controller/share/jsc_mecanum_controller/local_setup.sh
[44.075s] -- Up-to-date symlink: /home/pi/ros2_ws/install/jsc_mecanum_controller/share/jsc_mecanum_controller/local_setup.zsh
[44.076s] -- Up-to-date symlink: /home/pi/ros2_ws/install/jsc_mecanum_controller/share/jsc_mecanum_controller/local_setup.dsv
[44.076s] -- Symlinking: /home/pi/ros2_ws/install/jsc_mecanum_controller/share/jsc_mecanum_controller/package.dsv
[44.115s] -- Up-to-date symlink: /home/pi/ros2_ws/install/jsc_mecanum_controller/share/ament_index/resource_index/packages/jsc_mecanum_controller
[44.116s] -- Up-to-date symlink: /home/pi/ros2_ws/install/jsc_mecanum_controller/share/ament_index/resource_index/controller_interface__pluginlib__plugin/jsc_mecanum_controller
[44.118s] -- Up-to-date symlink: /home/pi/ros2_ws/install/jsc_mecanum_controller/share/jsc_mecanum_controller/cmake/ament_cmake_export_include_directories-extras.cmake
[44.119s] -- Up-to-date symlink: /home/pi/ros2_ws/install/jsc_mecanum_controller/share/jsc_mecanum_controller/cmake/ament_cmake_export_libraries-extras.cmake
[44.120s] -- Up-to-date symlink: /home/pi/ros2_ws/install/jsc_mecanum_controller/share/jsc_mecanum_controller/cmake/ament_cmake_export_dependencies-extras.cmake
[44.121s] -- Up-to-date symlink: /home/pi/ros2_ws/install/jsc_mecanum_controller/share/jsc_mecanum_controller/cmake/jsc_mecanum_controllerConfig.cmake
[44.122s] -- Up-to-date symlink: /home/pi/ros2_ws/install/jsc_mecanum_controller/share/jsc_mecanum_controller/cmake/jsc_mecanum_controllerConfig-version.cmake
[44.123s] -- Up-to-date symlink: /home/pi/ros2_ws/install/jsc_mecanum_controller/share/jsc_mecanum_controller/package.xml
[44.131s] Invoked command in '/home/pi/ros2_ws/build/jsc_mecanum_controller' returned '0': CMAKE_PREFIX_PATH=${CMAKE_PREFIX_PATH}:/home/pi/ros2_ws/install/robot_serial:/home/pi/ros2_ws/install/motor_gui_pkg:/opt/ros/humble /usr/bin/cmake --install /home/pi/ros2_ws/build/jsc_mecanum_controller
