[0.495s] DEBUG:colcon:Command line arguments: ['/usr/bin/colcon', 'build']
[0.495s] DEBUG:colcon:Parsed command line arguments: Namespace(log_base=None, log_level=None, verb_name='build', build_base='build', install_base='install', merge_install=False, symlink_install=False, test_result_base=None, continue_on_error=False, executor='parallel', parallel_workers=4, event_handlers=None, ignore_user_meta=False, metas=['./colcon.meta'], base_paths=['.'], packages_ignore=None, packages_ignore_regex=None, paths=None, packages_up_to=None, packages_up_to_regex=None, packages_above=None, packages_above_and_dependencies=None, packages_above_depth=None, packages_select_by_dep=None, packages_skip_by_dep=None, packages_skip_up_to=None, packages_select_build_failed=False, packages_skip_build_finished=False, packages_select_test_failures=False, packages_skip_test_passed=False, packages_select=None, packages_skip=None, packages_select_regex=None, packages_skip_regex=None, packages_start=None, packages_end=None, allow_overriding=[], cmake_args=None, cmake_target=None, cmake_target_skip_unavailable=False, cmake_clean_cache=False, cmake_clean_first=False, cmake_force_configure=False, ament_cmake_args=None, catkin_cmake_args=None, catkin_skip_building_tests=False, verb_parser=<colcon_defaults.argument_parser.defaults.DefaultArgumentsDecorator object at 0xffff8936c490>, verb_extension=<colcon_core.verb.build.BuildVerb object at 0xffff8958bf70>, main=<bound method BuildVerb.main of <colcon_core.verb.build.BuildVerb object at 0xffff8958bf70>>)
[1.457s] Level 1:colcon.colcon_core.package_discovery:discover_packages(colcon_meta) check parameters
[1.458s] Level 1:colcon.colcon_core.package_discovery:discover_packages(recursive) check parameters
[1.458s] Level 1:colcon.colcon_core.package_discovery:discover_packages(ignore) check parameters
[1.458s] Level 1:colcon.colcon_core.package_discovery:discover_packages(path) check parameters
[1.458s] Level 1:colcon.colcon_core.package_discovery:discover_packages(colcon_meta) discover
[1.459s] Level 1:colcon.colcon_core.package_discovery:discover_packages(recursive) discover
[1.459s] INFO:colcon.colcon_core.package_discovery:Crawling recursively for packages in '/home/pi/ros2_ws'
[1.459s] Level 1:colcon.colcon_core.package_identification:_identify(.) by extensions ['ignore', 'ignore_ament_install']
[1.460s] Level 1:colcon.colcon_core.package_identification:_identify(.) by extension 'ignore'
[1.460s] Level 1:colcon.colcon_core.package_identification:_identify(.) by extension 'ignore_ament_install'
[1.461s] Level 1:colcon.colcon_core.package_identification:_identify(.) by extensions ['colcon_pkg']
[1.461s] Level 1:colcon.colcon_core.package_identification:_identify(.) by extension 'colcon_pkg'
[1.461s] Level 1:colcon.colcon_core.package_identification:_identify(.) by extensions ['colcon_meta']
[1.461s] Level 1:colcon.colcon_core.package_identification:_identify(.) by extension 'colcon_meta'
[1.461s] Level 1:colcon.colcon_core.package_identification:_identify(.) by extensions ['ros']
[1.461s] Level 1:colcon.colcon_core.package_identification:_identify(.) by extension 'ros'
[1.514s] Level 1:colcon.colcon_core.package_identification:_identify(.) by extensions ['cmake', 'python']
[1.515s] Level 1:colcon.colcon_core.package_identification:_identify(.) by extension 'cmake'
[1.515s] Level 1:colcon.colcon_core.package_identification:_identify(.) by extension 'python'
[1.515s] Level 1:colcon.colcon_core.package_identification:_identify(.) by extensions ['python_setup_py']
[1.515s] Level 1:colcon.colcon_core.package_identification:_identify(.) by extension 'python_setup_py'
[1.516s] Level 1:colcon.colcon_core.package_identification:_identify(build) by extensions ['ignore', 'ignore_ament_install']
[1.516s] Level 1:colcon.colcon_core.package_identification:_identify(build) by extension 'ignore'
[1.517s] Level 1:colcon.colcon_core.package_identification:_identify(build) ignored
[1.517s] Level 1:colcon.colcon_core.package_identification:_identify(install) by extensions ['ignore', 'ignore_ament_install']
[1.518s] Level 1:colcon.colcon_core.package_identification:_identify(install) by extension 'ignore'
[1.518s] Level 1:colcon.colcon_core.package_identification:_identify(install) ignored
[1.520s] Level 1:colcon.colcon_core.package_identification:_identify(log) by extensions ['ignore', 'ignore_ament_install']
[1.520s] Level 1:colcon.colcon_core.package_identification:_identify(log) by extension 'ignore'
[1.521s] Level 1:colcon.colcon_core.package_identification:_identify(log) ignored
[1.521s] Level 1:colcon.colcon_core.package_identification:_identify(src) by extensions ['ignore', 'ignore_ament_install']
[1.522s] Level 1:colcon.colcon_core.package_identification:_identify(src) by extension 'ignore'
[1.522s] Level 1:colcon.colcon_core.package_identification:_identify(src) by extension 'ignore_ament_install'
[1.522s] Level 1:colcon.colcon_core.package_identification:_identify(src) by extensions ['colcon_pkg']
[1.522s] Level 1:colcon.colcon_core.package_identification:_identify(src) by extension 'colcon_pkg'
[1.523s] Level 1:colcon.colcon_core.package_identification:_identify(src) by extensions ['colcon_meta']
[1.523s] Level 1:colcon.colcon_core.package_identification:_identify(src) by extension 'colcon_meta'
[1.523s] Level 1:colcon.colcon_core.package_identification:_identify(src) by extensions ['ros']
[1.523s] Level 1:colcon.colcon_core.package_identification:_identify(src) by extension 'ros'
[1.524s] Level 1:colcon.colcon_core.package_identification:_identify(src) by extensions ['cmake', 'python']
[1.524s] Level 1:colcon.colcon_core.package_identification:_identify(src) by extension 'cmake'
[1.524s] Level 1:colcon.colcon_core.package_identification:_identify(src) by extension 'python'
[1.524s] Level 1:colcon.colcon_core.package_identification:_identify(src) by extensions ['python_setup_py']
[1.524s] Level 1:colcon.colcon_core.package_identification:_identify(src) by extension 'python_setup_py'
[1.525s] Level 1:colcon.colcon_core.package_identification:_identify(src/jsc_mecanum_bringup) by extensions ['ignore', 'ignore_ament_install']
[1.525s] Level 1:colcon.colcon_core.package_identification:_identify(src/jsc_mecanum_bringup) by extension 'ignore'
[1.526s] Level 1:colcon.colcon_core.package_identification:_identify(src/jsc_mecanum_bringup) by extension 'ignore_ament_install'
[1.526s] Level 1:colcon.colcon_core.package_identification:_identify(src/jsc_mecanum_bringup) by extensions ['colcon_pkg']
[1.526s] Level 1:colcon.colcon_core.package_identification:_identify(src/jsc_mecanum_bringup) by extension 'colcon_pkg'
[1.526s] Level 1:colcon.colcon_core.package_identification:_identify(src/jsc_mecanum_bringup) by extensions ['colcon_meta']
[1.526s] Level 1:colcon.colcon_core.package_identification:_identify(src/jsc_mecanum_bringup) by extension 'colcon_meta'
[1.527s] Level 1:colcon.colcon_core.package_identification:_identify(src/jsc_mecanum_bringup) by extensions ['ros']
[1.527s] Level 1:colcon.colcon_core.package_identification:_identify(src/jsc_mecanum_bringup) by extension 'ros'
[1.536s] DEBUG:colcon.colcon_core.package_identification:Package 'src/jsc_mecanum_bringup' with type 'ros.ament_cmake' and name 'jsc_mecanum_bringup'
[1.537s] Level 1:colcon.colcon_core.package_identification:_identify(src/jsc_mecanum_control) by extensions ['ignore', 'ignore_ament_install']
[1.538s] Level 1:colcon.colcon_core.package_identification:_identify(src/jsc_mecanum_control) by extension 'ignore'
[1.538s] Level 1:colcon.colcon_core.package_identification:_identify(src/jsc_mecanum_control) by extension 'ignore_ament_install'
[1.538s] Level 1:colcon.colcon_core.package_identification:_identify(src/jsc_mecanum_control) by extensions ['colcon_pkg']
[1.538s] Level 1:colcon.colcon_core.package_identification:_identify(src/jsc_mecanum_control) by extension 'colcon_pkg'
[1.539s] Level 1:colcon.colcon_core.package_identification:_identify(src/jsc_mecanum_control) by extensions ['colcon_meta']
[1.539s] Level 1:colcon.colcon_core.package_identification:_identify(src/jsc_mecanum_control) by extension 'colcon_meta'
[1.539s] Level 1:colcon.colcon_core.package_identification:_identify(src/jsc_mecanum_control) by extensions ['ros']
[1.539s] Level 1:colcon.colcon_core.package_identification:_identify(src/jsc_mecanum_control) by extension 'ros'
[1.542s] DEBUG:colcon.colcon_core.package_identification:Package 'src/jsc_mecanum_control' with type 'ros.ament_cmake' and name 'jsc_mecanum_control'
[1.542s] Level 1:colcon.colcon_core.package_identification:_identify(src/jsc_mecanum_controller) by extensions ['ignore', 'ignore_ament_install']
[1.543s] Level 1:colcon.colcon_core.package_identification:_identify(src/jsc_mecanum_controller) by extension 'ignore'
[1.543s] Level 1:colcon.colcon_core.package_identification:_identify(src/jsc_mecanum_controller) by extension 'ignore_ament_install'
[1.543s] Level 1:colcon.colcon_core.package_identification:_identify(src/jsc_mecanum_controller) by extensions ['colcon_pkg']
[1.543s] Level 1:colcon.colcon_core.package_identification:_identify(src/jsc_mecanum_controller) by extension 'colcon_pkg'
[1.544s] Level 1:colcon.colcon_core.package_identification:_identify(src/jsc_mecanum_controller) by extensions ['colcon_meta']
[1.544s] Level 1:colcon.colcon_core.package_identification:_identify(src/jsc_mecanum_controller) by extension 'colcon_meta'
[1.544s] Level 1:colcon.colcon_core.package_identification:_identify(src/jsc_mecanum_controller) by extensions ['ros']
[1.544s] Level 1:colcon.colcon_core.package_identification:_identify(src/jsc_mecanum_controller) by extension 'ros'
[1.548s] DEBUG:colcon.colcon_core.package_identification:Package 'src/jsc_mecanum_controller' with type 'ros.ament_cmake' and name 'jsc_mecanum_controller'
[1.549s] Level 1:colcon.colcon_core.package_identification:_identify(src/jsc_mecanum_description) by extensions ['ignore', 'ignore_ament_install']
[1.549s] Level 1:colcon.colcon_core.package_identification:_identify(src/jsc_mecanum_description) by extension 'ignore'
[1.550s] Level 1:colcon.colcon_core.package_identification:_identify(src/jsc_mecanum_description) by extension 'ignore_ament_install'
[1.550s] Level 1:colcon.colcon_core.package_identification:_identify(src/jsc_mecanum_description) by extensions ['colcon_pkg']
[1.550s] Level 1:colcon.colcon_core.package_identification:_identify(src/jsc_mecanum_description) by extension 'colcon_pkg'
[1.550s] Level 1:colcon.colcon_core.package_identification:_identify(src/jsc_mecanum_description) by extensions ['colcon_meta']
[1.551s] Level 1:colcon.colcon_core.package_identification:_identify(src/jsc_mecanum_description) by extension 'colcon_meta'
[1.551s] Level 1:colcon.colcon_core.package_identification:_identify(src/jsc_mecanum_description) by extensions ['ros']
[1.551s] Level 1:colcon.colcon_core.package_identification:_identify(src/jsc_mecanum_description) by extension 'ros'
[1.553s] DEBUG:colcon.colcon_core.package_identification:Package 'src/jsc_mecanum_description' with type 'ros.ament_cmake' and name 'jsc_mecanum_description'
[1.554s] Level 1:colcon.colcon_core.package_identification:_identify(src/jsc_mecanum_hardware) by extensions ['ignore', 'ignore_ament_install']
[1.554s] Level 1:colcon.colcon_core.package_identification:_identify(src/jsc_mecanum_hardware) by extension 'ignore'
[1.555s] Level 1:colcon.colcon_core.package_identification:_identify(src/jsc_mecanum_hardware) by extension 'ignore_ament_install'
[1.555s] Level 1:colcon.colcon_core.package_identification:_identify(src/jsc_mecanum_hardware) by extensions ['colcon_pkg']
[1.555s] Level 1:colcon.colcon_core.package_identification:_identify(src/jsc_mecanum_hardware) by extension 'colcon_pkg'
[1.555s] Level 1:colcon.colcon_core.package_identification:_identify(src/jsc_mecanum_hardware) by extensions ['colcon_meta']
[1.556s] Level 1:colcon.colcon_core.package_identification:_identify(src/jsc_mecanum_hardware) by extension 'colcon_meta'
[1.556s] Level 1:colcon.colcon_core.package_identification:_identify(src/jsc_mecanum_hardware) by extensions ['ros']
[1.556s] Level 1:colcon.colcon_core.package_identification:_identify(src/jsc_mecanum_hardware) by extension 'ros'
[1.559s] DEBUG:colcon.colcon_core.package_identification:Package 'src/jsc_mecanum_hardware' with type 'ros.ament_cmake' and name 'jsc_mecanum_hardware'
[1.559s] Level 1:colcon.colcon_core.package_identification:_identify(src/jsc_mecanum_teleop) by extensions ['ignore', 'ignore_ament_install']
[1.560s] Level 1:colcon.colcon_core.package_identification:_identify(src/jsc_mecanum_teleop) by extension 'ignore'
[1.560s] Level 1:colcon.colcon_core.package_identification:_identify(src/jsc_mecanum_teleop) by extension 'ignore_ament_install'
[1.560s] Level 1:colcon.colcon_core.package_identification:_identify(src/jsc_mecanum_teleop) by extensions ['colcon_pkg']
[1.561s] Level 1:colcon.colcon_core.package_identification:_identify(src/jsc_mecanum_teleop) by extension 'colcon_pkg'
[1.561s] Level 1:colcon.colcon_core.package_identification:_identify(src/jsc_mecanum_teleop) by extensions ['colcon_meta']
[1.561s] Level 1:colcon.colcon_core.package_identification:_identify(src/jsc_mecanum_teleop) by extension 'colcon_meta'
[1.561s] Level 1:colcon.colcon_core.package_identification:_identify(src/jsc_mecanum_teleop) by extensions ['ros']
[1.561s] Level 1:colcon.colcon_core.package_identification:_identify(src/jsc_mecanum_teleop) by extension 'ros'
[1.564s] DEBUG:colcon.colcon_core.package_identification:Package 'src/jsc_mecanum_teleop' with type 'ros.ament_cmake' and name 'jsc_mecanum_teleop'
[1.565s] Level 1:colcon.colcon_core.package_identification:_identify(src/motor_gui_pkg) by extensions ['ignore', 'ignore_ament_install']
[1.565s] Level 1:colcon.colcon_core.package_identification:_identify(src/motor_gui_pkg) by extension 'ignore'
[1.566s] Level 1:colcon.colcon_core.package_identification:_identify(src/motor_gui_pkg) by extension 'ignore_ament_install'
[1.566s] Level 1:colcon.colcon_core.package_identification:_identify(src/motor_gui_pkg) by extensions ['colcon_pkg']
[1.566s] Level 1:colcon.colcon_core.package_identification:_identify(src/motor_gui_pkg) by extension 'colcon_pkg'
[1.566s] Level 1:colcon.colcon_core.package_identification:_identify(src/motor_gui_pkg) by extensions ['colcon_meta']
[1.566s] Level 1:colcon.colcon_core.package_identification:_identify(src/motor_gui_pkg) by extension 'colcon_meta'
[1.567s] Level 1:colcon.colcon_core.package_identification:_identify(src/motor_gui_pkg) by extensions ['ros']
[1.567s] Level 1:colcon.colcon_core.package_identification:_identify(src/motor_gui_pkg) by extension 'ros'
[1.570s] DEBUG:colcon.colcon_core.package_identification:Package 'src/motor_gui_pkg' with type 'ros.ament_python' and name 'motor_gui_pkg'
[1.571s] Level 1:colcon.colcon_core.package_identification:_identify(src/robot_serial) by extensions ['ignore', 'ignore_ament_install']
[1.571s] Level 1:colcon.colcon_core.package_identification:_identify(src/robot_serial) by extension 'ignore'
[1.571s] Level 1:colcon.colcon_core.package_identification:_identify(src/robot_serial) by extension 'ignore_ament_install'
[1.572s] Level 1:colcon.colcon_core.package_identification:_identify(src/robot_serial) by extensions ['colcon_pkg']
[1.572s] Level 1:colcon.colcon_core.package_identification:_identify(src/robot_serial) by extension 'colcon_pkg'
[1.572s] Level 1:colcon.colcon_core.package_identification:_identify(src/robot_serial) by extensions ['colcon_meta']
[1.572s] Level 1:colcon.colcon_core.package_identification:_identify(src/robot_serial) by extension 'colcon_meta'
[1.572s] Level 1:colcon.colcon_core.package_identification:_identify(src/robot_serial) by extensions ['ros']
[1.573s] Level 1:colcon.colcon_core.package_identification:_identify(src/robot_serial) by extension 'ros'
[1.575s] DEBUG:colcon.colcon_core.package_identification:Package 'src/robot_serial' with type 'ros.ament_python' and name 'robot_serial'
[1.575s] Level 1:colcon.colcon_core.package_identification:_identify(src/sllidar_ros2) by extensions ['ignore', 'ignore_ament_install']
[1.576s] Level 1:colcon.colcon_core.package_identification:_identify(src/sllidar_ros2) by extension 'ignore'
[1.576s] Level 1:colcon.colcon_core.package_identification:_identify(src/sllidar_ros2) by extension 'ignore_ament_install'
[1.576s] Level 1:colcon.colcon_core.package_identification:_identify(src/sllidar_ros2) by extensions ['colcon_pkg']
[1.577s] Level 1:colcon.colcon_core.package_identification:_identify(src/sllidar_ros2) by extension 'colcon_pkg'
[1.577s] Level 1:colcon.colcon_core.package_identification:_identify(src/sllidar_ros2) by extensions ['colcon_meta']
[1.577s] Level 1:colcon.colcon_core.package_identification:_identify(src/sllidar_ros2) by extension 'colcon_meta'
[1.577s] Level 1:colcon.colcon_core.package_identification:_identify(src/sllidar_ros2) by extensions ['ros']
[1.577s] Level 1:colcon.colcon_core.package_identification:_identify(src/sllidar_ros2) by extension 'ros'
[1.581s] DEBUG:colcon.colcon_core.package_identification:Package 'src/sllidar_ros2' with type 'ros.ament_cmake' and name 'sllidar_ros2'
[1.581s] Level 1:colcon.colcon_core.package_discovery:discover_packages(recursive) using defaults
[1.581s] Level 1:colcon.colcon_core.package_discovery:discover_packages(ignore) discover
[1.581s] Level 1:colcon.colcon_core.package_discovery:discover_packages(ignore) using defaults
[1.581s] Level 1:colcon.colcon_core.package_discovery:discover_packages(path) discover
[1.581s] Level 1:colcon.colcon_core.package_discovery:discover_packages(path) using defaults
[1.712s] Level 1:colcon.colcon_core.package_discovery:discover_packages(prefix_path) check parameters
[1.713s] Level 1:colcon.colcon_core.package_discovery:discover_packages(prefix_path) discover
[1.729s] DEBUG:colcon.colcon_installed_package_information.package_discovery:Found 9 installed packages in /home/pi/ros2_ws/install
[1.741s] DEBUG:colcon.colcon_installed_package_information.package_discovery:Found 312 installed packages in /opt/ros/humble
[1.750s] Level 1:colcon.colcon_core.package_discovery:discover_packages(prefix_path) using defaults
[1.955s] Level 5:colcon.colcon_core.verb:set package 'jsc_mecanum_control' build argument 'cmake_args' from command line to 'None'
[1.955s] Level 5:colcon.colcon_core.verb:set package 'jsc_mecanum_control' build argument 'cmake_target' from command line to 'None'
[1.955s] Level 5:colcon.colcon_core.verb:set package 'jsc_mecanum_control' build argument 'cmake_target_skip_unavailable' from command line to 'False'
[1.956s] Level 5:colcon.colcon_core.verb:set package 'jsc_mecanum_control' build argument 'cmake_clean_cache' from command line to 'False'
[1.956s] Level 5:colcon.colcon_core.verb:set package 'jsc_mecanum_control' build argument 'cmake_clean_first' from command line to 'False'
[1.956s] Level 5:colcon.colcon_core.verb:set package 'jsc_mecanum_control' build argument 'cmake_force_configure' from command line to 'False'
[1.956s] Level 5:colcon.colcon_core.verb:set package 'jsc_mecanum_control' build argument 'ament_cmake_args' from command line to 'None'
[1.956s] Level 5:colcon.colcon_core.verb:set package 'jsc_mecanum_control' build argument 'catkin_cmake_args' from command line to 'None'
[1.956s] Level 5:colcon.colcon_core.verb:set package 'jsc_mecanum_control' build argument 'catkin_skip_building_tests' from command line to 'False'
[1.956s] DEBUG:colcon.colcon_core.verb:Building package 'jsc_mecanum_control' with the following arguments: {'ament_cmake_args': None, 'build_base': '/home/pi/ros2_ws/build/jsc_mecanum_control', 'catkin_cmake_args': None, 'catkin_skip_building_tests': False, 'cmake_args': None, 'cmake_clean_cache': False, 'cmake_clean_first': False, 'cmake_force_configure': False, 'cmake_target': None, 'cmake_target_skip_unavailable': False, 'install_base': '/home/pi/ros2_ws/install/jsc_mecanum_control', 'merge_install': False, 'path': '/home/pi/ros2_ws/src/jsc_mecanum_control', 'symlink_install': False, 'test_result_base': None}
[1.958s] Level 5:colcon.colcon_core.verb:set package 'jsc_mecanum_controller' build argument 'cmake_args' from command line to 'None'
[1.958s] Level 5:colcon.colcon_core.verb:set package 'jsc_mecanum_controller' build argument 'cmake_target' from command line to 'None'
[1.958s] Level 5:colcon.colcon_core.verb:set package 'jsc_mecanum_controller' build argument 'cmake_target_skip_unavailable' from command line to 'False'
[1.959s] Level 5:colcon.colcon_core.verb:set package 'jsc_mecanum_controller' build argument 'cmake_clean_cache' from command line to 'False'
[1.959s] Level 5:colcon.colcon_core.verb:set package 'jsc_mecanum_controller' build argument 'cmake_clean_first' from command line to 'False'
[1.959s] Level 5:colcon.colcon_core.verb:set package 'jsc_mecanum_controller' build argument 'cmake_force_configure' from command line to 'False'
[1.959s] Level 5:colcon.colcon_core.verb:set package 'jsc_mecanum_controller' build argument 'ament_cmake_args' from command line to 'None'
[1.959s] Level 5:colcon.colcon_core.verb:set package 'jsc_mecanum_controller' build argument 'catkin_cmake_args' from command line to 'None'
[1.959s] Level 5:colcon.colcon_core.verb:set package 'jsc_mecanum_controller' build argument 'catkin_skip_building_tests' from command line to 'False'
[1.959s] DEBUG:colcon.colcon_core.verb:Building package 'jsc_mecanum_controller' with the following arguments: {'ament_cmake_args': None, 'build_base': '/home/pi/ros2_ws/build/jsc_mecanum_controller', 'catkin_cmake_args': None, 'catkin_skip_building_tests': False, 'cmake_args': None, 'cmake_clean_cache': False, 'cmake_clean_first': False, 'cmake_force_configure': False, 'cmake_target': None, 'cmake_target_skip_unavailable': False, 'install_base': '/home/pi/ros2_ws/install/jsc_mecanum_controller', 'merge_install': False, 'path': '/home/pi/ros2_ws/src/jsc_mecanum_controller', 'symlink_install': False, 'test_result_base': None}
[1.961s] Level 5:colcon.colcon_core.verb:set package 'jsc_mecanum_description' build argument 'cmake_args' from command line to 'None'
[1.961s] Level 5:colcon.colcon_core.verb:set package 'jsc_mecanum_description' build argument 'cmake_target' from command line to 'None'
[1.962s] Level 5:colcon.colcon_core.verb:set package 'jsc_mecanum_description' build argument 'cmake_target_skip_unavailable' from command line to 'False'
[1.962s] Level 5:colcon.colcon_core.verb:set package 'jsc_mecanum_description' build argument 'cmake_clean_cache' from command line to 'False'
[1.962s] Level 5:colcon.colcon_core.verb:set package 'jsc_mecanum_description' build argument 'cmake_clean_first' from command line to 'False'
[1.962s] Level 5:colcon.colcon_core.verb:set package 'jsc_mecanum_description' build argument 'cmake_force_configure' from command line to 'False'
[1.962s] Level 5:colcon.colcon_core.verb:set package 'jsc_mecanum_description' build argument 'ament_cmake_args' from command line to 'None'
[1.962s] Level 5:colcon.colcon_core.verb:set package 'jsc_mecanum_description' build argument 'catkin_cmake_args' from command line to 'None'
[1.962s] Level 5:colcon.colcon_core.verb:set package 'jsc_mecanum_description' build argument 'catkin_skip_building_tests' from command line to 'False'
[1.962s] DEBUG:colcon.colcon_core.verb:Building package 'jsc_mecanum_description' with the following arguments: {'ament_cmake_args': None, 'build_base': '/home/pi/ros2_ws/build/jsc_mecanum_description', 'catkin_cmake_args': None, 'catkin_skip_building_tests': False, 'cmake_args': None, 'cmake_clean_cache': False, 'cmake_clean_first': False, 'cmake_force_configure': False, 'cmake_target': None, 'cmake_target_skip_unavailable': False, 'install_base': '/home/pi/ros2_ws/install/jsc_mecanum_description', 'merge_install': False, 'path': '/home/pi/ros2_ws/src/jsc_mecanum_description', 'symlink_install': False, 'test_result_base': None}
[1.964s] Level 5:colcon.colcon_core.verb:set package 'jsc_mecanum_hardware' build argument 'cmake_args' from command line to 'None'
[1.964s] Level 5:colcon.colcon_core.verb:set package 'jsc_mecanum_hardware' build argument 'cmake_target' from command line to 'None'
[1.964s] Level 5:colcon.colcon_core.verb:set package 'jsc_mecanum_hardware' build argument 'cmake_target_skip_unavailable' from command line to 'False'
[1.965s] Level 5:colcon.colcon_core.verb:set package 'jsc_mecanum_hardware' build argument 'cmake_clean_cache' from command line to 'False'
[1.965s] Level 5:colcon.colcon_core.verb:set package 'jsc_mecanum_hardware' build argument 'cmake_clean_first' from command line to 'False'
[1.965s] Level 5:colcon.colcon_core.verb:set package 'jsc_mecanum_hardware' build argument 'cmake_force_configure' from command line to 'False'
[1.965s] Level 5:colcon.colcon_core.verb:set package 'jsc_mecanum_hardware' build argument 'ament_cmake_args' from command line to 'None'
[1.965s] Level 5:colcon.colcon_core.verb:set package 'jsc_mecanum_hardware' build argument 'catkin_cmake_args' from command line to 'None'
[1.965s] Level 5:colcon.colcon_core.verb:set package 'jsc_mecanum_hardware' build argument 'catkin_skip_building_tests' from command line to 'False'
[1.965s] DEBUG:colcon.colcon_core.verb:Building package 'jsc_mecanum_hardware' with the following arguments: {'ament_cmake_args': None, 'build_base': '/home/pi/ros2_ws/build/jsc_mecanum_hardware', 'catkin_cmake_args': None, 'catkin_skip_building_tests': False, 'cmake_args': None, 'cmake_clean_cache': False, 'cmake_clean_first': False, 'cmake_force_configure': False, 'cmake_target': None, 'cmake_target_skip_unavailable': False, 'install_base': '/home/pi/ros2_ws/install/jsc_mecanum_hardware', 'merge_install': False, 'path': '/home/pi/ros2_ws/src/jsc_mecanum_hardware', 'symlink_install': False, 'test_result_base': None}
[1.967s] Level 5:colcon.colcon_core.verb:set package 'jsc_mecanum_teleop' build argument 'cmake_args' from command line to 'None'
[1.967s] Level 5:colcon.colcon_core.verb:set package 'jsc_mecanum_teleop' build argument 'cmake_target' from command line to 'None'
[1.967s] Level 5:colcon.colcon_core.verb:set package 'jsc_mecanum_teleop' build argument 'cmake_target_skip_unavailable' from command line to 'False'
[1.968s] Level 5:colcon.colcon_core.verb:set package 'jsc_mecanum_teleop' build argument 'cmake_clean_cache' from command line to 'False'
[1.968s] Level 5:colcon.colcon_core.verb:set package 'jsc_mecanum_teleop' build argument 'cmake_clean_first' from command line to 'False'
[1.968s] Level 5:colcon.colcon_core.verb:set package 'jsc_mecanum_teleop' build argument 'cmake_force_configure' from command line to 'False'
[1.968s] Level 5:colcon.colcon_core.verb:set package 'jsc_mecanum_teleop' build argument 'ament_cmake_args' from command line to 'None'
[1.968s] Level 5:colcon.colcon_core.verb:set package 'jsc_mecanum_teleop' build argument 'catkin_cmake_args' from command line to 'None'
[1.968s] Level 5:colcon.colcon_core.verb:set package 'jsc_mecanum_teleop' build argument 'catkin_skip_building_tests' from command line to 'False'
[1.968s] DEBUG:colcon.colcon_core.verb:Building package 'jsc_mecanum_teleop' with the following arguments: {'ament_cmake_args': None, 'build_base': '/home/pi/ros2_ws/build/jsc_mecanum_teleop', 'catkin_cmake_args': None, 'catkin_skip_building_tests': False, 'cmake_args': None, 'cmake_clean_cache': False, 'cmake_clean_first': False, 'cmake_force_configure': False, 'cmake_target': None, 'cmake_target_skip_unavailable': False, 'install_base': '/home/pi/ros2_ws/install/jsc_mecanum_teleop', 'merge_install': False, 'path': '/home/pi/ros2_ws/src/jsc_mecanum_teleop', 'symlink_install': False, 'test_result_base': None}
[1.970s] Level 5:colcon.colcon_core.verb:set package 'motor_gui_pkg' build argument 'cmake_args' from command line to 'None'
[1.970s] Level 5:colcon.colcon_core.verb:set package 'motor_gui_pkg' build argument 'cmake_target' from command line to 'None'
[1.970s] Level 5:colcon.colcon_core.verb:set package 'motor_gui_pkg' build argument 'cmake_target_skip_unavailable' from command line to 'False'
[1.970s] Level 5:colcon.colcon_core.verb:set package 'motor_gui_pkg' build argument 'cmake_clean_cache' from command line to 'False'
[1.971s] Level 5:colcon.colcon_core.verb:set package 'motor_gui_pkg' build argument 'cmake_clean_first' from command line to 'False'
[1.971s] Level 5:colcon.colcon_core.verb:set package 'motor_gui_pkg' build argument 'cmake_force_configure' from command line to 'False'
[1.971s] Level 5:colcon.colcon_core.verb:set package 'motor_gui_pkg' build argument 'ament_cmake_args' from command line to 'None'
[1.971s] Level 5:colcon.colcon_core.verb:set package 'motor_gui_pkg' build argument 'catkin_cmake_args' from command line to 'None'
[1.971s] Level 5:colcon.colcon_core.verb:set package 'motor_gui_pkg' build argument 'catkin_skip_building_tests' from command line to 'False'
[1.971s] DEBUG:colcon.colcon_core.verb:Building package 'motor_gui_pkg' with the following arguments: {'ament_cmake_args': None, 'build_base': '/home/pi/ros2_ws/build/motor_gui_pkg', 'catkin_cmake_args': None, 'catkin_skip_building_tests': False, 'cmake_args': None, 'cmake_clean_cache': False, 'cmake_clean_first': False, 'cmake_force_configure': False, 'cmake_target': None, 'cmake_target_skip_unavailable': False, 'install_base': '/home/pi/ros2_ws/install/motor_gui_pkg', 'merge_install': False, 'path': '/home/pi/ros2_ws/src/motor_gui_pkg', 'symlink_install': False, 'test_result_base': None}
[1.973s] Level 5:colcon.colcon_core.verb:set package 'robot_serial' build argument 'cmake_args' from command line to 'None'
[1.973s] Level 5:colcon.colcon_core.verb:set package 'robot_serial' build argument 'cmake_target' from command line to 'None'
[1.973s] Level 5:colcon.colcon_core.verb:set package 'robot_serial' build argument 'cmake_target_skip_unavailable' from command line to 'False'
[1.973s] Level 5:colcon.colcon_core.verb:set package 'robot_serial' build argument 'cmake_clean_cache' from command line to 'False'
[1.974s] Level 5:colcon.colcon_core.verb:set package 'robot_serial' build argument 'cmake_clean_first' from command line to 'False'
[1.974s] Level 5:colcon.colcon_core.verb:set package 'robot_serial' build argument 'cmake_force_configure' from command line to 'False'
[1.974s] Level 5:colcon.colcon_core.verb:set package 'robot_serial' build argument 'ament_cmake_args' from command line to 'None'
[1.974s] Level 5:colcon.colcon_core.verb:set package 'robot_serial' build argument 'catkin_cmake_args' from command line to 'None'
[1.974s] Level 5:colcon.colcon_core.verb:set package 'robot_serial' build argument 'catkin_skip_building_tests' from command line to 'False'
[1.974s] DEBUG:colcon.colcon_core.verb:Building package 'robot_serial' with the following arguments: {'ament_cmake_args': None, 'build_base': '/home/pi/ros2_ws/build/robot_serial', 'catkin_cmake_args': None, 'catkin_skip_building_tests': False, 'cmake_args': None, 'cmake_clean_cache': False, 'cmake_clean_first': False, 'cmake_force_configure': False, 'cmake_target': None, 'cmake_target_skip_unavailable': False, 'install_base': '/home/pi/ros2_ws/install/robot_serial', 'merge_install': False, 'path': '/home/pi/ros2_ws/src/robot_serial', 'symlink_install': False, 'test_result_base': None}
[1.976s] Level 5:colcon.colcon_core.verb:set package 'sllidar_ros2' build argument 'cmake_args' from command line to 'None'
[1.976s] Level 5:colcon.colcon_core.verb:set package 'sllidar_ros2' build argument 'cmake_target' from command line to 'None'
[1.976s] Level 5:colcon.colcon_core.verb:set package 'sllidar_ros2' build argument 'cmake_target_skip_unavailable' from command line to 'False'
[1.976s] Level 5:colcon.colcon_core.verb:set package 'sllidar_ros2' build argument 'cmake_clean_cache' from command line to 'False'
[1.976s] Level 5:colcon.colcon_core.verb:set package 'sllidar_ros2' build argument 'cmake_clean_first' from command line to 'False'
[1.977s] Level 5:colcon.colcon_core.verb:set package 'sllidar_ros2' build argument 'cmake_force_configure' from command line to 'False'
[1.977s] Level 5:colcon.colcon_core.verb:set package 'sllidar_ros2' build argument 'ament_cmake_args' from command line to 'None'
[1.977s] Level 5:colcon.colcon_core.verb:set package 'sllidar_ros2' build argument 'catkin_cmake_args' from command line to 'None'
[1.977s] Level 5:colcon.colcon_core.verb:set package 'sllidar_ros2' build argument 'catkin_skip_building_tests' from command line to 'False'
[1.977s] DEBUG:colcon.colcon_core.verb:Building package 'sllidar_ros2' with the following arguments: {'ament_cmake_args': None, 'build_base': '/home/pi/ros2_ws/build/sllidar_ros2', 'catkin_cmake_args': None, 'catkin_skip_building_tests': False, 'cmake_args': None, 'cmake_clean_cache': False, 'cmake_clean_first': False, 'cmake_force_configure': False, 'cmake_target': None, 'cmake_target_skip_unavailable': False, 'install_base': '/home/pi/ros2_ws/install/sllidar_ros2', 'merge_install': False, 'path': '/home/pi/ros2_ws/src/sllidar_ros2', 'symlink_install': False, 'test_result_base': None}
[1.979s] Level 5:colcon.colcon_core.verb:set package 'jsc_mecanum_bringup' build argument 'cmake_args' from command line to 'None'
[1.979s] Level 5:colcon.colcon_core.verb:set package 'jsc_mecanum_bringup' build argument 'cmake_target' from command line to 'None'
[1.979s] Level 5:colcon.colcon_core.verb:set package 'jsc_mecanum_bringup' build argument 'cmake_target_skip_unavailable' from command line to 'False'
[1.979s] Level 5:colcon.colcon_core.verb:set package 'jsc_mecanum_bringup' build argument 'cmake_clean_cache' from command line to 'False'
[1.979s] Level 5:colcon.colcon_core.verb:set package 'jsc_mecanum_bringup' build argument 'cmake_clean_first' from command line to 'False'
[1.980s] Level 5:colcon.colcon_core.verb:set package 'jsc_mecanum_bringup' build argument 'cmake_force_configure' from command line to 'False'
[1.980s] Level 5:colcon.colcon_core.verb:set package 'jsc_mecanum_bringup' build argument 'ament_cmake_args' from command line to 'None'
[1.980s] Level 5:colcon.colcon_core.verb:set package 'jsc_mecanum_bringup' build argument 'catkin_cmake_args' from command line to 'None'
[1.980s] Level 5:colcon.colcon_core.verb:set package 'jsc_mecanum_bringup' build argument 'catkin_skip_building_tests' from command line to 'False'
[1.980s] DEBUG:colcon.colcon_core.verb:Building package 'jsc_mecanum_bringup' with the following arguments: {'ament_cmake_args': None, 'build_base': '/home/pi/ros2_ws/build/jsc_mecanum_bringup', 'catkin_cmake_args': None, 'catkin_skip_building_tests': False, 'cmake_args': None, 'cmake_clean_cache': False, 'cmake_clean_first': False, 'cmake_force_configure': False, 'cmake_target': None, 'cmake_target_skip_unavailable': False, 'install_base': '/home/pi/ros2_ws/install/jsc_mecanum_bringup', 'merge_install': False, 'path': '/home/pi/ros2_ws/src/jsc_mecanum_bringup', 'symlink_install': False, 'test_result_base': None}
[1.981s] INFO:colcon.colcon_core.executor:Executing jobs using 'parallel' executor
[1.984s] DEBUG:colcon.colcon_parallel_executor.executor.parallel:run_until_complete
[1.986s] INFO:colcon.colcon_ros.task.ament_cmake.build:Building ROS package in '/home/pi/ros2_ws/src/jsc_mecanum_description' with build type 'ament_cmake'
[1.986s] INFO:colcon.colcon_cmake.task.cmake.build:Building CMake package in '/home/pi/ros2_ws/src/jsc_mecanum_description'
[1.998s] INFO:colcon.colcon_core.plugin_system:Skipping extension 'colcon_core.shell.bat': Not used on non-Windows systems
[1.999s] INFO:colcon.colcon_core.shell:Skip shell extension 'powershell' for command environment: Not usable outside of PowerShell
[1.999s] DEBUG:colcon.colcon_core.shell:Skip shell extension 'dsv' for command environment
[2.024s] INFO:colcon.colcon_ros.task.ament_cmake.build:Building ROS package in '/home/pi/ros2_ws/src/jsc_mecanum_control' with build type 'ament_cmake'
[2.025s] INFO:colcon.colcon_cmake.task.cmake.build:Building CMake package in '/home/pi/ros2_ws/src/jsc_mecanum_control'
[2.026s] INFO:colcon.colcon_core.shell:Skip shell extension 'powershell' for command environment: Not usable outside of PowerShell
[2.027s] DEBUG:colcon.colcon_core.shell:Skip shell extension 'dsv' for command environment
[2.054s] INFO:colcon.colcon_ros.task.ament_cmake.build:Building ROS package in '/home/pi/ros2_ws/src/jsc_mecanum_controller' with build type 'ament_cmake'
[2.054s] INFO:colcon.colcon_cmake.task.cmake.build:Building CMake package in '/home/pi/ros2_ws/src/jsc_mecanum_controller'
[2.056s] INFO:colcon.colcon_core.shell:Skip shell extension 'powershell' for command environment: Not usable outside of PowerShell
[2.056s] DEBUG:colcon.colcon_core.shell:Skip shell extension 'dsv' for command environment
[2.082s] INFO:colcon.colcon_ros.task.ament_cmake.build:Building ROS package in '/home/pi/ros2_ws/src/jsc_mecanum_hardware' with build type 'ament_cmake'
[2.083s] INFO:colcon.colcon_cmake.task.cmake.build:Building CMake package in '/home/pi/ros2_ws/src/jsc_mecanum_hardware'
[2.084s] INFO:colcon.colcon_core.shell:Skip shell extension 'powershell' for command environment: Not usable outside of PowerShell
[2.085s] DEBUG:colcon.colcon_core.shell:Skip shell extension 'dsv' for command environment
[2.139s] DEBUG:colcon.colcon_core.event_handler.log_command:Invoking command in '/home/pi/ros2_ws/build/jsc_mecanum_description': CMAKE_PREFIX_PATH=${CMAKE_PREFIX_PATH}:/home/pi/ros2_ws/install/robot_serial:/home/pi/ros2_ws/install/motor_gui_pkg:/opt/ros/humble /usr/bin/cmake --build /home/pi/ros2_ws/build/jsc_mecanum_description -- -j4 -l4
[2.172s] DEBUG:colcon.colcon_core.event_handler.log_command:Invoking command in '/home/pi/ros2_ws/build/jsc_mecanum_control': CMAKE_PREFIX_PATH=${CMAKE_PREFIX_PATH}:/home/pi/ros2_ws/install/robot_serial:/home/pi/ros2_ws/install/motor_gui_pkg:/opt/ros/humble /usr/bin/cmake --build /home/pi/ros2_ws/build/jsc_mecanum_control -- -j4 -l4
[2.178s] DEBUG:colcon.colcon_core.event_handler.log_command:Invoking command in '/home/pi/ros2_ws/build/jsc_mecanum_controller': CMAKE_PREFIX_PATH=${CMAKE_PREFIX_PATH}:/home/pi/ros2_ws/install/robot_serial:/home/pi/ros2_ws/install/motor_gui_pkg:/opt/ros/humble /usr/bin/cmake --build /home/pi/ros2_ws/build/jsc_mecanum_controller -- -j4 -l4
[2.228s] DEBUG:colcon.colcon_core.event_handler.log_command:Invoking command in '/home/pi/ros2_ws/build/jsc_mecanum_hardware': CMAKE_PREFIX_PATH=${CMAKE_PREFIX_PATH}:/home/pi/ros2_ws/install/robot_serial:/home/pi/ros2_ws/install/motor_gui_pkg:/opt/ros/humble /usr/bin/cmake --build /home/pi/ros2_ws/build/jsc_mecanum_hardware -- -j4 -l4
[2.338s] DEBUG:colcon.colcon_core.event_handler.log_command:Invoked command in '/home/pi/ros2_ws/build/jsc_mecanum_description' returned '0': CMAKE_PREFIX_PATH=${CMAKE_PREFIX_PATH}:/home/pi/ros2_ws/install/robot_serial:/home/pi/ros2_ws/install/motor_gui_pkg:/opt/ros/humble /usr/bin/cmake --build /home/pi/ros2_ws/build/jsc_mecanum_description -- -j4 -l4
[2.594s] DEBUG:colcon.colcon_core.event_handler.log_command:Invoking command in '/home/pi/ros2_ws/build/jsc_mecanum_description': CMAKE_PREFIX_PATH=${CMAKE_PREFIX_PATH}:/home/pi/ros2_ws/install/robot_serial:/home/pi/ros2_ws/install/motor_gui_pkg:/opt/ros/humble /usr/bin/cmake --install /home/pi/ros2_ws/build/jsc_mecanum_description
[2.602s] DEBUG:colcon.colcon_core.event_handler.log_command:Invoked command in '/home/pi/ros2_ws/build/jsc_mecanum_control' returned '0': CMAKE_PREFIX_PATH=${CMAKE_PREFIX_PATH}:/home/pi/ros2_ws/install/robot_serial:/home/pi/ros2_ws/install/motor_gui_pkg:/opt/ros/humble /usr/bin/cmake --build /home/pi/ros2_ws/build/jsc_mecanum_control -- -j4 -l4
[2.623s] DEBUG:colcon.colcon_core.event_handler.log_command:Invoked command in '/home/pi/ros2_ws/build/jsc_mecanum_controller' returned '0': CMAKE_PREFIX_PATH=${CMAKE_PREFIX_PATH}:/home/pi/ros2_ws/install/robot_serial:/home/pi/ros2_ws/install/motor_gui_pkg:/opt/ros/humble /usr/bin/cmake --build /home/pi/ros2_ws/build/jsc_mecanum_controller -- -j4 -l4
[2.709s] DEBUG:colcon.colcon_core.event_handler.log_command:Invoked command in '/home/pi/ros2_ws/build/jsc_mecanum_hardware' returned '0': CMAKE_PREFIX_PATH=${CMAKE_PREFIX_PATH}:/home/pi/ros2_ws/install/robot_serial:/home/pi/ros2_ws/install/motor_gui_pkg:/opt/ros/humble /usr/bin/cmake --build /home/pi/ros2_ws/build/jsc_mecanum_hardware -- -j4 -l4
[2.749s] Level 1:colcon.colcon_core.environment:create_environment_scripts_only(jsc_mecanum_description)
[2.757s] DEBUG:colcon.colcon_core.event_handler.log_command:Invoked command in '/home/pi/ros2_ws/build/jsc_mecanum_description' returned '0': CMAKE_PREFIX_PATH=${CMAKE_PREFIX_PATH}:/home/pi/ros2_ws/install/robot_serial:/home/pi/ros2_ws/install/motor_gui_pkg:/opt/ros/humble /usr/bin/cmake --install /home/pi/ros2_ws/build/jsc_mecanum_description
[2.765s] Level 1:colcon.colcon_core.environment:checking '/home/pi/ros2_ws/install/jsc_mecanum_description' for CMake module files
[2.769s] Level 1:colcon.colcon_core.environment:checking '/home/pi/ros2_ws/install/jsc_mecanum_description' for CMake config files
[2.774s] Level 1:colcon.colcon_core.shell:create_environment_hook('jsc_mecanum_description', 'cmake_prefix_path')
[2.775s] INFO:colcon.colcon_core.shell:Creating environment hook '/home/pi/ros2_ws/install/jsc_mecanum_description/share/jsc_mecanum_description/hook/cmake_prefix_path.ps1'
[2.779s] INFO:colcon.colcon_core.shell:Creating environment descriptor '/home/pi/ros2_ws/install/jsc_mecanum_description/share/jsc_mecanum_description/hook/cmake_prefix_path.dsv'
[2.781s] INFO:colcon.colcon_core.shell:Creating environment hook '/home/pi/ros2_ws/install/jsc_mecanum_description/share/jsc_mecanum_description/hook/cmake_prefix_path.sh'
[2.787s] Level 1:colcon.colcon_core.environment:checking '/home/pi/ros2_ws/install/jsc_mecanum_description/bin'
[2.787s] Level 1:colcon.colcon_core.environment:checking '/home/pi/ros2_ws/install/jsc_mecanum_description/lib/pkgconfig/jsc_mecanum_description.pc'
[2.789s] Level 1:colcon.colcon_core.environment:checking '/home/pi/ros2_ws/install/jsc_mecanum_description/lib/python3.10/site-packages'
[2.790s] Level 1:colcon.colcon_core.environment:checking '/home/pi/ros2_ws/install/jsc_mecanum_description/bin'
[2.792s] INFO:colcon.colcon_core.shell:Creating package script '/home/pi/ros2_ws/install/jsc_mecanum_description/share/jsc_mecanum_description/package.ps1'
[2.797s] INFO:colcon.colcon_core.shell:Creating package descriptor '/home/pi/ros2_ws/install/jsc_mecanum_description/share/jsc_mecanum_description/package.dsv'
[2.800s] INFO:colcon.colcon_core.shell:Creating package script '/home/pi/ros2_ws/install/jsc_mecanum_description/share/jsc_mecanum_description/package.sh'
[2.804s] INFO:colcon.colcon_core.shell:Creating package script '/home/pi/ros2_ws/install/jsc_mecanum_description/share/jsc_mecanum_description/package.bash'
[2.811s] INFO:colcon.colcon_core.shell:Creating package script '/home/pi/ros2_ws/install/jsc_mecanum_description/share/jsc_mecanum_description/package.zsh'
[2.816s] Level 1:colcon.colcon_core.environment:create_file_with_runtime_dependencies(/home/pi/ros2_ws/install/jsc_mecanum_description/share/colcon-core/packages/jsc_mecanum_description)
[2.850s] DEBUG:colcon.colcon_core.event_handler.log_command:Invoking command in '/home/pi/ros2_ws/build/jsc_mecanum_controller': CMAKE_PREFIX_PATH=${CMAKE_PREFIX_PATH}:/home/pi/ros2_ws/install/robot_serial:/home/pi/ros2_ws/install/motor_gui_pkg:/opt/ros/humble /usr/bin/cmake --install /home/pi/ros2_ws/build/jsc_mecanum_controller
[2.866s] DEBUG:colcon.colcon_core.event_handler.log_command:Invoking command in '/home/pi/ros2_ws/build/jsc_mecanum_control': CMAKE_PREFIX_PATH=${CMAKE_PREFIX_PATH}:/home/pi/ros2_ws/install/robot_serial:/home/pi/ros2_ws/install/motor_gui_pkg:/opt/ros/humble /usr/bin/cmake --install /home/pi/ros2_ws/build/jsc_mecanum_control
[2.894s] DEBUG:colcon.colcon_core.event_handler.log_command:Invoking command in '/home/pi/ros2_ws/build/jsc_mecanum_hardware': CMAKE_PREFIX_PATH=${CMAKE_PREFIX_PATH}:/home/pi/ros2_ws/install/robot_serial:/home/pi/ros2_ws/install/motor_gui_pkg:/opt/ros/humble /usr/bin/cmake --install /home/pi/ros2_ws/build/jsc_mecanum_hardware
[2.973s] Level 1:colcon.colcon_core.environment:create_environment_scripts_only(jsc_mecanum_description)
[2.978s] Level 1:colcon.colcon_core.environment:checking '/home/pi/ros2_ws/install/jsc_mecanum_description' for CMake module files
[2.986s] Level 1:colcon.colcon_core.environment:checking '/home/pi/ros2_ws/install/jsc_mecanum_description' for CMake config files
[2.999s] Level 1:colcon.colcon_core.shell:create_environment_hook('jsc_mecanum_description', 'cmake_prefix_path')
[3.000s] INFO:colcon.colcon_core.shell:Creating environment hook '/home/pi/ros2_ws/install/jsc_mecanum_description/share/jsc_mecanum_description/hook/cmake_prefix_path.ps1'
[3.006s] INFO:colcon.colcon_core.shell:Creating environment descriptor '/home/pi/ros2_ws/install/jsc_mecanum_description/share/jsc_mecanum_description/hook/cmake_prefix_path.dsv'
[3.009s] INFO:colcon.colcon_core.shell:Creating environment hook '/home/pi/ros2_ws/install/jsc_mecanum_description/share/jsc_mecanum_description/hook/cmake_prefix_path.sh'
[3.013s] Level 1:colcon.colcon_core.environment:checking '/home/pi/ros2_ws/install/jsc_mecanum_description/bin'
[3.014s] Level 1:colcon.colcon_core.environment:checking '/home/pi/ros2_ws/install/jsc_mecanum_description/lib/pkgconfig/jsc_mecanum_description.pc'
[3.016s] Level 1:colcon.colcon_core.environment:checking '/home/pi/ros2_ws/install/jsc_mecanum_description/lib/python3.10/site-packages'
[3.017s] Level 1:colcon.colcon_core.environment:checking '/home/pi/ros2_ws/install/jsc_mecanum_description/bin'
[3.019s] INFO:colcon.colcon_core.shell:Creating package script '/home/pi/ros2_ws/install/jsc_mecanum_description/share/jsc_mecanum_description/package.ps1'
[3.022s] INFO:colcon.colcon_core.shell:Creating package descriptor '/home/pi/ros2_ws/install/jsc_mecanum_description/share/jsc_mecanum_description/package.dsv'
[3.026s] INFO:colcon.colcon_core.shell:Creating package script '/home/pi/ros2_ws/install/jsc_mecanum_description/share/jsc_mecanum_description/package.sh'
[3.029s] INFO:colcon.colcon_core.shell:Creating package script '/home/pi/ros2_ws/install/jsc_mecanum_description/share/jsc_mecanum_description/package.bash'
[3.033s] INFO:colcon.colcon_core.shell:Creating package script '/home/pi/ros2_ws/install/jsc_mecanum_description/share/jsc_mecanum_description/package.zsh'
[3.036s] Level 1:colcon.colcon_core.environment:create_file_with_runtime_dependencies(/home/pi/ros2_ws/install/jsc_mecanum_description/share/colcon-core/packages/jsc_mecanum_description)
[3.040s] INFO:colcon.colcon_ros.task.ament_cmake.build:Building ROS package in '/home/pi/ros2_ws/src/jsc_mecanum_teleop' with build type 'ament_cmake'
[3.041s] INFO:colcon.colcon_cmake.task.cmake.build:Building CMake package in '/home/pi/ros2_ws/src/jsc_mecanum_teleop'
[3.042s] INFO:colcon.colcon_core.shell:Skip shell extension 'powershell' for command environment: Not usable outside of PowerShell
[3.044s] DEBUG:colcon.colcon_core.shell:Skip shell extension 'dsv' for command environment
[3.078s] Level 1:colcon.colcon_core.environment:create_environment_scripts_only(jsc_mecanum_controller)
[3.079s] Level 1:colcon.colcon_core.environment:checking '/home/pi/ros2_ws/install/jsc_mecanum_controller' for CMake module files
[3.081s] DEBUG:colcon.colcon_core.event_handler.log_command:Invoked command in '/home/pi/ros2_ws/build/jsc_mecanum_controller' returned '0': CMAKE_PREFIX_PATH=${CMAKE_PREFIX_PATH}:/home/pi/ros2_ws/install/robot_serial:/home/pi/ros2_ws/install/motor_gui_pkg:/opt/ros/humble /usr/bin/cmake --install /home/pi/ros2_ws/build/jsc_mecanum_controller
[3.084s] Level 1:colcon.colcon_core.environment:checking '/home/pi/ros2_ws/install/jsc_mecanum_controller' for CMake config files
[3.088s] Level 1:colcon.colcon_core.shell:create_environment_hook('jsc_mecanum_controller', 'cmake_prefix_path')
[3.089s] INFO:colcon.colcon_core.shell:Creating environment hook '/home/pi/ros2_ws/install/jsc_mecanum_controller/share/jsc_mecanum_controller/hook/cmake_prefix_path.ps1'
[3.092s] INFO:colcon.colcon_core.shell:Creating environment descriptor '/home/pi/ros2_ws/install/jsc_mecanum_controller/share/jsc_mecanum_controller/hook/cmake_prefix_path.dsv'
[3.094s] INFO:colcon.colcon_core.shell:Creating environment hook '/home/pi/ros2_ws/install/jsc_mecanum_controller/share/jsc_mecanum_controller/hook/cmake_prefix_path.sh'
[3.098s] Level 1:colcon.colcon_core.environment:checking '/home/pi/ros2_ws/install/jsc_mecanum_controller/lib'
[3.098s] Level 1:colcon.colcon_core.shell:create_environment_hook('jsc_mecanum_controller', 'ld_library_path_lib')
[3.100s] INFO:colcon.colcon_core.shell:Creating environment hook '/home/pi/ros2_ws/install/jsc_mecanum_controller/share/jsc_mecanum_controller/hook/ld_library_path_lib.ps1'
[3.102s] INFO:colcon.colcon_core.shell:Creating environment descriptor '/home/pi/ros2_ws/install/jsc_mecanum_controller/share/jsc_mecanum_controller/hook/ld_library_path_lib.dsv'
[3.104s] INFO:colcon.colcon_core.shell:Creating environment hook '/home/pi/ros2_ws/install/jsc_mecanum_controller/share/jsc_mecanum_controller/hook/ld_library_path_lib.sh'
[3.107s] Level 1:colcon.colcon_core.environment:checking '/home/pi/ros2_ws/install/jsc_mecanum_controller/bin'
[3.108s] Level 1:colcon.colcon_core.environment:checking '/home/pi/ros2_ws/install/jsc_mecanum_controller/lib/pkgconfig/jsc_mecanum_controller.pc'
[3.109s] Level 1:colcon.colcon_core.environment:checking '/home/pi/ros2_ws/install/jsc_mecanum_controller/lib/python3.10/site-packages'
[3.110s] Level 1:colcon.colcon_core.environment:checking '/home/pi/ros2_ws/install/jsc_mecanum_controller/bin'
[3.111s] INFO:colcon.colcon_core.shell:Creating package script '/home/pi/ros2_ws/install/jsc_mecanum_controller/share/jsc_mecanum_controller/package.ps1'
[3.115s] INFO:colcon.colcon_core.shell:Creating package descriptor '/home/pi/ros2_ws/install/jsc_mecanum_controller/share/jsc_mecanum_controller/package.dsv'
[3.118s] INFO:colcon.colcon_core.shell:Creating package script '/home/pi/ros2_ws/install/jsc_mecanum_controller/share/jsc_mecanum_controller/package.sh'
[3.120s] INFO:colcon.colcon_core.shell:Creating package script '/home/pi/ros2_ws/install/jsc_mecanum_controller/share/jsc_mecanum_controller/package.bash'
[3.123s] INFO:colcon.colcon_core.shell:Creating package script '/home/pi/ros2_ws/install/jsc_mecanum_controller/share/jsc_mecanum_controller/package.zsh'
[3.125s] Level 1:colcon.colcon_core.environment:create_file_with_runtime_dependencies(/home/pi/ros2_ws/install/jsc_mecanum_controller/share/colcon-core/packages/jsc_mecanum_controller)
[3.133s] Level 1:colcon.colcon_core.environment:create_environment_scripts_only(jsc_mecanum_control)
[3.135s] Level 1:colcon.colcon_core.environment:checking '/home/pi/ros2_ws/install/jsc_mecanum_control' for CMake module files
[3.137s] DEBUG:colcon.colcon_core.event_handler.log_command:Invoked command in '/home/pi/ros2_ws/build/jsc_mecanum_control' returned '0': CMAKE_PREFIX_PATH=${CMAKE_PREFIX_PATH}:/home/pi/ros2_ws/install/robot_serial:/home/pi/ros2_ws/install/motor_gui_pkg:/opt/ros/humble /usr/bin/cmake --install /home/pi/ros2_ws/build/jsc_mecanum_control
[3.140s] Level 1:colcon.colcon_core.environment:checking '/home/pi/ros2_ws/install/jsc_mecanum_control' for CMake config files
[3.143s] Level 1:colcon.colcon_core.shell:create_environment_hook('jsc_mecanum_control', 'cmake_prefix_path')
[3.144s] INFO:colcon.colcon_core.shell:Creating environment hook '/home/pi/ros2_ws/install/jsc_mecanum_control/share/jsc_mecanum_control/hook/cmake_prefix_path.ps1'
[3.147s] INFO:colcon.colcon_core.shell:Creating environment descriptor '/home/pi/ros2_ws/install/jsc_mecanum_control/share/jsc_mecanum_control/hook/cmake_prefix_path.dsv'
[3.150s] INFO:colcon.colcon_core.shell:Creating environment hook '/home/pi/ros2_ws/install/jsc_mecanum_control/share/jsc_mecanum_control/hook/cmake_prefix_path.sh'
[3.154s] Level 1:colcon.colcon_core.environment:checking '/home/pi/ros2_ws/install/jsc_mecanum_control/lib'
[3.154s] Level 1:colcon.colcon_core.environment:checking '/home/pi/ros2_ws/install/jsc_mecanum_control/bin'
[3.155s] Level 1:colcon.colcon_core.environment:checking '/home/pi/ros2_ws/install/jsc_mecanum_control/lib/pkgconfig/jsc_mecanum_control.pc'
[3.156s] Level 1:colcon.colcon_core.environment:checking '/home/pi/ros2_ws/install/jsc_mecanum_control/lib/python3.10/site-packages'
[3.158s] Level 1:colcon.colcon_core.environment:checking '/home/pi/ros2_ws/install/jsc_mecanum_control/bin'
[3.159s] INFO:colcon.colcon_core.shell:Creating package script '/home/pi/ros2_ws/install/jsc_mecanum_control/share/jsc_mecanum_control/package.ps1'
[3.162s] INFO:colcon.colcon_core.shell:Creating package descriptor '/home/pi/ros2_ws/install/jsc_mecanum_control/share/jsc_mecanum_control/package.dsv'
[3.165s] INFO:colcon.colcon_core.shell:Creating package script '/home/pi/ros2_ws/install/jsc_mecanum_control/share/jsc_mecanum_control/package.sh'
[3.168s] INFO:colcon.colcon_core.shell:Creating package script '/home/pi/ros2_ws/install/jsc_mecanum_control/share/jsc_mecanum_control/package.bash'
[3.170s] INFO:colcon.colcon_core.shell:Creating package script '/home/pi/ros2_ws/install/jsc_mecanum_control/share/jsc_mecanum_control/package.zsh'
[3.173s] Level 1:colcon.colcon_core.environment:create_file_with_runtime_dependencies(/home/pi/ros2_ws/install/jsc_mecanum_control/share/colcon-core/packages/jsc_mecanum_control)
[3.180s] Level 1:colcon.colcon_core.environment:create_environment_scripts_only(jsc_mecanum_hardware)
[3.182s] Level 1:colcon.colcon_core.environment:checking '/home/pi/ros2_ws/install/jsc_mecanum_hardware' for CMake module files
[3.185s] DEBUG:colcon.colcon_core.event_handler.log_command:Invoked command in '/home/pi/ros2_ws/build/jsc_mecanum_hardware' returned '0': CMAKE_PREFIX_PATH=${CMAKE_PREFIX_PATH}:/home/pi/ros2_ws/install/robot_serial:/home/pi/ros2_ws/install/motor_gui_pkg:/opt/ros/humble /usr/bin/cmake --install /home/pi/ros2_ws/build/jsc_mecanum_hardware
[3.188s] Level 1:colcon.colcon_core.environment:checking '/home/pi/ros2_ws/install/jsc_mecanum_hardware' for CMake config files
[3.192s] Level 1:colcon.colcon_core.shell:create_environment_hook('jsc_mecanum_hardware', 'cmake_prefix_path')
[3.193s] INFO:colcon.colcon_core.shell:Creating environment hook '/home/pi/ros2_ws/install/jsc_mecanum_hardware/share/jsc_mecanum_hardware/hook/cmake_prefix_path.ps1'
[3.197s] INFO:colcon.colcon_core.shell:Creating environment descriptor '/home/pi/ros2_ws/install/jsc_mecanum_hardware/share/jsc_mecanum_hardware/hook/cmake_prefix_path.dsv'
[3.199s] INFO:colcon.colcon_core.shell:Creating environment hook '/home/pi/ros2_ws/install/jsc_mecanum_hardware/share/jsc_mecanum_hardware/hook/cmake_prefix_path.sh'
[3.204s] Level 1:colcon.colcon_core.environment:checking '/home/pi/ros2_ws/install/jsc_mecanum_hardware/lib'
[3.204s] Level 1:colcon.colcon_core.shell:create_environment_hook('jsc_mecanum_hardware', 'ld_library_path_lib')
[3.206s] INFO:colcon.colcon_core.shell:Creating environment hook '/home/pi/ros2_ws/install/jsc_mecanum_hardware/share/jsc_mecanum_hardware/hook/ld_library_path_lib.ps1'
[3.208s] INFO:colcon.colcon_core.shell:Creating environment descriptor '/home/pi/ros2_ws/install/jsc_mecanum_hardware/share/jsc_mecanum_hardware/hook/ld_library_path_lib.dsv'
[3.211s] INFO:colcon.colcon_core.shell:Creating environment hook '/home/pi/ros2_ws/install/jsc_mecanum_hardware/share/jsc_mecanum_hardware/hook/ld_library_path_lib.sh'
[3.214s] Level 1:colcon.colcon_core.environment:checking '/home/pi/ros2_ws/install/jsc_mecanum_hardware/bin'
[3.216s] Level 1:colcon.colcon_core.environment:checking '/home/pi/ros2_ws/install/jsc_mecanum_hardware/lib/pkgconfig/jsc_mecanum_hardware.pc'
[3.217s] Level 1:colcon.colcon_core.environment:checking '/home/pi/ros2_ws/install/jsc_mecanum_hardware/lib/python3.10/site-packages'
[3.219s] Level 1:colcon.colcon_core.environment:checking '/home/pi/ros2_ws/install/jsc_mecanum_hardware/bin'
[3.221s] INFO:colcon.colcon_core.shell:Creating package script '/home/pi/ros2_ws/install/jsc_mecanum_hardware/share/jsc_mecanum_hardware/package.ps1'
[3.224s] INFO:colcon.colcon_core.shell:Creating package descriptor '/home/pi/ros2_ws/install/jsc_mecanum_hardware/share/jsc_mecanum_hardware/package.dsv'
[3.227s] INFO:colcon.colcon_core.shell:Creating package script '/home/pi/ros2_ws/install/jsc_mecanum_hardware/share/jsc_mecanum_hardware/package.sh'
[3.230s] INFO:colcon.colcon_core.shell:Creating package script '/home/pi/ros2_ws/install/jsc_mecanum_hardware/share/jsc_mecanum_hardware/package.bash'
[3.233s] INFO:colcon.colcon_core.shell:Creating package script '/home/pi/ros2_ws/install/jsc_mecanum_hardware/share/jsc_mecanum_hardware/package.zsh'
[3.236s] Level 1:colcon.colcon_core.environment:create_file_with_runtime_dependencies(/home/pi/ros2_ws/install/jsc_mecanum_hardware/share/colcon-core/packages/jsc_mecanum_hardware)
[3.264s] DEBUG:colcon.colcon_core.event_handler.log_command:Invoking command in '/home/pi/ros2_ws/build/jsc_mecanum_teleop': CMAKE_PREFIX_PATH=${CMAKE_PREFIX_PATH}:/home/pi/ros2_ws/install/robot_serial:/home/pi/ros2_ws/install/motor_gui_pkg:/opt/ros/humble /usr/bin/cmake --build /home/pi/ros2_ws/build/jsc_mecanum_teleop -- -j4 -l4
[3.312s] Level 1:colcon.colcon_core.environment:create_environment_scripts_only(jsc_mecanum_controller)
[3.313s] Level 1:colcon.colcon_core.environment:checking '/home/pi/ros2_ws/install/jsc_mecanum_controller' for CMake module files
[3.318s] Level 1:colcon.colcon_core.environment:checking '/home/pi/ros2_ws/install/jsc_mecanum_controller' for CMake config files
[3.325s] Level 1:colcon.colcon_core.shell:create_environment_hook('jsc_mecanum_controller', 'cmake_prefix_path')
[3.327s] INFO:colcon.colcon_core.shell:Creating environment hook '/home/pi/ros2_ws/install/jsc_mecanum_controller/share/jsc_mecanum_controller/hook/cmake_prefix_path.ps1'
[3.333s] INFO:colcon.colcon_core.shell:Creating environment descriptor '/home/pi/ros2_ws/install/jsc_mecanum_controller/share/jsc_mecanum_controller/hook/cmake_prefix_path.dsv'
[3.336s] INFO:colcon.colcon_core.shell:Creating environment hook '/home/pi/ros2_ws/install/jsc_mecanum_controller/share/jsc_mecanum_controller/hook/cmake_prefix_path.sh'
[3.340s] Level 1:colcon.colcon_core.environment:checking '/home/pi/ros2_ws/install/jsc_mecanum_controller/lib'
[3.341s] Level 1:colcon.colcon_core.shell:create_environment_hook('jsc_mecanum_controller', 'ld_library_path_lib')
[3.343s] INFO:colcon.colcon_core.shell:Creating environment hook '/home/pi/ros2_ws/install/jsc_mecanum_controller/share/jsc_mecanum_controller/hook/ld_library_path_lib.ps1'
[3.346s] INFO:colcon.colcon_core.shell:Creating environment descriptor '/home/pi/ros2_ws/install/jsc_mecanum_controller/share/jsc_mecanum_controller/hook/ld_library_path_lib.dsv'
[3.349s] INFO:colcon.colcon_core.shell:Creating environment hook '/home/pi/ros2_ws/install/jsc_mecanum_controller/share/jsc_mecanum_controller/hook/ld_library_path_lib.sh'
[3.352s] Level 1:colcon.colcon_core.environment:checking '/home/pi/ros2_ws/install/jsc_mecanum_controller/bin'
[3.352s] Level 1:colcon.colcon_core.environment:checking '/home/pi/ros2_ws/install/jsc_mecanum_controller/lib/pkgconfig/jsc_mecanum_controller.pc'
[3.353s] Level 1:colcon.colcon_core.environment:checking '/home/pi/ros2_ws/install/jsc_mecanum_controller/lib/python3.10/site-packages'
[3.355s] Level 1:colcon.colcon_core.environment:checking '/home/pi/ros2_ws/install/jsc_mecanum_controller/bin'
[3.357s] INFO:colcon.colcon_core.shell:Creating package script '/home/pi/ros2_ws/install/jsc_mecanum_controller/share/jsc_mecanum_controller/package.ps1'
[3.360s] INFO:colcon.colcon_core.shell:Creating package descriptor '/home/pi/ros2_ws/install/jsc_mecanum_controller/share/jsc_mecanum_controller/package.dsv'
[3.364s] INFO:colcon.colcon_core.shell:Creating package script '/home/pi/ros2_ws/install/jsc_mecanum_controller/share/jsc_mecanum_controller/package.sh'
[3.368s] INFO:colcon.colcon_core.shell:Creating package script '/home/pi/ros2_ws/install/jsc_mecanum_controller/share/jsc_mecanum_controller/package.bash'
[3.371s] INFO:colcon.colcon_core.shell:Creating package script '/home/pi/ros2_ws/install/jsc_mecanum_controller/share/jsc_mecanum_controller/package.zsh'
[3.375s] Level 1:colcon.colcon_core.environment:create_file_with_runtime_dependencies(/home/pi/ros2_ws/install/jsc_mecanum_controller/share/colcon-core/packages/jsc_mecanum_controller)
[3.379s] INFO:colcon.colcon_ros.task.ament_python.build:Building ROS package in '/home/pi/ros2_ws/src/motor_gui_pkg' with build type 'ament_python'
[3.380s] Level 1:colcon.colcon_core.shell:create_environment_hook('motor_gui_pkg', 'ament_prefix_path')
[3.382s] INFO:colcon.colcon_core.shell:Creating environment hook '/home/pi/ros2_ws/install/motor_gui_pkg/share/motor_gui_pkg/hook/ament_prefix_path.ps1'
[3.385s] INFO:colcon.colcon_core.shell:Creating environment descriptor '/home/pi/ros2_ws/install/motor_gui_pkg/share/motor_gui_pkg/hook/ament_prefix_path.dsv'
[3.388s] INFO:colcon.colcon_core.shell:Creating environment hook '/home/pi/ros2_ws/install/motor_gui_pkg/share/motor_gui_pkg/hook/ament_prefix_path.sh'
[3.391s] INFO:colcon.colcon_core.shell:Skip shell extension 'powershell' for command environment: Not usable outside of PowerShell
[3.392s] DEBUG:colcon.colcon_core.shell:Skip shell extension 'dsv' for command environment
[3.422s] Level 1:colcon.colcon_core.environment:create_environment_scripts_only(jsc_mecanum_control)
[3.424s] Level 1:colcon.colcon_core.environment:checking '/home/pi/ros2_ws/install/jsc_mecanum_control' for CMake module files
[3.428s] Level 1:colcon.colcon_core.environment:checking '/home/pi/ros2_ws/install/jsc_mecanum_control' for CMake config files
[3.430s] Level 1:colcon.colcon_core.shell:create_environment_hook('jsc_mecanum_control', 'cmake_prefix_path')
[3.431s] INFO:colcon.colcon_core.shell:Creating environment hook '/home/pi/ros2_ws/install/jsc_mecanum_control/share/jsc_mecanum_control/hook/cmake_prefix_path.ps1'
[3.435s] INFO:colcon.colcon_core.shell:Creating environment descriptor '/home/pi/ros2_ws/install/jsc_mecanum_control/share/jsc_mecanum_control/hook/cmake_prefix_path.dsv'
[3.437s] INFO:colcon.colcon_core.shell:Creating environment hook '/home/pi/ros2_ws/install/jsc_mecanum_control/share/jsc_mecanum_control/hook/cmake_prefix_path.sh'
[3.441s] Level 1:colcon.colcon_core.environment:checking '/home/pi/ros2_ws/install/jsc_mecanum_control/lib'
[3.441s] Level 1:colcon.colcon_core.environment:checking '/home/pi/ros2_ws/install/jsc_mecanum_control/bin'
[3.442s] Level 1:colcon.colcon_core.environment:checking '/home/pi/ros2_ws/install/jsc_mecanum_control/lib/pkgconfig/jsc_mecanum_control.pc'
[3.443s] Level 1:colcon.colcon_core.environment:checking '/home/pi/ros2_ws/install/jsc_mecanum_control/lib/python3.10/site-packages'
[3.444s] Level 1:colcon.colcon_core.environment:checking '/home/pi/ros2_ws/install/jsc_mecanum_control/bin'
[3.445s] INFO:colcon.colcon_core.shell:Creating package script '/home/pi/ros2_ws/install/jsc_mecanum_control/share/jsc_mecanum_control/package.ps1'
[3.448s] INFO:colcon.colcon_core.shell:Creating package descriptor '/home/pi/ros2_ws/install/jsc_mecanum_control/share/jsc_mecanum_control/package.dsv'
[3.451s] INFO:colcon.colcon_core.shell:Creating package script '/home/pi/ros2_ws/install/jsc_mecanum_control/share/jsc_mecanum_control/package.sh'
[3.454s] INFO:colcon.colcon_core.shell:Creating package script '/home/pi/ros2_ws/install/jsc_mecanum_control/share/jsc_mecanum_control/package.bash'
[3.457s] INFO:colcon.colcon_core.shell:Creating package script '/home/pi/ros2_ws/install/jsc_mecanum_control/share/jsc_mecanum_control/package.zsh'
[3.459s] Level 1:colcon.colcon_core.environment:create_file_with_runtime_dependencies(/home/pi/ros2_ws/install/jsc_mecanum_control/share/colcon-core/packages/jsc_mecanum_control)
[3.463s] INFO:colcon.colcon_ros.task.ament_python.build:Building ROS package in '/home/pi/ros2_ws/src/robot_serial' with build type 'ament_python'
[3.464s] Level 1:colcon.colcon_core.shell:create_environment_hook('robot_serial', 'ament_prefix_path')
[3.465s] INFO:colcon.colcon_core.shell:Creating environment hook '/home/pi/ros2_ws/install/robot_serial/share/robot_serial/hook/ament_prefix_path.ps1'
[3.469s] INFO:colcon.colcon_core.shell:Creating environment descriptor '/home/pi/ros2_ws/install/robot_serial/share/robot_serial/hook/ament_prefix_path.dsv'
[3.472s] INFO:colcon.colcon_core.shell:Creating environment hook '/home/pi/ros2_ws/install/robot_serial/share/robot_serial/hook/ament_prefix_path.sh'
[3.476s] INFO:colcon.colcon_core.shell:Skip shell extension 'powershell' for command environment: Not usable outside of PowerShell
[3.476s] DEBUG:colcon.colcon_core.shell:Skip shell extension 'dsv' for command environment
[3.503s] Level 1:colcon.colcon_core.environment:create_environment_scripts_only(jsc_mecanum_hardware)
[3.505s] Level 1:colcon.colcon_core.environment:checking '/home/pi/ros2_ws/install/jsc_mecanum_hardware' for CMake module files
[3.508s] Level 1:colcon.colcon_core.environment:checking '/home/pi/ros2_ws/install/jsc_mecanum_hardware' for CMake config files
[3.513s] Level 1:colcon.colcon_core.shell:create_environment_hook('jsc_mecanum_hardware', 'cmake_prefix_path')
[3.514s] INFO:colcon.colcon_core.shell:Creating environment hook '/home/pi/ros2_ws/install/jsc_mecanum_hardware/share/jsc_mecanum_hardware/hook/cmake_prefix_path.ps1'
[3.516s] INFO:colcon.colcon_core.shell:Creating environment descriptor '/home/pi/ros2_ws/install/jsc_mecanum_hardware/share/jsc_mecanum_hardware/hook/cmake_prefix_path.dsv'
[3.518s] INFO:colcon.colcon_core.shell:Creating environment hook '/home/pi/ros2_ws/install/jsc_mecanum_hardware/share/jsc_mecanum_hardware/hook/cmake_prefix_path.sh'
[3.522s] Level 1:colcon.colcon_core.environment:checking '/home/pi/ros2_ws/install/jsc_mecanum_hardware/lib'
[3.523s] Level 1:colcon.colcon_core.shell:create_environment_hook('jsc_mecanum_hardware', 'ld_library_path_lib')
[3.524s] INFO:colcon.colcon_core.shell:Creating environment hook '/home/pi/ros2_ws/install/jsc_mecanum_hardware/share/jsc_mecanum_hardware/hook/ld_library_path_lib.ps1'
[3.526s] INFO:colcon.colcon_core.shell:Creating environment descriptor '/home/pi/ros2_ws/install/jsc_mecanum_hardware/share/jsc_mecanum_hardware/hook/ld_library_path_lib.dsv'
[3.529s] INFO:colcon.colcon_core.shell:Creating environment hook '/home/pi/ros2_ws/install/jsc_mecanum_hardware/share/jsc_mecanum_hardware/hook/ld_library_path_lib.sh'
[3.531s] Level 1:colcon.colcon_core.environment:checking '/home/pi/ros2_ws/install/jsc_mecanum_hardware/bin'
[3.532s] Level 1:colcon.colcon_core.environment:checking '/home/pi/ros2_ws/install/jsc_mecanum_hardware/lib/pkgconfig/jsc_mecanum_hardware.pc'
[3.533s] Level 1:colcon.colcon_core.environment:checking '/home/pi/ros2_ws/install/jsc_mecanum_hardware/lib/python3.10/site-packages'
[3.535s] Level 1:colcon.colcon_core.environment:checking '/home/pi/ros2_ws/install/jsc_mecanum_hardware/bin'
[3.538s] INFO:colcon.colcon_core.shell:Creating package script '/home/pi/ros2_ws/install/jsc_mecanum_hardware/share/jsc_mecanum_hardware/package.ps1'
[3.541s] INFO:colcon.colcon_core.shell:Creating package descriptor '/home/pi/ros2_ws/install/jsc_mecanum_hardware/share/jsc_mecanum_hardware/package.dsv'
[3.544s] INFO:colcon.colcon_core.shell:Creating package script '/home/pi/ros2_ws/install/jsc_mecanum_hardware/share/jsc_mecanum_hardware/package.sh'
[3.549s] INFO:colcon.colcon_core.shell:Creating package script '/home/pi/ros2_ws/install/jsc_mecanum_hardware/share/jsc_mecanum_hardware/package.bash'
[3.553s] INFO:colcon.colcon_core.shell:Creating package script '/home/pi/ros2_ws/install/jsc_mecanum_hardware/share/jsc_mecanum_hardware/package.zsh'
[3.557s] Level 1:colcon.colcon_core.environment:create_file_with_runtime_dependencies(/home/pi/ros2_ws/install/jsc_mecanum_hardware/share/colcon-core/packages/jsc_mecanum_hardware)
[3.561s] INFO:colcon.colcon_ros.task.ament_cmake.build:Building ROS package in '/home/pi/ros2_ws/src/sllidar_ros2' with build type 'ament_cmake'
[3.562s] INFO:colcon.colcon_cmake.task.cmake.build:Building CMake package in '/home/pi/ros2_ws/src/sllidar_ros2'
[3.563s] INFO:colcon.colcon_core.shell:Skip shell extension 'powershell' for command environment: Not usable outside of PowerShell
[3.564s] DEBUG:colcon.colcon_core.shell:Skip shell extension 'dsv' for command environment
[4.993s] INFO:colcon.colcon_core.task.python.build:Building Python package in '/home/pi/ros2_ws/src/motor_gui_pkg'
[4.994s] INFO:colcon.colcon_core.shell:Skip shell extension 'powershell' for command environment: Not usable outside of PowerShell
[4.994s] DEBUG:colcon.colcon_core.shell:Skip shell extension 'dsv' for command environment
[6.375s] INFO:colcon.colcon_core.task.python.build:Building Python package in '/home/pi/ros2_ws/src/robot_serial'
[6.376s] INFO:colcon.colcon_core.shell:Skip shell extension 'powershell' for command environment: Not usable outside of PowerShell
[6.377s] DEBUG:colcon.colcon_core.shell:Skip shell extension 'dsv' for command environment
[6.433s] DEBUG:colcon.colcon_core.event_handler.log_command:Invoking command in '/home/pi/ros2_ws/build/sllidar_ros2': CMAKE_PREFIX_PATH=${CMAKE_PREFIX_PATH}:/home/pi/ros2_ws/install/robot_serial:/home/pi/ros2_ws/install/motor_gui_pkg:/opt/ros/humble /usr/bin/cmake --build /home/pi/ros2_ws/build/sllidar_ros2 -- -j4 -l4
[6.437s] DEBUG:colcon.colcon_core.event_handler.log_command:Invoked command in '/home/pi/ros2_ws/build/jsc_mecanum_teleop' returned '0': CMAKE_PREFIX_PATH=${CMAKE_PREFIX_PATH}:/home/pi/ros2_ws/install/robot_serial:/home/pi/ros2_ws/install/motor_gui_pkg:/opt/ros/humble /usr/bin/cmake --build /home/pi/ros2_ws/build/jsc_mecanum_teleop -- -j4 -l4
[6.653s] DEBUG:colcon.colcon_core.event_handler.log_command:Invoking command in '/home/pi/ros2_ws/build/jsc_mecanum_teleop': CMAKE_PREFIX_PATH=${CMAKE_PREFIX_PATH}:/home/pi/ros2_ws/install/robot_serial:/home/pi/ros2_ws/install/motor_gui_pkg:/opt/ros/humble /usr/bin/cmake --install /home/pi/ros2_ws/build/jsc_mecanum_teleop
[6.816s] Level 1:colcon.colcon_core.environment:create_environment_scripts_only(jsc_mecanum_teleop)
[6.818s] Level 1:colcon.colcon_core.environment:checking '/home/pi/ros2_ws/install/jsc_mecanum_teleop' for CMake module files
[6.821s] DEBUG:colcon.colcon_core.event_handler.log_command:Invoked command in '/home/pi/ros2_ws/build/jsc_mecanum_teleop' returned '0': CMAKE_PREFIX_PATH=${CMAKE_PREFIX_PATH}:/home/pi/ros2_ws/install/robot_serial:/home/pi/ros2_ws/install/motor_gui_pkg:/opt/ros/humble /usr/bin/cmake --install /home/pi/ros2_ws/build/jsc_mecanum_teleop
[6.828s] Level 1:colcon.colcon_core.environment:checking '/home/pi/ros2_ws/install/jsc_mecanum_teleop' for CMake config files
[6.834s] Level 1:colcon.colcon_core.shell:create_environment_hook('jsc_mecanum_teleop', 'cmake_prefix_path')
[6.837s] INFO:colcon.colcon_core.shell:Creating environment hook '/home/pi/ros2_ws/install/jsc_mecanum_teleop/share/jsc_mecanum_teleop/hook/cmake_prefix_path.ps1'
[6.842s] INFO:colcon.colcon_core.shell:Creating environment descriptor '/home/pi/ros2_ws/install/jsc_mecanum_teleop/share/jsc_mecanum_teleop/hook/cmake_prefix_path.dsv'
[6.845s] INFO:colcon.colcon_core.shell:Creating environment hook '/home/pi/ros2_ws/install/jsc_mecanum_teleop/share/jsc_mecanum_teleop/hook/cmake_prefix_path.sh'
[6.850s] Level 1:colcon.colcon_core.environment:checking '/home/pi/ros2_ws/install/jsc_mecanum_teleop/lib'
[6.851s] Level 1:colcon.colcon_core.environment:checking '/home/pi/ros2_ws/install/jsc_mecanum_teleop/bin'
[6.852s] Level 1:colcon.colcon_core.environment:checking '/home/pi/ros2_ws/install/jsc_mecanum_teleop/lib/pkgconfig/jsc_mecanum_teleop.pc'
[6.854s] Level 1:colcon.colcon_core.environment:checking '/home/pi/ros2_ws/install/jsc_mecanum_teleop/lib/python3.10/site-packages'
[6.855s] Level 1:colcon.colcon_core.environment:checking '/home/pi/ros2_ws/install/jsc_mecanum_teleop/bin'
[6.858s] INFO:colcon.colcon_core.shell:Creating package script '/home/pi/ros2_ws/install/jsc_mecanum_teleop/share/jsc_mecanum_teleop/package.ps1'
[6.878s] INFO:colcon.colcon_core.shell:Creating package descriptor '/home/pi/ros2_ws/install/jsc_mecanum_teleop/share/jsc_mecanum_teleop/package.dsv'
[6.882s] INFO:colcon.colcon_core.shell:Creating package script '/home/pi/ros2_ws/install/jsc_mecanum_teleop/share/jsc_mecanum_teleop/package.sh'
[6.890s] INFO:colcon.colcon_core.shell:Creating package script '/home/pi/ros2_ws/install/jsc_mecanum_teleop/share/jsc_mecanum_teleop/package.bash'
[6.896s] INFO:colcon.colcon_core.shell:Creating package script '/home/pi/ros2_ws/install/jsc_mecanum_teleop/share/jsc_mecanum_teleop/package.zsh'
[6.899s] Level 1:colcon.colcon_core.environment:create_file_with_runtime_dependencies(/home/pi/ros2_ws/install/jsc_mecanum_teleop/share/colcon-core/packages/jsc_mecanum_teleop)
[6.961s] DEBUG:colcon.colcon_core.event_handler.log_command:Invoked command in '/home/pi/ros2_ws/build/sllidar_ros2' returned '0': CMAKE_PREFIX_PATH=${CMAKE_PREFIX_PATH}:/home/pi/ros2_ws/install/robot_serial:/home/pi/ros2_ws/install/motor_gui_pkg:/opt/ros/humble /usr/bin/cmake --build /home/pi/ros2_ws/build/sllidar_ros2 -- -j4 -l4
[7.284s] Level 1:colcon.colcon_core.environment:create_environment_scripts_only(jsc_mecanum_teleop)
[7.285s] Level 1:colcon.colcon_core.environment:checking '/home/pi/ros2_ws/install/jsc_mecanum_teleop' for CMake module files
[7.290s] Level 1:colcon.colcon_core.environment:checking '/home/pi/ros2_ws/install/jsc_mecanum_teleop' for CMake config files
[7.295s] Level 1:colcon.colcon_core.shell:create_environment_hook('jsc_mecanum_teleop', 'cmake_prefix_path')
[7.297s] INFO:colcon.colcon_core.shell:Creating environment hook '/home/pi/ros2_ws/install/jsc_mecanum_teleop/share/jsc_mecanum_teleop/hook/cmake_prefix_path.ps1'
[7.300s] INFO:colcon.colcon_core.shell:Creating environment descriptor '/home/pi/ros2_ws/install/jsc_mecanum_teleop/share/jsc_mecanum_teleop/hook/cmake_prefix_path.dsv'
[7.303s] INFO:colcon.colcon_core.shell:Creating environment hook '/home/pi/ros2_ws/install/jsc_mecanum_teleop/share/jsc_mecanum_teleop/hook/cmake_prefix_path.sh'
[7.307s] Level 1:colcon.colcon_core.environment:checking '/home/pi/ros2_ws/install/jsc_mecanum_teleop/lib'
[7.308s] Level 1:colcon.colcon_core.environment:checking '/home/pi/ros2_ws/install/jsc_mecanum_teleop/bin'
[7.308s] Level 1:colcon.colcon_core.environment:checking '/home/pi/ros2_ws/install/jsc_mecanum_teleop/lib/pkgconfig/jsc_mecanum_teleop.pc'
[7.309s] Level 1:colcon.colcon_core.environment:checking '/home/pi/ros2_ws/install/jsc_mecanum_teleop/lib/python3.10/site-packages'
[7.311s] Level 1:colcon.colcon_core.environment:checking '/home/pi/ros2_ws/install/jsc_mecanum_teleop/bin'
[7.314s] INFO:colcon.colcon_core.shell:Creating package script '/home/pi/ros2_ws/install/jsc_mecanum_teleop/share/jsc_mecanum_teleop/package.ps1'
[7.319s] INFO:colcon.colcon_core.shell:Creating package descriptor '/home/pi/ros2_ws/install/jsc_mecanum_teleop/share/jsc_mecanum_teleop/package.dsv'
[7.323s] INFO:colcon.colcon_core.shell:Creating package script '/home/pi/ros2_ws/install/jsc_mecanum_teleop/share/jsc_mecanum_teleop/package.sh'
[7.326s] INFO:colcon.colcon_core.shell:Creating package script '/home/pi/ros2_ws/install/jsc_mecanum_teleop/share/jsc_mecanum_teleop/package.bash'
[7.330s] INFO:colcon.colcon_core.shell:Creating package script '/home/pi/ros2_ws/install/jsc_mecanum_teleop/share/jsc_mecanum_teleop/package.zsh'
[7.333s] Level 1:colcon.colcon_core.environment:create_file_with_runtime_dependencies(/home/pi/ros2_ws/install/jsc_mecanum_teleop/share/colcon-core/packages/jsc_mecanum_teleop)
[7.337s] INFO:colcon.colcon_ros.task.ament_cmake.build:Building ROS package in '/home/pi/ros2_ws/src/jsc_mecanum_bringup' with build type 'ament_cmake'
[7.338s] INFO:colcon.colcon_cmake.task.cmake.build:Building CMake package in '/home/pi/ros2_ws/src/jsc_mecanum_bringup'
[7.339s] INFO:colcon.colcon_core.shell:Skip shell extension 'powershell' for command environment: Not usable outside of PowerShell
[7.340s] DEBUG:colcon.colcon_core.shell:Skip shell extension 'dsv' for command environment
[7.421s] DEBUG:colcon.colcon_core.event_handler.log_command:Invoking command in '/home/pi/ros2_ws/build/jsc_mecanum_bringup': CMAKE_PREFIX_PATH=/home/pi/ros2_ws/install/jsc_mecanum_description:/home/pi/ros2_ws/install/sllidar_ros2:/home/pi/ros2_ws/install/jsc_mecanum_teleop:/home/pi/ros2_ws/install/jsc_mecanum_hardware:/home/pi/ros2_ws/install/jsc_mecanum_bringup:/home/pi/ros2_ws/install/jsc_mecanum_controller:/home/pi/ros2_ws/install/jsc_mecanum_control:/home/pi/ros2_ws/install/robot_serial:/home/pi/ros2_ws/install/motor_gui_pkg:/opt/ros/humble /usr/bin/cmake --build /home/pi/ros2_ws/build/jsc_mecanum_bringup -- -j4 -l4
[7.595s] DEBUG:colcon.colcon_core.event_handler.log_command:Invoking command in '/home/pi/ros2_ws/build/sllidar_ros2': CMAKE_PREFIX_PATH=${CMAKE_PREFIX_PATH}:/home/pi/ros2_ws/install/robot_serial:/home/pi/ros2_ws/install/motor_gui_pkg:/opt/ros/humble /usr/bin/cmake --install /home/pi/ros2_ws/build/sllidar_ros2
[7.639s] DEBUG:colcon.colcon_core.event_handler.log_command:Invoked command in '/home/pi/ros2_ws/build/jsc_mecanum_bringup' returned '0': CMAKE_PREFIX_PATH=/home/pi/ros2_ws/install/jsc_mecanum_description:/home/pi/ros2_ws/install/sllidar_ros2:/home/pi/ros2_ws/install/jsc_mecanum_teleop:/home/pi/ros2_ws/install/jsc_mecanum_hardware:/home/pi/ros2_ws/install/jsc_mecanum_bringup:/home/pi/ros2_ws/install/jsc_mecanum_controller:/home/pi/ros2_ws/install/jsc_mecanum_control:/home/pi/ros2_ws/install/robot_serial:/home/pi/ros2_ws/install/motor_gui_pkg:/opt/ros/humble /usr/bin/cmake --build /home/pi/ros2_ws/build/jsc_mecanum_bringup -- -j4 -l4
[7.749s] Level 1:colcon.colcon_core.environment:create_environment_scripts_only(sllidar_ros2)
[7.750s] Level 1:colcon.colcon_core.environment:checking '/home/pi/ros2_ws/install/sllidar_ros2' for CMake module files
[7.755s] Level 1:colcon.colcon_core.environment:checking '/home/pi/ros2_ws/install/sllidar_ros2' for CMake config files
[7.760s] Level 1:colcon.colcon_core.shell:create_environment_hook('sllidar_ros2', 'cmake_prefix_path')
[7.761s] INFO:colcon.colcon_core.shell:Creating environment hook '/home/pi/ros2_ws/install/sllidar_ros2/share/sllidar_ros2/hook/cmake_prefix_path.ps1'
[7.757s] DEBUG:colcon.colcon_core.event_handler.log_command:Invoked command in '/home/pi/ros2_ws/build/sllidar_ros2' returned '0': CMAKE_PREFIX_PATH=${CMAKE_PREFIX_PATH}:/home/pi/ros2_ws/install/robot_serial:/home/pi/ros2_ws/install/motor_gui_pkg:/opt/ros/humble /usr/bin/cmake --install /home/pi/ros2_ws/build/sllidar_ros2
[7.765s] INFO:colcon.colcon_core.shell:Creating environment descriptor '/home/pi/ros2_ws/install/sllidar_ros2/share/sllidar_ros2/hook/cmake_prefix_path.dsv'
[7.769s] INFO:colcon.colcon_core.shell:Creating environment hook '/home/pi/ros2_ws/install/sllidar_ros2/share/sllidar_ros2/hook/cmake_prefix_path.sh'
[7.773s] Level 1:colcon.colcon_core.environment:checking '/home/pi/ros2_ws/install/sllidar_ros2/lib'
[7.774s] Level 1:colcon.colcon_core.environment:checking '/home/pi/ros2_ws/install/sllidar_ros2/bin'
[7.774s] Level 1:colcon.colcon_core.environment:checking '/home/pi/ros2_ws/install/sllidar_ros2/lib/pkgconfig/sllidar_ros2.pc'
[7.776s] Level 1:colcon.colcon_core.environment:checking '/home/pi/ros2_ws/install/sllidar_ros2/lib/python3.10/site-packages'
[7.777s] Level 1:colcon.colcon_core.environment:checking '/home/pi/ros2_ws/install/sllidar_ros2/bin'
[7.779s] INFO:colcon.colcon_core.shell:Creating package script '/home/pi/ros2_ws/install/sllidar_ros2/share/sllidar_ros2/package.ps1'
[7.783s] INFO:colcon.colcon_core.shell:Creating package descriptor '/home/pi/ros2_ws/install/sllidar_ros2/share/sllidar_ros2/package.dsv'
[7.785s] INFO:colcon.colcon_core.shell:Creating package script '/home/pi/ros2_ws/install/sllidar_ros2/share/sllidar_ros2/package.sh'
[7.790s] INFO:colcon.colcon_core.shell:Creating package script '/home/pi/ros2_ws/install/sllidar_ros2/share/sllidar_ros2/package.bash'
[7.794s] INFO:colcon.colcon_core.shell:Creating package script '/home/pi/ros2_ws/install/sllidar_ros2/share/sllidar_ros2/package.zsh'
[7.797s] Level 1:colcon.colcon_core.environment:create_file_with_runtime_dependencies(/home/pi/ros2_ws/install/sllidar_ros2/share/colcon-core/packages/sllidar_ros2)
[7.831s] DEBUG:colcon.colcon_core.event_handler.log_command:Invoking command in '/home/pi/ros2_ws/build/jsc_mecanum_bringup': CMAKE_PREFIX_PATH=/home/pi/ros2_ws/install/jsc_mecanum_description:/home/pi/ros2_ws/install/sllidar_ros2:/home/pi/ros2_ws/install/jsc_mecanum_teleop:/home/pi/ros2_ws/install/jsc_mecanum_hardware:/home/pi/ros2_ws/install/jsc_mecanum_bringup:/home/pi/ros2_ws/install/jsc_mecanum_controller:/home/pi/ros2_ws/install/jsc_mecanum_control:/home/pi/ros2_ws/install/robot_serial:/home/pi/ros2_ws/install/motor_gui_pkg:/opt/ros/humble /usr/bin/cmake --install /home/pi/ros2_ws/build/jsc_mecanum_bringup
[7.983s] Level 1:colcon.colcon_core.environment:create_environment_scripts_only(jsc_mecanum_bringup)
[7.985s] DEBUG:colcon.colcon_core.event_handler.log_command:Invoked command in '/home/pi/ros2_ws/build/jsc_mecanum_bringup' returned '0': CMAKE_PREFIX_PATH=/home/pi/ros2_ws/install/jsc_mecanum_description:/home/pi/ros2_ws/install/sllidar_ros2:/home/pi/ros2_ws/install/jsc_mecanum_teleop:/home/pi/ros2_ws/install/jsc_mecanum_hardware:/home/pi/ros2_ws/install/jsc_mecanum_bringup:/home/pi/ros2_ws/install/jsc_mecanum_controller:/home/pi/ros2_ws/install/jsc_mecanum_control:/home/pi/ros2_ws/install/robot_serial:/home/pi/ros2_ws/install/motor_gui_pkg:/opt/ros/humble /usr/bin/cmake --install /home/pi/ros2_ws/build/jsc_mecanum_bringup
[7.989s] Level 1:colcon.colcon_core.environment:checking '/home/pi/ros2_ws/install/jsc_mecanum_bringup' for CMake module files
[7.996s] Level 1:colcon.colcon_core.environment:checking '/home/pi/ros2_ws/install/jsc_mecanum_bringup' for CMake config files
[8.001s] Level 1:colcon.colcon_core.shell:create_environment_hook('jsc_mecanum_bringup', 'cmake_prefix_path')
[8.002s] INFO:colcon.colcon_core.shell:Creating environment hook '/home/pi/ros2_ws/install/jsc_mecanum_bringup/share/jsc_mecanum_bringup/hook/cmake_prefix_path.ps1'
[8.006s] INFO:colcon.colcon_core.shell:Creating environment descriptor '/home/pi/ros2_ws/install/jsc_mecanum_bringup/share/jsc_mecanum_bringup/hook/cmake_prefix_path.dsv'
[8.009s] INFO:colcon.colcon_core.shell:Creating environment hook '/home/pi/ros2_ws/install/jsc_mecanum_bringup/share/jsc_mecanum_bringup/hook/cmake_prefix_path.sh'
[8.015s] Level 1:colcon.colcon_core.environment:checking '/home/pi/ros2_ws/install/jsc_mecanum_bringup/bin'
[8.015s] Level 1:colcon.colcon_core.environment:checking '/home/pi/ros2_ws/install/jsc_mecanum_bringup/lib/pkgconfig/jsc_mecanum_bringup.pc'
[8.016s] Level 1:colcon.colcon_core.environment:checking '/home/pi/ros2_ws/install/jsc_mecanum_bringup/lib/python3.10/site-packages'
[8.018s] Level 1:colcon.colcon_core.environment:checking '/home/pi/ros2_ws/install/jsc_mecanum_bringup/bin'
[8.021s] INFO:colcon.colcon_core.shell:Creating package script '/home/pi/ros2_ws/install/jsc_mecanum_bringup/share/jsc_mecanum_bringup/package.ps1'
[8.024s] INFO:colcon.colcon_core.shell:Creating package descriptor '/home/pi/ros2_ws/install/jsc_mecanum_bringup/share/jsc_mecanum_bringup/package.dsv'
[8.027s] INFO:colcon.colcon_core.shell:Creating package script '/home/pi/ros2_ws/install/jsc_mecanum_bringup/share/jsc_mecanum_bringup/package.sh'
[8.032s] INFO:colcon.colcon_core.shell:Creating package script '/home/pi/ros2_ws/install/jsc_mecanum_bringup/share/jsc_mecanum_bringup/package.bash'
[8.035s] INFO:colcon.colcon_core.shell:Creating package script '/home/pi/ros2_ws/install/jsc_mecanum_bringup/share/jsc_mecanum_bringup/package.zsh'
[8.039s] Level 1:colcon.colcon_core.environment:create_file_with_runtime_dependencies(/home/pi/ros2_ws/install/jsc_mecanum_bringup/share/colcon-core/packages/jsc_mecanum_bringup)
[8.198s] Level 1:colcon.colcon_core.environment:create_environment_scripts_only(jsc_mecanum_bringup)
[8.199s] Level 1:colcon.colcon_core.environment:checking '/home/pi/ros2_ws/install/jsc_mecanum_bringup' for CMake module files
[8.203s] Level 1:colcon.colcon_core.environment:checking '/home/pi/ros2_ws/install/jsc_mecanum_bringup' for CMake config files
[8.210s] Level 1:colcon.colcon_core.shell:create_environment_hook('jsc_mecanum_bringup', 'cmake_prefix_path')
[8.211s] INFO:colcon.colcon_core.shell:Creating environment hook '/home/pi/ros2_ws/install/jsc_mecanum_bringup/share/jsc_mecanum_bringup/hook/cmake_prefix_path.ps1'
[8.215s] INFO:colcon.colcon_core.shell:Creating environment descriptor '/home/pi/ros2_ws/install/jsc_mecanum_bringup/share/jsc_mecanum_bringup/hook/cmake_prefix_path.dsv'
[8.224s] INFO:colcon.colcon_core.shell:Creating environment hook '/home/pi/ros2_ws/install/jsc_mecanum_bringup/share/jsc_mecanum_bringup/hook/cmake_prefix_path.sh'
[8.228s] Level 1:colcon.colcon_core.environment:checking '/home/pi/ros2_ws/install/jsc_mecanum_bringup/bin'
[8.228s] Level 1:colcon.colcon_core.environment:checking '/home/pi/ros2_ws/install/jsc_mecanum_bringup/lib/pkgconfig/jsc_mecanum_bringup.pc'
[8.235s] Level 1:colcon.colcon_core.environment:checking '/home/pi/ros2_ws/install/jsc_mecanum_bringup/lib/python3.10/site-packages'
[8.237s] Level 1:colcon.colcon_core.environment:checking '/home/pi/ros2_ws/install/jsc_mecanum_bringup/bin'
[8.240s] INFO:colcon.colcon_core.shell:Creating package script '/home/pi/ros2_ws/install/jsc_mecanum_bringup/share/jsc_mecanum_bringup/package.ps1'
[8.245s] INFO:colcon.colcon_core.shell:Creating package descriptor '/home/pi/ros2_ws/install/jsc_mecanum_bringup/share/jsc_mecanum_bringup/package.dsv'
[8.250s] INFO:colcon.colcon_core.shell:Creating package script '/home/pi/ros2_ws/install/jsc_mecanum_bringup/share/jsc_mecanum_bringup/package.sh'
[8.253s] INFO:colcon.colcon_core.shell:Creating package script '/home/pi/ros2_ws/install/jsc_mecanum_bringup/share/jsc_mecanum_bringup/package.bash'
[8.256s] INFO:colcon.colcon_core.shell:Creating package script '/home/pi/ros2_ws/install/jsc_mecanum_bringup/share/jsc_mecanum_bringup/package.zsh'
[8.260s] Level 1:colcon.colcon_core.environment:create_file_with_runtime_dependencies(/home/pi/ros2_ws/install/jsc_mecanum_bringup/share/colcon-core/packages/jsc_mecanum_bringup)
[8.416s] Level 1:colcon.colcon_core.environment:create_environment_scripts_only(sllidar_ros2)
[8.418s] Level 1:colcon.colcon_core.environment:checking '/home/pi/ros2_ws/install/sllidar_ros2' for CMake module files
[8.423s] Level 1:colcon.colcon_core.environment:checking '/home/pi/ros2_ws/install/sllidar_ros2' for CMake config files
[8.426s] Level 1:colcon.colcon_core.shell:create_environment_hook('sllidar_ros2', 'cmake_prefix_path')
[8.427s] INFO:colcon.colcon_core.shell:Creating environment hook '/home/pi/ros2_ws/install/sllidar_ros2/share/sllidar_ros2/hook/cmake_prefix_path.ps1'
[8.432s] INFO:colcon.colcon_core.shell:Creating environment descriptor '/home/pi/ros2_ws/install/sllidar_ros2/share/sllidar_ros2/hook/cmake_prefix_path.dsv'
[8.436s] INFO:colcon.colcon_core.shell:Creating environment hook '/home/pi/ros2_ws/install/sllidar_ros2/share/sllidar_ros2/hook/cmake_prefix_path.sh'
[8.441s] Level 1:colcon.colcon_core.environment:checking '/home/pi/ros2_ws/install/sllidar_ros2/lib'
[8.441s] Level 1:colcon.colcon_core.environment:checking '/home/pi/ros2_ws/install/sllidar_ros2/bin'
[8.442s] Level 1:colcon.colcon_core.environment:checking '/home/pi/ros2_ws/install/sllidar_ros2/lib/pkgconfig/sllidar_ros2.pc'
[8.443s] Level 1:colcon.colcon_core.environment:checking '/home/pi/ros2_ws/install/sllidar_ros2/lib/python3.10/site-packages'
[8.445s] Level 1:colcon.colcon_core.environment:checking '/home/pi/ros2_ws/install/sllidar_ros2/bin'
[8.447s] INFO:colcon.colcon_core.shell:Creating package script '/home/pi/ros2_ws/install/sllidar_ros2/share/sllidar_ros2/package.ps1'
[8.451s] INFO:colcon.colcon_core.shell:Creating package descriptor '/home/pi/ros2_ws/install/sllidar_ros2/share/sllidar_ros2/package.dsv'
[8.456s] INFO:colcon.colcon_core.shell:Creating package script '/home/pi/ros2_ws/install/sllidar_ros2/share/sllidar_ros2/package.sh'
[8.460s] INFO:colcon.colcon_core.shell:Creating package script '/home/pi/ros2_ws/install/sllidar_ros2/share/sllidar_ros2/package.bash'
[8.464s] INFO:colcon.colcon_core.shell:Creating package script '/home/pi/ros2_ws/install/sllidar_ros2/share/sllidar_ros2/package.zsh'
[8.467s] Level 1:colcon.colcon_core.environment:create_file_with_runtime_dependencies(/home/pi/ros2_ws/install/sllidar_ros2/share/colcon-core/packages/sllidar_ros2)
[9.083s] DEBUG:colcon.colcon_core.event_handler.log_command:Invoking command in '/home/pi/ros2_ws/src/motor_gui_pkg': PYTHONPATH=/home/pi/ros2_ws/build/motor_gui_pkg/prefix_override:/usr/lib/python3/dist-packages/colcon_core/task/python/colcon_distutils_commands:/home/pi/ros2_ws/install/motor_gui_pkg/lib/python3.10/site-packages:${PYTHONPATH} /usr/bin/python3 -W ignore:setup.py install is deprecated setup.py egg_info --egg-base ../../build/motor_gui_pkg build --build-base /home/pi/ros2_ws/build/motor_gui_pkg/build install --record /home/pi/ros2_ws/build/motor_gui_pkg/install.log --single-version-externally-managed install_data
[9.101s] DEBUG:colcon.colcon_core.event_handler.log_command:Invoking command in '/home/pi/ros2_ws/src/robot_serial': PYTHONPATH=/home/pi/ros2_ws/build/robot_serial/prefix_override:/usr/lib/python3/dist-packages/colcon_core/task/python/colcon_distutils_commands:/home/pi/ros2_ws/install/robot_serial/lib/python3.10/site-packages:${PYTHONPATH} /usr/bin/python3 -W ignore:setup.py install is deprecated setup.py egg_info --egg-base ../../build/robot_serial build --build-base /home/pi/ros2_ws/build/robot_serial/build install --record /home/pi/ros2_ws/build/robot_serial/install.log --single-version-externally-managed install_data
[10.873s] Level 1:colcon.colcon_core.environment:checking '/home/pi/ros2_ws/install/motor_gui_pkg' for CMake module files
[10.877s] DEBUG:colcon.colcon_core.event_handler.log_command:Invoked command in '/home/pi/ros2_ws/src/motor_gui_pkg' returned '0': PYTHONPATH=/home/pi/ros2_ws/build/motor_gui_pkg/prefix_override:/usr/lib/python3/dist-packages/colcon_core/task/python/colcon_distutils_commands:/home/pi/ros2_ws/install/motor_gui_pkg/lib/python3.10/site-packages:${PYTHONPATH} /usr/bin/python3 -W ignore:setup.py install is deprecated setup.py egg_info --egg-base ../../build/motor_gui_pkg build --build-base /home/pi/ros2_ws/build/motor_gui_pkg/build install --record /home/pi/ros2_ws/build/motor_gui_pkg/install.log --single-version-externally-managed install_data
[10.879s] Level 1:colcon.colcon_core.environment:checking '/home/pi/ros2_ws/install/motor_gui_pkg' for CMake config files
[10.883s] Level 1:colcon.colcon_core.environment:checking '/home/pi/ros2_ws/install/motor_gui_pkg/lib'
[10.884s] Level 1:colcon.colcon_core.environment:checking '/home/pi/ros2_ws/install/motor_gui_pkg/bin'
[10.885s] Level 1:colcon.colcon_core.environment:checking '/home/pi/ros2_ws/install/motor_gui_pkg/lib/pkgconfig/motor_gui_pkg.pc'
[10.886s] Level 1:colcon.colcon_core.environment:checking '/home/pi/ros2_ws/install/motor_gui_pkg/lib/python3.10/site-packages'
[10.886s] Level 1:colcon.colcon_core.shell:create_environment_hook('motor_gui_pkg', 'pythonpath')
[10.887s] INFO:colcon.colcon_core.shell:Creating environment hook '/home/pi/ros2_ws/install/motor_gui_pkg/share/motor_gui_pkg/hook/pythonpath.ps1'
[10.890s] INFO:colcon.colcon_core.shell:Creating environment descriptor '/home/pi/ros2_ws/install/motor_gui_pkg/share/motor_gui_pkg/hook/pythonpath.dsv'
[10.892s] INFO:colcon.colcon_core.shell:Creating environment hook '/home/pi/ros2_ws/install/motor_gui_pkg/share/motor_gui_pkg/hook/pythonpath.sh'
[10.895s] Level 1:colcon.colcon_core.environment:checking '/home/pi/ros2_ws/install/motor_gui_pkg/bin'
[10.895s] Level 1:colcon.colcon_core.environment:create_environment_scripts_only(motor_gui_pkg)
[10.897s] INFO:colcon.colcon_core.shell:Creating package script '/home/pi/ros2_ws/install/motor_gui_pkg/share/motor_gui_pkg/package.ps1'
[10.899s] INFO:colcon.colcon_core.shell:Creating package descriptor '/home/pi/ros2_ws/install/motor_gui_pkg/share/motor_gui_pkg/package.dsv'
[10.902s] INFO:colcon.colcon_core.shell:Creating package script '/home/pi/ros2_ws/install/motor_gui_pkg/share/motor_gui_pkg/package.sh'
[10.904s] INFO:colcon.colcon_core.shell:Creating package script '/home/pi/ros2_ws/install/motor_gui_pkg/share/motor_gui_pkg/package.bash'
[10.906s] INFO:colcon.colcon_core.shell:Creating package script '/home/pi/ros2_ws/install/motor_gui_pkg/share/motor_gui_pkg/package.zsh'
[10.909s] Level 1:colcon.colcon_core.environment:create_file_with_runtime_dependencies(/home/pi/ros2_ws/install/motor_gui_pkg/share/colcon-core/packages/motor_gui_pkg)
[10.913s] Level 1:colcon.colcon_core.environment:checking '/home/pi/ros2_ws/install/robot_serial' for CMake module files
[10.916s] DEBUG:colcon.colcon_core.event_handler.log_command:Invoked command in '/home/pi/ros2_ws/src/robot_serial' returned '0': PYTHONPATH=/home/pi/ros2_ws/build/robot_serial/prefix_override:/usr/lib/python3/dist-packages/colcon_core/task/python/colcon_distutils_commands:/home/pi/ros2_ws/install/robot_serial/lib/python3.10/site-packages:${PYTHONPATH} /usr/bin/python3 -W ignore:setup.py install is deprecated setup.py egg_info --egg-base ../../build/robot_serial build --build-base /home/pi/ros2_ws/build/robot_serial/build install --record /home/pi/ros2_ws/build/robot_serial/install.log --single-version-externally-managed install_data
[10.918s] Level 1:colcon.colcon_core.environment:checking '/home/pi/ros2_ws/install/robot_serial' for CMake config files
[10.922s] Level 1:colcon.colcon_core.environment:checking '/home/pi/ros2_ws/install/robot_serial/lib'
[10.923s] Level 1:colcon.colcon_core.environment:checking '/home/pi/ros2_ws/install/robot_serial/bin'
[10.923s] Level 1:colcon.colcon_core.environment:checking '/home/pi/ros2_ws/install/robot_serial/lib/pkgconfig/robot_serial.pc'
[10.924s] Level 1:colcon.colcon_core.environment:checking '/home/pi/ros2_ws/install/robot_serial/lib/python3.10/site-packages'
[10.925s] Level 1:colcon.colcon_core.shell:create_environment_hook('robot_serial', 'pythonpath')
[10.926s] INFO:colcon.colcon_core.shell:Creating environment hook '/home/pi/ros2_ws/install/robot_serial/share/robot_serial/hook/pythonpath.ps1'
[10.929s] INFO:colcon.colcon_core.shell:Creating environment descriptor '/home/pi/ros2_ws/install/robot_serial/share/robot_serial/hook/pythonpath.dsv'
[10.931s] INFO:colcon.colcon_core.shell:Creating environment hook '/home/pi/ros2_ws/install/robot_serial/share/robot_serial/hook/pythonpath.sh'
[10.934s] Level 1:colcon.colcon_core.environment:checking '/home/pi/ros2_ws/install/robot_serial/bin'
[10.934s] Level 1:colcon.colcon_core.environment:create_environment_scripts_only(robot_serial)
[10.936s] INFO:colcon.colcon_core.shell:Creating package script '/home/pi/ros2_ws/install/robot_serial/share/robot_serial/package.ps1'
[10.939s] INFO:colcon.colcon_core.shell:Creating package descriptor '/home/pi/ros2_ws/install/robot_serial/share/robot_serial/package.dsv'
[10.941s] INFO:colcon.colcon_core.shell:Creating package script '/home/pi/ros2_ws/install/robot_serial/share/robot_serial/package.sh'
[10.944s] INFO:colcon.colcon_core.shell:Creating package script '/home/pi/ros2_ws/install/robot_serial/share/robot_serial/package.bash'
[10.947s] INFO:colcon.colcon_core.shell:Creating package script '/home/pi/ros2_ws/install/robot_serial/share/robot_serial/package.zsh'
[10.949s] Level 1:colcon.colcon_core.environment:create_file_with_runtime_dependencies(/home/pi/ros2_ws/install/robot_serial/share/colcon-core/packages/robot_serial)
[10.950s] DEBUG:colcon.colcon_parallel_executor.executor.parallel:closing loop
[10.951s] DEBUG:colcon.colcon_parallel_executor.executor.parallel:loop closed
[10.952s] DEBUG:colcon.colcon_parallel_executor.executor.parallel:run_until_complete finished with '0'
[10.953s] DEBUG:colcon.colcon_core.event_reactor:joining thread
[10.977s] INFO:colcon.colcon_core.plugin_system:Skipping extension 'colcon_notification.desktop_notification.notify_send': Could not find 'notify-send'
[10.977s] INFO:colcon.colcon_core.plugin_system:Skipping extension 'colcon_notification.desktop_notification.terminal_notifier': Not used on non-Darwin systems
[10.978s] INFO:colcon.colcon_core.plugin_system:Skipping extension 'colcon_notification.desktop_notification.win32': Not used on non-Windows systems
[10.978s] INFO:colcon.colcon_notification.desktop_notification:Sending desktop notification using 'notify2'
[10.981s] DEBUG:colcon.colcon_notification.desktop_notification.notify2:Failed to initialize notify2: org.freedesktop.DBus.Error.ServiceUnknown: The name org.freedesktop.Notifications was not provided by any .service files
[10.982s] DEBUG:colcon.colcon_core.event_reactor:joined thread
[10.983s] INFO:colcon.colcon_core.shell:Creating prefix script '/home/pi/ros2_ws/install/local_setup.ps1'
[10.988s] INFO:colcon.colcon_core.shell:Creating prefix util module '/home/pi/ros2_ws/install/_local_setup_util_ps1.py'
[10.995s] INFO:colcon.colcon_core.shell:Creating prefix chain script '/home/pi/ros2_ws/install/setup.ps1'
[11.003s] INFO:colcon.colcon_core.shell:Creating prefix script '/home/pi/ros2_ws/install/local_setup.sh'
[11.006s] INFO:colcon.colcon_core.shell:Creating prefix util module '/home/pi/ros2_ws/install/_local_setup_util_sh.py'
[11.009s] INFO:colcon.colcon_core.shell:Creating prefix chain script '/home/pi/ros2_ws/install/setup.sh'
[11.017s] INFO:colcon.colcon_core.shell:Creating prefix script '/home/pi/ros2_ws/install/local_setup.bash'
[11.020s] INFO:colcon.colcon_core.shell:Creating prefix chain script '/home/pi/ros2_ws/install/setup.bash'
[11.027s] INFO:colcon.colcon_core.shell:Creating prefix script '/home/pi/ros2_ws/install/local_setup.zsh'
[11.030s] INFO:colcon.colcon_core.shell:Creating prefix chain script '/home/pi/ros2_ws/install/setup.zsh'
