[0.130s] Invoking command in '/home/pi/ros2_ws/build/jsc_mecanum_control': CMAKE_PREFIX_PATH=${CMAKE_PREFIX_PATH}:/home/pi/ros2_ws/install/robot_serial:/home/pi/ros2_ws/install/motor_gui_pkg:/opt/ros/humble /usr/bin/cmake --build /home/pi/ros2_ws/build/jsc_mecanum_control -- -j4 -l4
[0.449s] [100%] Built target jsc_mecanum_control_node
[0.516s] Invoked command in '/home/pi/ros2_ws/build/jsc_mecanum_control' returned '0': CMAKE_PREFIX_PATH=${CMAKE_PREFIX_PATH}:/home/pi/ros2_ws/install/robot_serial:/home/pi/ros2_ws/install/motor_gui_pkg:/opt/ros/humble /usr/bin/cmake --build /home/pi/ros2_ws/build/jsc_mecanum_control -- -j4 -l4
[0.723s] Invoking command in '/home/pi/ros2_ws/build/jsc_mecanum_control': CMAKE_PREFIX_PATH=${CMAKE_PREFIX_PATH}:/home/pi/ros2_ws/install/robot_serial:/home/pi/ros2_ws/install/motor_gui_pkg:/opt/ros/humble /usr/bin/cmake --install /home/pi/ros2_ws/build/jsc_mecanum_control
[0.756s] -- Install configuration: ""
[0.759s] -- Execute custom install script
[0.761s] -- Up-to-date symlink: /home/pi/ros2_ws/install/jsc_mecanum_control/lib/jsc_mecanum_control/jsc_mecanum_control_node
[0.763s] -- Up-to-date symlink: /home/pi/ros2_ws/install/jsc_mecanum_control/share/ament_index/resource_index/package_run_dependencies/jsc_mecanum_control
[0.767s] -- Up-to-date symlink: /home/pi/ros2_ws/install/jsc_mecanum_control/share/ament_index/resource_index/parent_prefix_path/jsc_mecanum_control
[0.770s] -- Up-to-date symlink: /home/pi/ros2_ws/install/jsc_mecanum_control/share/jsc_mecanum_control/environment/ament_prefix_path.sh
[0.774s] -- Up-to-date symlink: /home/pi/ros2_ws/install/jsc_mecanum_control/share/jsc_mecanum_control/environment/ament_prefix_path.dsv
[0.775s] -- Up-to-date symlink: /home/pi/ros2_ws/install/jsc_mecanum_control/share/jsc_mecanum_control/environment/path.sh
[0.775s] -- Up-to-date symlink: /home/pi/ros2_ws/install/jsc_mecanum_control/share/jsc_mecanum_control/environment/path.dsv
[0.776s] -- Up-to-date symlink: /home/pi/ros2_ws/install/jsc_mecanum_control/share/jsc_mecanum_control/local_setup.bash
[0.782s] -- Up-to-date symlink: /home/pi/ros2_ws/install/jsc_mecanum_control/share/jsc_mecanum_control/local_setup.sh
[0.783s] -- Up-to-date symlink: /home/pi/ros2_ws/install/jsc_mecanum_control/share/jsc_mecanum_control/local_setup.zsh
[0.783s] -- Up-to-date symlink: /home/pi/ros2_ws/install/jsc_mecanum_control/share/jsc_mecanum_control/local_setup.dsv
[0.783s] -- Symlinking: /home/pi/ros2_ws/install/jsc_mecanum_control/share/jsc_mecanum_control/package.dsv
[0.821s] -- Up-to-date symlink: /home/pi/ros2_ws/install/jsc_mecanum_control/share/ament_index/resource_index/packages/jsc_mecanum_control
[0.821s] -- Up-to-date symlink: /home/pi/ros2_ws/install/jsc_mecanum_control/share/jsc_mecanum_control/cmake/jsc_mecanum_controlConfig.cmake
[0.822s] -- Up-to-date symlink: /home/pi/ros2_ws/install/jsc_mecanum_control/share/jsc_mecanum_control/cmake/jsc_mecanum_controlConfig-version.cmake
[0.826s] -- Up-to-date symlink: /home/pi/ros2_ws/install/jsc_mecanum_control/share/jsc_mecanum_control/package.xml
[0.901s] Invoked command in '/home/pi/ros2_ws/build/jsc_mecanum_control' returned '0': CMAKE_PREFIX_PATH=${CMAKE_PREFIX_PATH}:/home/pi/ros2_ws/install/robot_serial:/home/pi/ros2_ws/install/motor_gui_pkg:/opt/ros/humble /usr/bin/cmake --install /home/pi/ros2_ws/build/jsc_mecanum_control
