[5.375s] Invoking command in '/home/pi/ros2_ws/src/robot_serial': PYTHONPATH=/home/pi/ros2_ws/build/robot_serial/prefix_override:/usr/lib/python3/dist-packages/colcon_core/task/python/colcon_distutils_commands:/home/pi/ros2_ws/install/robot_serial/lib/python3.10/site-packages:${PYTHONPATH} /usr/bin/python3 -W ignore:setup.py install is deprecated setup.py egg_info --egg-base ../../build/robot_serial build --build-base /home/pi/ros2_ws/build/robot_serial/build install --record /home/pi/ros2_ws/build/robot_serial/install.log --single-version-externally-managed install_data
[7.288s] running egg_info
[7.291s] writing ../../build/robot_serial/robot_serial.egg-info/PKG-INFO
[7.292s] writing dependency_links to ../../build/robot_serial/robot_serial.egg-info/dependency_links.txt
[7.294s] writing entry points to ../../build/robot_serial/robot_serial.egg-info/entry_points.txt
[7.297s] writing requirements to ../../build/robot_serial/robot_serial.egg-info/requires.txt
[7.298s] writing top-level names to ../../build/robot_serial/robot_serial.egg-info/top_level.txt
[7.306s] reading manifest file '../../build/robot_serial/robot_serial.egg-info/SOURCES.txt'
[7.308s] adding license file 'LICENSE'
[7.312s] writing manifest file '../../build/robot_serial/robot_serial.egg-info/SOURCES.txt'
[7.313s] running build
[7.313s] running build_py
[7.317s] running install
[7.318s] running install_lib
[7.325s] running install_data
[7.326s] running install_egg_info
[7.337s] removing '/home/pi/ros2_ws/install/robot_serial/lib/python3.10/site-packages/robot_serial-0.0.0-py3.10.egg-info' (and everything under it)
[7.515s] Copying ../../build/robot_serial/robot_serial.egg-info to /home/pi/ros2_ws/install/robot_serial/lib/python3.10/site-packages/robot_serial-0.0.0-py3.10.egg-info
[7.525s] running install_scripts
[7.619s] Installing find script to /home/pi/ros2_ws/install/robot_serial/lib/robot_serial
[7.620s] Installing serial script to /home/pi/ros2_ws/install/robot_serial/lib/robot_serial
[7.621s] Installing serial_salida script to /home/pi/ros2_ws/install/robot_serial/lib/robot_serial
[7.624s] writing list of installed files to '/home/pi/ros2_ws/build/robot_serial/install.log'
[7.787s] Invoked command in '/home/pi/ros2_ws/src/robot_serial' returned '0': PYTHONPATH=/home/pi/ros2_ws/build/robot_serial/prefix_override:/usr/lib/python3/dist-packages/colcon_core/task/python/colcon_distutils_commands:/home/pi/ros2_ws/install/robot_serial/lib/python3.10/site-packages:${PYTHONPATH} /usr/bin/python3 -W ignore:setup.py install is deprecated setup.py egg_info --egg-base ../../build/robot_serial build --build-base /home/pi/ros2_ws/build/robot_serial/build install --record /home/pi/ros2_ws/build/robot_serial/install.log --single-version-externally-managed install_data
