[7.490s] Invoking command in '/home/pi/ros2_ws/src/robot_serial': PYTHONPATH=/home/pi/ros2_ws/build/robot_serial/prefix_override:/usr/lib/python3/dist-packages/colcon_core/task/python/colcon_distutils_commands:/home/pi/ros2_ws/install/robot_serial/lib/python3.10/site-packages:${PYTHONPATH} /usr/bin/python3 -W ignore:setup.py install is deprecated setup.py egg_info --egg-base ../../build/robot_serial build --build-base /home/pi/ros2_ws/build/robot_serial/build install --record /home/pi/ros2_ws/build/robot_serial/install.log --single-version-externally-managed install_data
[9.143s] running egg_info
[9.147s] writing ../../build/robot_serial/robot_serial.egg-info/PKG-INFO
[9.148s] writing dependency_links to ../../build/robot_serial/robot_serial.egg-info/dependency_links.txt
[9.150s] writing entry points to ../../build/robot_serial/robot_serial.egg-info/entry_points.txt
[9.153s] writing requirements to ../../build/robot_serial/robot_serial.egg-info/requires.txt
[9.155s] writing top-level names to ../../build/robot_serial/robot_serial.egg-info/top_level.txt
[9.167s] reading manifest file '../../build/robot_serial/robot_serial.egg-info/SOURCES.txt'
[9.169s] adding license file 'LICENSE'
[9.171s] writing manifest file '../../build/robot_serial/robot_serial.egg-info/SOURCES.txt'
[9.173s] running build
[9.174s] running build_py
[9.176s] running install
[9.177s] running install_lib
[9.188s] running install_data
[9.189s] running install_egg_info
[9.201s] removing '/home/pi/ros2_ws/install/robot_serial/lib/python3.10/site-packages/robot_serial-0.0.0-py3.10.egg-info' (and everything under it)
[9.206s] Copying ../../build/robot_serial/robot_serial.egg-info to /home/pi/ros2_ws/install/robot_serial/lib/python3.10/site-packages/robot_serial-0.0.0-py3.10.egg-info
[9.224s] running install_scripts
[9.357s] Installing find script to /home/pi/ros2_ws/install/robot_serial/lib/robot_serial
[9.359s] Installing serial script to /home/pi/ros2_ws/install/robot_serial/lib/robot_serial
[9.360s] Installing serial_salida script to /home/pi/ros2_ws/install/robot_serial/lib/robot_serial
[9.365s] writing list of installed files to '/home/pi/ros2_ws/build/robot_serial/install.log'
[9.690s] Invoked command in '/home/pi/ros2_ws/src/robot_serial' returned '0': PYTHONPATH=/home/pi/ros2_ws/build/robot_serial/prefix_override:/usr/lib/python3/dist-packages/colcon_core/task/python/colcon_distutils_commands:/home/pi/ros2_ws/install/robot_serial/lib/python3.10/site-packages:${PYTHONPATH} /usr/bin/python3 -W ignore:setup.py install is deprecated setup.py egg_info --egg-base ../../build/robot_serial build --build-base /home/pi/ros2_ws/build/robot_serial/build install --record /home/pi/ros2_ws/build/robot_serial/install.log --single-version-externally-managed install_data
