[0.183s] Invoking command in '/home/pi/ros2_ws/build/jsc_mecanum_teleop': CMAKE_PREFIX_PATH=${CMAKE_PREFIX_PATH}:/home/pi/ros2_ws/install/robot_serial:/home/pi/ros2_ws/install/motor_gui_pkg:/opt/ros/humble /usr/bin/cmake --build /home/pi/ros2_ws/build/jsc_mecanum_teleop -- -j4 -l4
[0.537s] [100%] Built target jsc_mecanum_teleop
[1.892s] Invoked command in '/home/pi/ros2_ws/build/jsc_mecanum_teleop' returned '0': CMAKE_PREFIX_PATH=${CMAKE_PREFIX_PATH}:/home/pi/ros2_ws/install/robot_serial:/home/pi/ros2_ws/install/motor_gui_pkg:/opt/ros/humble /usr/bin/cmake --build /home/pi/ros2_ws/build/jsc_mecanum_teleop -- -j4 -l4
[3.913s] Invoking command in '/home/pi/ros2_ws/build/jsc_mecanum_teleop': CMAKE_PREFIX_PATH=${CMAKE_PREFIX_PATH}:/home/pi/ros2_ws/install/robot_serial:/home/pi/ros2_ws/install/motor_gui_pkg:/opt/ros/humble /usr/bin/cmake --install /home/pi/ros2_ws/build/jsc_mecanum_teleop
[3.964s] -- Install configuration: ""
[3.964s] -- Execute custom install script
[3.968s] -- Up-to-date symlink: /home/pi/ros2_ws/install/jsc_mecanum_teleop/share/jsc_mecanum_teleop/config/teleop_config.yaml
[3.972s] -- Up-to-date symlink: /home/pi/ros2_ws/install/jsc_mecanum_teleop/lib/jsc_mecanum_teleop/jsc_mecanum_teleop
[3.973s] -- Up-to-date symlink: /home/pi/ros2_ws/install/jsc_mecanum_teleop/share/ament_index/resource_index/package_run_dependencies/jsc_mecanum_teleop
[3.984s] -- Up-to-date symlink: /home/pi/ros2_ws/install/jsc_mecanum_teleop/share/ament_index/resource_index/parent_prefix_path/jsc_mecanum_teleop
[3.988s] -- Up-to-date symlink: /home/pi/ros2_ws/install/jsc_mecanum_teleop/share/jsc_mecanum_teleop/environment/ament_prefix_path.sh
[3.988s] -- Up-to-date symlink: /home/pi/ros2_ws/install/jsc_mecanum_teleop/share/jsc_mecanum_teleop/environment/ament_prefix_path.dsv
[3.989s] -- Up-to-date symlink: /home/pi/ros2_ws/install/jsc_mecanum_teleop/share/jsc_mecanum_teleop/environment/path.sh
[3.989s] -- Up-to-date symlink: /home/pi/ros2_ws/install/jsc_mecanum_teleop/share/jsc_mecanum_teleop/environment/path.dsv
[3.990s] -- Up-to-date symlink: /home/pi/ros2_ws/install/jsc_mecanum_teleop/share/jsc_mecanum_teleop/local_setup.bash
[3.990s] -- Up-to-date symlink: /home/pi/ros2_ws/install/jsc_mecanum_teleop/share/jsc_mecanum_teleop/local_setup.sh
[3.991s] -- Up-to-date symlink: /home/pi/ros2_ws/install/jsc_mecanum_teleop/share/jsc_mecanum_teleop/local_setup.zsh
[3.996s] -- Up-to-date symlink: /home/pi/ros2_ws/install/jsc_mecanum_teleop/share/jsc_mecanum_teleop/local_setup.dsv
[3.996s] -- Symlinking: /home/pi/ros2_ws/install/jsc_mecanum_teleop/share/jsc_mecanum_teleop/package.dsv
[4.044s] -- Up-to-date symlink: /home/pi/ros2_ws/install/jsc_mecanum_teleop/share/ament_index/resource_index/packages/jsc_mecanum_teleop
[4.045s] -- Up-to-date symlink: /home/pi/ros2_ws/install/jsc_mecanum_teleop/share/jsc_mecanum_teleop/cmake/jsc_mecanum_teleopConfig.cmake
[4.046s] -- Up-to-date symlink: /home/pi/ros2_ws/install/jsc_mecanum_teleop/share/jsc_mecanum_teleop/cmake/jsc_mecanum_teleopConfig-version.cmake
[4.047s] -- Up-to-date symlink: /home/pi/ros2_ws/install/jsc_mecanum_teleop/share/jsc_mecanum_teleop/package.xml
[4.056s] Invoked command in '/home/pi/ros2_ws/build/jsc_mecanum_teleop' returned '0': CMAKE_PREFIX_PATH=${CMAKE_PREFIX_PATH}:/home/pi/ros2_ws/install/robot_serial:/home/pi/ros2_ws/install/motor_gui_pkg:/opt/ros/humble /usr/bin/cmake --install /home/pi/ros2_ws/build/jsc_mecanum_teleop
