[1.690s] Invoking command in '/home/pi/ros2_ws/build/sllidar_ros2': CMAKE_PREFIX_PATH=${CMAKE_PREFIX_PATH}:/home/pi/ros2_ws/install/robot_serial:/home/pi/ros2_ws/install/motor_gui_pkg:/opt/ros/humble /usr/bin/cmake --build /home/pi/ros2_ws/build/sllidar_ros2 -- -j4 -l4
[2.098s] [ 90%] Built target sllidar_node
[2.143s] [100%] Built target sllidar_client
[2.274s] Invoked command in '/home/pi/ros2_ws/build/sllidar_ros2' returned '0': CMAKE_PREFIX_PATH=${CMAKE_PREFIX_PATH}:/home/pi/ros2_ws/install/robot_serial:/home/pi/ros2_ws/install/motor_gui_pkg:/opt/ros/humble /usr/bin/cmake --build /home/pi/ros2_ws/build/sllidar_ros2 -- -j4 -l4
[2.964s] Invoking command in '/home/pi/ros2_ws/build/sllidar_ros2': CMAKE_PREFIX_PATH=${CMAKE_PREFIX_PATH}:/home/pi/ros2_ws/install/robot_serial:/home/pi/ros2_ws/install/motor_gui_pkg:/opt/ros/humble /usr/bin/cmake --install /home/pi/ros2_ws/build/sllidar_ros2
[3.018s] -- Install configuration: ""
[3.025s] -- Execute custom install script
[3.028s] -- Up-to-date symlink: /home/pi/ros2_ws/install/sllidar_ros2/share/sllidar_ros2/launch/sllidar_a1_launch.py
[3.029s] -- Up-to-date symlink: /home/pi/ros2_ws/install/sllidar_ros2/share/sllidar_ros2/launch/sllidar_a2m12_launch .py
[3.029s] -- Up-to-date symlink: /home/pi/ros2_ws/install/sllidar_ros2/share/sllidar_ros2/launch/sllidar_a2m7_launch.py
[3.034s] -- Up-to-date symlink: /home/pi/ros2_ws/install/sllidar_ros2/share/sllidar_ros2/launch/sllidar_a2m8_launch.py
[3.035s] -- Up-to-date symlink: /home/pi/ros2_ws/install/sllidar_ros2/share/sllidar_ros2/launch/sllidar_a3_launch.py
[3.040s] -- Up-to-date symlink: /home/pi/ros2_ws/install/sllidar_ros2/share/sllidar_ros2/launch/sllidar_c1_launch.py
[3.041s] -- Up-to-date symlink: /home/pi/ros2_ws/install/sllidar_ros2/share/sllidar_ros2/launch/sllidar_s1_launch.py
[3.041s] -- Up-to-date symlink: /home/pi/ros2_ws/install/sllidar_ros2/share/sllidar_ros2/launch/sllidar_s1_tcp_launch.py
[3.043s] -- Up-to-date symlink: /home/pi/ros2_ws/install/sllidar_ros2/share/sllidar_ros2/launch/sllidar_s2_launch.py
[3.044s] -- Up-to-date symlink: /home/pi/ros2_ws/install/sllidar_ros2/share/sllidar_ros2/launch/sllidar_s2_launch_copy.py
[3.047s] -- Up-to-date symlink: /home/pi/ros2_ws/install/sllidar_ros2/share/sllidar_ros2/launch/sllidar_s2e_launch.py
[3.049s] -- Up-to-date symlink: /home/pi/ros2_ws/install/sllidar_ros2/share/sllidar_ros2/launch/sllidar_s3_launch.py
[3.050s] -- Up-to-date symlink: /home/pi/ros2_ws/install/sllidar_ros2/share/sllidar_ros2/launch/sllidar_t1_launch.py
[3.054s] -- Up-to-date symlink: /home/pi/ros2_ws/install/sllidar_ros2/share/sllidar_ros2/launch/view_sllidar_a1_launch.py
[3.055s] -- Up-to-date symlink: /home/pi/ros2_ws/install/sllidar_ros2/share/sllidar_ros2/launch/view_sllidar_a2m12_launch.py
[3.061s] -- Up-to-date symlink: /home/pi/ros2_ws/install/sllidar_ros2/share/sllidar_ros2/launch/view_sllidar_a2m7_launch.py
[3.067s] -- Up-to-date symlink: /home/pi/ros2_ws/install/sllidar_ros2/share/sllidar_ros2/launch/view_sllidar_a2m8_launch.py
[3.068s] -- Up-to-date symlink: /home/pi/ros2_ws/install/sllidar_ros2/share/sllidar_ros2/launch/view_sllidar_a3_launch.py
[3.069s] -- Up-to-date symlink: /home/pi/ros2_ws/install/sllidar_ros2/share/sllidar_ros2/launch/view_sllidar_c1_launch.py
[3.080s] -- Up-to-date symlink: /home/pi/ros2_ws/install/sllidar_ros2/share/sllidar_ros2/launch/view_sllidar_s1_launch.py
[3.081s] -- Up-to-date symlink: /home/pi/ros2_ws/install/sllidar_ros2/share/sllidar_ros2/launch/view_sllidar_s1_tcp_launch.py
[3.084s] -- Up-to-date symlink: /home/pi/ros2_ws/install/sllidar_ros2/share/sllidar_ros2/launch/view_sllidar_s2_launch.py
[3.092s] -- Up-to-date symlink: /home/pi/ros2_ws/install/sllidar_ros2/share/sllidar_ros2/launch/view_sllidar_s2e_launch.py
[3.093s] -- Up-to-date symlink: /home/pi/ros2_ws/install/sllidar_ros2/share/sllidar_ros2/launch/view_sllidar_s3_launch.py
[3.102s] -- Up-to-date symlink: /home/pi/ros2_ws/install/sllidar_ros2/share/sllidar_ros2/launch/view_sllidar_t1_launch.py
[3.102s] -- Up-to-date symlink: /home/pi/ros2_ws/install/sllidar_ros2/share/sllidar_ros2/rviz/sllidar_ros2.rviz
[3.103s] -- Up-to-date symlink: /home/pi/ros2_ws/install/sllidar_ros2/lib/sllidar_ros2/sllidar_node
[3.103s] -- Up-to-date symlink: /home/pi/ros2_ws/install/sllidar_ros2/lib/sllidar_ros2/sllidar_client
[3.104s] -- Up-to-date symlink: /home/pi/ros2_ws/install/sllidar_ros2/share/ament_index/resource_index/package_run_dependencies/sllidar_ros2
[3.105s] -- Up-to-date symlink: /home/pi/ros2_ws/install/sllidar_ros2/share/ament_index/resource_index/parent_prefix_path/sllidar_ros2
[3.109s] -- Up-to-date symlink: /home/pi/ros2_ws/install/sllidar_ros2/share/sllidar_ros2/environment/ament_prefix_path.sh
[3.110s] -- Up-to-date symlink: /home/pi/ros2_ws/install/sllidar_ros2/share/sllidar_ros2/environment/ament_prefix_path.dsv
[3.111s] -- Up-to-date symlink: /home/pi/ros2_ws/install/sllidar_ros2/share/sllidar_ros2/environment/path.sh
[3.111s] -- Up-to-date symlink: /home/pi/ros2_ws/install/sllidar_ros2/share/sllidar_ros2/environment/path.dsv
[3.112s] -- Up-to-date symlink: /home/pi/ros2_ws/install/sllidar_ros2/share/sllidar_ros2/local_setup.bash
[3.113s] -- Up-to-date symlink: /home/pi/ros2_ws/install/sllidar_ros2/share/sllidar_ros2/local_setup.sh
[3.118s] -- Up-to-date symlink: /home/pi/ros2_ws/install/sllidar_ros2/share/sllidar_ros2/local_setup.zsh
[3.118s] -- Up-to-date symlink: /home/pi/ros2_ws/install/sllidar_ros2/share/sllidar_ros2/local_setup.dsv
[3.119s] -- Symlinking: /home/pi/ros2_ws/install/sllidar_ros2/share/sllidar_ros2/package.dsv
[3.142s] -- Up-to-date symlink: /home/pi/ros2_ws/install/sllidar_ros2/share/ament_index/resource_index/packages/sllidar_ros2
[3.148s] -- Up-to-date symlink: /home/pi/ros2_ws/install/sllidar_ros2/share/sllidar_ros2/cmake/ament_cmake_export_dependencies-extras.cmake
[3.150s] -- Up-to-date symlink: /home/pi/ros2_ws/install/sllidar_ros2/share/sllidar_ros2/cmake/ament_cmake_export_include_directories-extras.cmake
[3.151s] -- Up-to-date symlink: /home/pi/ros2_ws/install/sllidar_ros2/share/sllidar_ros2/cmake/sllidar_ros2Config.cmake
[3.151s] -- Up-to-date symlink: /home/pi/ros2_ws/install/sllidar_ros2/share/sllidar_ros2/cmake/sllidar_ros2Config-version.cmake
[3.152s] -- Up-to-date symlink: /home/pi/ros2_ws/install/sllidar_ros2/share/sllidar_ros2/package.xml
[3.198s] Invoked command in '/home/pi/ros2_ws/build/sllidar_ros2' returned '0': CMAKE_PREFIX_PATH=${CMAKE_PREFIX_PATH}:/home/pi/ros2_ws/install/robot_serial:/home/pi/ros2_ws/install/motor_gui_pkg:/opt/ros/humble /usr/bin/cmake --install /home/pi/ros2_ws/build/sllidar_ros2
