[4.283s] Invoking command in '/home/pi/ros2_ws/src/robot_serial': PYTHONPATH=/home/pi/ros2_ws/build/robot_serial/prefix_override:/usr/lib/python3/dist-packages/colcon_core/task/python/colcon_distutils_commands:/home/pi/ros2_ws/install/robot_serial/lib/python3.10/site-packages:${PYTHONPATH} /usr/bin/python3 -W ignore:setup.py install is deprecated setup.py egg_info --egg-base ../../build/robot_serial build --build-base /home/pi/ros2_ws/build/robot_serial/build install --record /home/pi/ros2_ws/build/robot_serial/install.log --single-version-externally-managed install_data
[5.746s] running egg_info
[5.749s] writing ../../build/robot_serial/robot_serial.egg-info/PKG-INFO
[5.751s] writing dependency_links to ../../build/robot_serial/robot_serial.egg-info/dependency_links.txt
[5.752s] writing entry points to ../../build/robot_serial/robot_serial.egg-info/entry_points.txt
[5.753s] writing requirements to ../../build/robot_serial/robot_serial.egg-info/requires.txt
[5.753s] writing top-level names to ../../build/robot_serial/robot_serial.egg-info/top_level.txt
[5.762s] reading manifest file '../../build/robot_serial/robot_serial.egg-info/SOURCES.txt'
[5.764s] adding license file 'LICENSE'
[5.766s] writing manifest file '../../build/robot_serial/robot_serial.egg-info/SOURCES.txt'
[5.767s] running build
[5.768s] running build_py
[5.770s] running install
[5.771s] running install_lib
[5.778s] running install_data
[5.779s] running install_egg_info
[5.788s] removing '/home/pi/ros2_ws/install/robot_serial/lib/python3.10/site-packages/robot_serial-0.0.0-py3.10.egg-info' (and everything under it)
[5.790s] Copying ../../build/robot_serial/robot_serial.egg-info to /home/pi/ros2_ws/install/robot_serial/lib/python3.10/site-packages/robot_serial-0.0.0-py3.10.egg-info
[5.797s] running install_scripts
[5.883s] Installing find script to /home/pi/ros2_ws/install/robot_serial/lib/robot_serial
[5.884s] Installing serial script to /home/pi/ros2_ws/install/robot_serial/lib/robot_serial
[5.884s] Installing serial_salida script to /home/pi/ros2_ws/install/robot_serial/lib/robot_serial
[5.886s] writing list of installed files to '/home/pi/ros2_ws/build/robot_serial/install.log'
[6.018s] Invoked command in '/home/pi/ros2_ws/src/robot_serial' returned '0': PYTHONPATH=/home/pi/ros2_ws/build/robot_serial/prefix_override:/usr/lib/python3/dist-packages/colcon_core/task/python/colcon_distutils_commands:/home/pi/ros2_ws/install/robot_serial/lib/python3.10/site-packages:${PYTHONPATH} /usr/bin/python3 -W ignore:setup.py install is deprecated setup.py egg_info --egg-base ../../build/robot_serial build --build-base /home/pi/ros2_ws/build/robot_serial/build install --record /home/pi/ros2_ws/build/robot_serial/install.log --single-version-externally-managed install_data
