[6.779s] Invoking command in '/home/pi/ros2_ws/src/robot_serial': PYTHONPATH=/home/pi/ros2_ws/build/robot_serial/prefix_override:/usr/lib/python3/dist-packages/colcon_core/task/python/colcon_distutils_commands:/home/pi/ros2_ws/install/robot_serial/lib/python3.10/site-packages:${PYTHONPATH} /usr/bin/python3 -W ignore:setup.py install is deprecated setup.py egg_info --egg-base ../../build/robot_serial build --build-base /home/pi/ros2_ws/build/robot_serial/build install --record /home/pi/ros2_ws/build/robot_serial/install.log --single-version-externally-managed install_data
[8.721s] running egg_info
[8.725s] writing ../../build/robot_serial/robot_serial.egg-info/PKG-INFO
[8.728s] writing dependency_links to ../../build/robot_serial/robot_serial.egg-info/dependency_links.txt
[8.730s] writing entry points to ../../build/robot_serial/robot_serial.egg-info/entry_points.txt
[8.732s] writing requirements to ../../build/robot_serial/robot_serial.egg-info/requires.txt
[8.733s] writing top-level names to ../../build/robot_serial/robot_serial.egg-info/top_level.txt
[8.743s] reading manifest file '../../build/robot_serial/robot_serial.egg-info/SOURCES.txt'
[8.746s] adding license file 'LICENSE'
[8.749s] writing manifest file '../../build/robot_serial/robot_serial.egg-info/SOURCES.txt'
[8.751s] running build
[8.752s] running build_py
[8.755s] running install
[8.757s] running install_lib
[8.765s] running install_data
[8.767s] running install_egg_info
[8.779s] removing '/home/pi/ros2_ws/install/robot_serial/lib/python3.10/site-packages/robot_serial-0.0.0-py3.10.egg-info' (and everything under it)
[8.785s] Copying ../../build/robot_serial/robot_serial.egg-info to /home/pi/ros2_ws/install/robot_serial/lib/python3.10/site-packages/robot_serial-0.0.0-py3.10.egg-info
[8.793s] running install_scripts
[8.923s] Installing find script to /home/pi/ros2_ws/install/robot_serial/lib/robot_serial
[8.926s] Installing serial script to /home/pi/ros2_ws/install/robot_serial/lib/robot_serial
[8.935s] Installing serial_salida script to /home/pi/ros2_ws/install/robot_serial/lib/robot_serial
[8.941s] writing list of installed files to '/home/pi/ros2_ws/build/robot_serial/install.log'
[9.104s] Invoked command in '/home/pi/ros2_ws/src/robot_serial' returned '0': PYTHONPATH=/home/pi/ros2_ws/build/robot_serial/prefix_override:/usr/lib/python3/dist-packages/colcon_core/task/python/colcon_distutils_commands:/home/pi/ros2_ws/install/robot_serial/lib/python3.10/site-packages:${PYTHONPATH} /usr/bin/python3 -W ignore:setup.py install is deprecated setup.py egg_info --egg-base ../../build/robot_serial build --build-base /home/pi/ros2_ws/build/robot_serial/build install --record /home/pi/ros2_ws/build/robot_serial/install.log --single-version-externally-managed install_data
