[0.116s] Invoking command in '/home/pi/ros2_ws/build/jsc_mecanum_bringup': CMAKE_PREFIX_PATH=/home/pi/ros2_ws/install/jsc_mecanum_description:/home/pi/ros2_ws/install/sllidar_ros2:/home/pi/ros2_ws/install/jsc_mecanum_teleop:/home/pi/ros2_ws/install/jsc_mecanum_hardware:/home/pi/ros2_ws/install/jsc_mecanum_bringup:/home/pi/ros2_ws/install/jsc_mecanum_controller:/home/pi/ros2_ws/install/jsc_mecanum_control:/home/pi/ros2_ws/install/robot_serial:/home/pi/ros2_ws/install/motor_gui_pkg:/opt/ros/humble /usr/bin/cmake --build /home/pi/ros2_ws/build/jsc_mecanum_bringup -- -j4 -l4
[0.390s] Invoked command in '/home/pi/ros2_ws/build/jsc_mecanum_bringup' returned '0': CMAKE_PREFIX_PATH=/home/pi/ros2_ws/install/jsc_mecanum_description:/home/pi/ros2_ws/install/sllidar_ros2:/home/pi/ros2_ws/install/jsc_mecanum_teleop:/home/pi/ros2_ws/install/jsc_mecanum_hardware:/home/pi/ros2_ws/install/jsc_mecanum_bringup:/home/pi/ros2_ws/install/jsc_mecanum_controller:/home/pi/ros2_ws/install/jsc_mecanum_control:/home/pi/ros2_ws/install/robot_serial:/home/pi/ros2_ws/install/motor_gui_pkg:/opt/ros/humble /usr/bin/cmake --build /home/pi/ros2_ws/build/jsc_mecanum_bringup -- -j4 -l4
[0.729s] Invoking command in '/home/pi/ros2_ws/build/jsc_mecanum_bringup': CMAKE_PREFIX_PATH=/home/pi/ros2_ws/install/jsc_mecanum_description:/home/pi/ros2_ws/install/sllidar_ros2:/home/pi/ros2_ws/install/jsc_mecanum_teleop:/home/pi/ros2_ws/install/jsc_mecanum_hardware:/home/pi/ros2_ws/install/jsc_mecanum_bringup:/home/pi/ros2_ws/install/jsc_mecanum_controller:/home/pi/ros2_ws/install/jsc_mecanum_control:/home/pi/ros2_ws/install/robot_serial:/home/pi/ros2_ws/install/motor_gui_pkg:/opt/ros/humble /usr/bin/cmake --install /home/pi/ros2_ws/build/jsc_mecanum_bringup
[0.776s] -- Install configuration: ""
[0.782s] -- Execute custom install script
[0.786s] -- Up-to-date symlink: /home/pi/ros2_ws/install/jsc_mecanum_bringup/share/jsc_mecanum_bringup/launch/jsc_mecanum_hardware.py
[0.791s] -- Up-to-date symlink: /home/pi/ros2_ws/install/jsc_mecanum_bringup/share/jsc_mecanum_bringup/launch/jsc_mecanum_state_publisher.py
[0.793s] -- Up-to-date symlink: /home/pi/ros2_ws/install/jsc_mecanum_bringup/share/jsc_mecanum_bringup/launch/jsc_mecanum_teleop.py
[0.794s] -- Up-to-date symlink: /home/pi/ros2_ws/install/jsc_mecanum_bringup/share/jsc_mecanum_bringup/launch/prueba.py
[0.796s] -- Up-to-date symlink: /home/pi/ros2_ws/install/jsc_mecanum_bringup/share/jsc_mecanum_bringup/launch/rviz2.py
[0.800s] -- Up-to-date symlink: /home/pi/ros2_ws/install/jsc_mecanum_bringup/share/ament_index/resource_index/package_run_dependencies/jsc_mecanum_bringup
[0.804s] -- Up-to-date symlink: /home/pi/ros2_ws/install/jsc_mecanum_bringup/share/ament_index/resource_index/parent_prefix_path/jsc_mecanum_bringup
[0.807s] -- Up-to-date symlink: /home/pi/ros2_ws/install/jsc_mecanum_bringup/share/jsc_mecanum_bringup/environment/ament_prefix_path.sh
[0.810s] -- Up-to-date symlink: /home/pi/ros2_ws/install/jsc_mecanum_bringup/share/jsc_mecanum_bringup/environment/ament_prefix_path.dsv
[0.813s] -- Up-to-date symlink: /home/pi/ros2_ws/install/jsc_mecanum_bringup/share/jsc_mecanum_bringup/environment/path.sh
[0.816s] -- Up-to-date symlink: /home/pi/ros2_ws/install/jsc_mecanum_bringup/share/jsc_mecanum_bringup/environment/path.dsv
[0.819s] -- Up-to-date symlink: /home/pi/ros2_ws/install/jsc_mecanum_bringup/share/jsc_mecanum_bringup/local_setup.bash
[0.822s] -- Up-to-date symlink: /home/pi/ros2_ws/install/jsc_mecanum_bringup/share/jsc_mecanum_bringup/local_setup.sh
[0.825s] -- Up-to-date symlink: /home/pi/ros2_ws/install/jsc_mecanum_bringup/share/jsc_mecanum_bringup/local_setup.zsh
[0.828s] -- Up-to-date symlink: /home/pi/ros2_ws/install/jsc_mecanum_bringup/share/jsc_mecanum_bringup/local_setup.dsv
[0.831s] -- Symlinking: /home/pi/ros2_ws/install/jsc_mecanum_bringup/share/jsc_mecanum_bringup/package.dsv
[0.884s] -- Up-to-date symlink: /home/pi/ros2_ws/install/jsc_mecanum_bringup/share/ament_index/resource_index/packages/jsc_mecanum_bringup
[0.889s] -- Up-to-date symlink: /home/pi/ros2_ws/install/jsc_mecanum_bringup/share/jsc_mecanum_bringup/cmake/jsc_mecanum_bringupConfig.cmake
[0.890s] -- Up-to-date symlink: /home/pi/ros2_ws/install/jsc_mecanum_bringup/share/jsc_mecanum_bringup/cmake/jsc_mecanum_bringupConfig-version.cmake
[0.892s] -- Up-to-date symlink: /home/pi/ros2_ws/install/jsc_mecanum_bringup/share/jsc_mecanum_bringup/package.xml
[0.906s] Invoked command in '/home/pi/ros2_ws/build/jsc_mecanum_bringup' returned '0': CMAKE_PREFIX_PATH=/home/pi/ros2_ws/install/jsc_mecanum_description:/home/pi/ros2_ws/install/sllidar_ros2:/home/pi/ros2_ws/install/jsc_mecanum_teleop:/home/pi/ros2_ws/install/jsc_mecanum_hardware:/home/pi/ros2_ws/install/jsc_mecanum_bringup:/home/pi/ros2_ws/install/jsc_mecanum_controller:/home/pi/ros2_ws/install/jsc_mecanum_control:/home/pi/ros2_ws/install/robot_serial:/home/pi/ros2_ws/install/motor_gui_pkg:/opt/ros/humble /usr/bin/cmake --install /home/pi/ros2_ws/build/jsc_mecanum_bringup
