[4.522s] Invoking command in '/home/pi/ros2_ws/src/robot_serial': PYTHONPATH=/home/pi/ros2_ws/build/robot_serial/prefix_override:/usr/lib/python3/dist-packages/colcon_core/task/python/colcon_distutils_commands:/home/pi/ros2_ws/install/robot_serial/lib/python3.10/site-packages:${PYTHONPATH} /usr/bin/python3 -W ignore:setup.py install is deprecated setup.py egg_info --egg-base ../../build/robot_serial build --build-base /home/pi/ros2_ws/build/robot_serial/build install --record /home/pi/ros2_ws/build/robot_serial/install.log --single-version-externally-managed install_data
[5.939s] running egg_info
[5.941s] writing ../../build/robot_serial/robot_serial.egg-info/PKG-INFO
[5.942s] writing dependency_links to ../../build/robot_serial/robot_serial.egg-info/dependency_links.txt
[5.944s] writing entry points to ../../build/robot_serial/robot_serial.egg-info/entry_points.txt
[5.945s] writing requirements to ../../build/robot_serial/robot_serial.egg-info/requires.txt
[5.946s] writing top-level names to ../../build/robot_serial/robot_serial.egg-info/top_level.txt
[5.955s] reading manifest file '../../build/robot_serial/robot_serial.egg-info/SOURCES.txt'
[5.957s] adding license file 'LICENSE'
[5.960s] writing manifest file '../../build/robot_serial/robot_serial.egg-info/SOURCES.txt'
[5.960s] running build
[5.961s] running build_py
[5.963s] running install
[5.965s] running install_lib
[5.971s] running install_data
[5.972s] running install_egg_info
[5.981s] removing '/home/pi/ros2_ws/install/robot_serial/lib/python3.10/site-packages/robot_serial-0.0.0-py3.10.egg-info' (and everything under it)
[5.983s] Copying ../../build/robot_serial/robot_serial.egg-info to /home/pi/ros2_ws/install/robot_serial/lib/python3.10/site-packages/robot_serial-0.0.0-py3.10.egg-info
[5.990s] running install_scripts
[6.075s] Installing find script to /home/pi/ros2_ws/install/robot_serial/lib/robot_serial
[6.076s] Installing serial script to /home/pi/ros2_ws/install/robot_serial/lib/robot_serial
[6.077s] Installing serial_salida script to /home/pi/ros2_ws/install/robot_serial/lib/robot_serial
[6.079s] writing list of installed files to '/home/pi/ros2_ws/build/robot_serial/install.log'
[6.206s] Invoked command in '/home/pi/ros2_ws/src/robot_serial' returned '0': PYTHONPATH=/home/pi/ros2_ws/build/robot_serial/prefix_override:/usr/lib/python3/dist-packages/colcon_core/task/python/colcon_distutils_commands:/home/pi/ros2_ws/install/robot_serial/lib/python3.10/site-packages:${PYTHONPATH} /usr/bin/python3 -W ignore:setup.py install is deprecated setup.py egg_info --egg-base ../../build/robot_serial build --build-base /home/pi/ros2_ws/build/robot_serial/build install --record /home/pi/ros2_ws/build/robot_serial/install.log --single-version-externally-managed install_data
