[5.392s] Invoking command in '/home/pi/ros2_ws/src/robot_serial': PYTHONPATH=/home/pi/ros2_ws/build/robot_serial/prefix_override:/usr/lib/python3/dist-packages/colcon_core/task/python/colcon_distutils_commands:/home/pi/ros2_ws/install/robot_serial/lib/python3.10/site-packages:${PYTHONPATH} /usr/bin/python3 -W ignore:setup.py install is deprecated setup.py egg_info --egg-base ../../build/robot_serial build --build-base /home/pi/ros2_ws/build/robot_serial/build install --record /home/pi/ros2_ws/build/robot_serial/install.log --single-version-externally-managed install_data
[6.791s] running egg_info
[6.795s] writing ../../build/robot_serial/robot_serial.egg-info/PKG-INFO
[6.798s] writing dependency_links to ../../build/robot_serial/robot_serial.egg-info/dependency_links.txt
[6.799s] writing entry points to ../../build/robot_serial/robot_serial.egg-info/entry_points.txt
[6.800s] writing requirements to ../../build/robot_serial/robot_serial.egg-info/requires.txt
[6.801s] writing top-level names to ../../build/robot_serial/robot_serial.egg-info/top_level.txt
[6.809s] reading manifest file '../../build/robot_serial/robot_serial.egg-info/SOURCES.txt'
[6.811s] adding license file 'LICENSE'
[6.815s] writing manifest file '../../build/robot_serial/robot_serial.egg-info/SOURCES.txt'
[6.816s] running build
[6.817s] running build_py
[6.818s] running install
[6.820s] running install_lib
[6.828s] running install_data
[6.828s] running install_egg_info
[6.840s] removing '/home/pi/ros2_ws/install/robot_serial/lib/python3.10/site-packages/robot_serial-0.0.0-py3.10.egg-info' (and everything under it)
[6.842s] Copying ../../build/robot_serial/robot_serial.egg-info to /home/pi/ros2_ws/install/robot_serial/lib/python3.10/site-packages/robot_serial-0.0.0-py3.10.egg-info
[6.851s] running install_scripts
[6.961s] Installing find script to /home/pi/ros2_ws/install/robot_serial/lib/robot_serial
[6.963s] Installing serial script to /home/pi/ros2_ws/install/robot_serial/lib/robot_serial
[6.966s] Installing serial_salida script to /home/pi/ros2_ws/install/robot_serial/lib/robot_serial
[6.969s] writing list of installed files to '/home/pi/ros2_ws/build/robot_serial/install.log'
[7.124s] Invoked command in '/home/pi/ros2_ws/src/robot_serial' returned '0': PYTHONPATH=/home/pi/ros2_ws/build/robot_serial/prefix_override:/usr/lib/python3/dist-packages/colcon_core/task/python/colcon_distutils_commands:/home/pi/ros2_ws/install/robot_serial/lib/python3.10/site-packages:${PYTHONPATH} /usr/bin/python3 -W ignore:setup.py install is deprecated setup.py egg_info --egg-base ../../build/robot_serial build --build-base /home/pi/ros2_ws/build/robot_serial/build install --record /home/pi/ros2_ws/build/robot_serial/install.log --single-version-externally-managed install_data
