[6.837s] Invoking command in '/home/pi/ros2_ws/src/robot_serial': PYTHONPATH=/home/pi/ros2_ws/build/robot_serial/prefix_override:/usr/lib/python3/dist-packages/colcon_core/task/python/colcon_distutils_commands:/home/pi/ros2_ws/install/robot_serial/lib/python3.10/site-packages:${PYTHONPATH} /usr/bin/python3 -W ignore:setup.py install is deprecated setup.py egg_info --egg-base ../../build/robot_serial build --build-base /home/pi/ros2_ws/build/robot_serial/build install --record /home/pi/ros2_ws/build/robot_serial/install.log --single-version-externally-managed install_data
[8.295s] running egg_info
[8.298s] writing ../../build/robot_serial/robot_serial.egg-info/PKG-INFO
[8.299s] writing dependency_links to ../../build/robot_serial/robot_serial.egg-info/dependency_links.txt
[8.301s] writing entry points to ../../build/robot_serial/robot_serial.egg-info/entry_points.txt
[8.302s] writing requirements to ../../build/robot_serial/robot_serial.egg-info/requires.txt
[8.303s] writing top-level names to ../../build/robot_serial/robot_serial.egg-info/top_level.txt
[8.313s] reading manifest file '../../build/robot_serial/robot_serial.egg-info/SOURCES.txt'
[8.315s] adding license file 'LICENSE'
[8.318s] writing manifest file '../../build/robot_serial/robot_serial.egg-info/SOURCES.txt'
[8.320s] running build
[8.321s] running build_py
[8.322s] running install
[8.324s] running install_lib
[8.331s] running install_data
[8.332s] running install_egg_info
[8.343s] removing '/home/pi/ros2_ws/install/robot_serial/lib/python3.10/site-packages/robot_serial-0.0.0-py3.10.egg-info' (and everything under it)
[8.345s] Copying ../../build/robot_serial/robot_serial.egg-info to /home/pi/ros2_ws/install/robot_serial/lib/python3.10/site-packages/robot_serial-0.0.0-py3.10.egg-info
[8.355s] running install_scripts
[8.445s] Installing find script to /home/pi/ros2_ws/install/robot_serial/lib/robot_serial
[8.446s] Installing serial script to /home/pi/ros2_ws/install/robot_serial/lib/robot_serial
[8.447s] Installing serial_salida script to /home/pi/ros2_ws/install/robot_serial/lib/robot_serial
[8.449s] writing list of installed files to '/home/pi/ros2_ws/build/robot_serial/install.log'
[8.638s] Invoked command in '/home/pi/ros2_ws/src/robot_serial' returned '0': PYTHONPATH=/home/pi/ros2_ws/build/robot_serial/prefix_override:/usr/lib/python3/dist-packages/colcon_core/task/python/colcon_distutils_commands:/home/pi/ros2_ws/install/robot_serial/lib/python3.10/site-packages:${PYTHONPATH} /usr/bin/python3 -W ignore:setup.py install is deprecated setup.py egg_info --egg-base ../../build/robot_serial build --build-base /home/pi/ros2_ws/build/robot_serial/build install --record /home/pi/ros2_ws/build/robot_serial/install.log --single-version-externally-managed install_data
