[5.464s] Invoking command in '/home/pi/ros2_ws/src/robot_serial': PYTHONPATH=/home/pi/ros2_ws/build/robot_serial/prefix_override:/usr/lib/python3/dist-packages/colcon_core/task/python/colcon_distutils_commands:/home/pi/ros2_ws/install/robot_serial/lib/python3.10/site-packages:${PYTHONPATH} /usr/bin/python3 -W ignore:setup.py install is deprecated setup.py egg_info --egg-base ../../build/robot_serial build --build-base /home/pi/ros2_ws/build/robot_serial/build install --record /home/pi/ros2_ws/build/robot_serial/install.log --single-version-externally-managed install_data
[6.925s] running egg_info
[6.928s] writing ../../build/robot_serial/robot_serial.egg-info/PKG-INFO
[6.929s] writing dependency_links to ../../build/robot_serial/robot_serial.egg-info/dependency_links.txt
[6.931s] writing entry points to ../../build/robot_serial/robot_serial.egg-info/entry_points.txt
[6.933s] writing requirements to ../../build/robot_serial/robot_serial.egg-info/requires.txt
[6.933s] writing top-level names to ../../build/robot_serial/robot_serial.egg-info/top_level.txt
[6.942s] reading manifest file '../../build/robot_serial/robot_serial.egg-info/SOURCES.txt'
[6.944s] adding license file 'LICENSE'
[6.947s] writing manifest file '../../build/robot_serial/robot_serial.egg-info/SOURCES.txt'
[6.948s] running build
[6.949s] running build_py
[6.951s] running install
[6.953s] running install_lib
[6.963s] running install_data
[6.963s] running install_egg_info
[6.973s] removing '/home/pi/ros2_ws/install/robot_serial/lib/python3.10/site-packages/robot_serial-0.0.0-py3.10.egg-info' (and everything under it)
[6.977s] Copying ../../build/robot_serial/robot_serial.egg-info to /home/pi/ros2_ws/install/robot_serial/lib/python3.10/site-packages/robot_serial-0.0.0-py3.10.egg-info
[6.983s] running install_scripts
[7.078s] Installing find script to /home/pi/ros2_ws/install/robot_serial/lib/robot_serial
[7.079s] Installing serial script to /home/pi/ros2_ws/install/robot_serial/lib/robot_serial
[7.080s] Installing serial_salida script to /home/pi/ros2_ws/install/robot_serial/lib/robot_serial
[7.083s] writing list of installed files to '/home/pi/ros2_ws/build/robot_serial/install.log'
[7.257s] Invoked command in '/home/pi/ros2_ws/src/robot_serial' returned '0': PYTHONPATH=/home/pi/ros2_ws/build/robot_serial/prefix_override:/usr/lib/python3/dist-packages/colcon_core/task/python/colcon_distutils_commands:/home/pi/ros2_ws/install/robot_serial/lib/python3.10/site-packages:${PYTHONPATH} /usr/bin/python3 -W ignore:setup.py install is deprecated setup.py egg_info --egg-base ../../build/robot_serial build --build-base /home/pi/ros2_ws/build/robot_serial/build install --record /home/pi/ros2_ws/build/robot_serial/install.log --single-version-externally-managed install_data
