[0.065s] Invoking command in '/home/pi/ros2_ws/build/jsc_mecanum_bringup': CMAKE_PREFIX_PATH=/home/pi/ros2_ws/install/jsc_mecanum_description:/home/pi/ros2_ws/install/sllidar_ros2:/home/pi/ros2_ws/install/jsc_mecanum_teleop:/home/pi/ros2_ws/install/jsc_mecanum_hardware:/home/pi/ros2_ws/install/jsc_mecanum_bringup:/home/pi/ros2_ws/install/jsc_mecanum_controller:/home/pi/ros2_ws/install/jsc_mecanum_control:/home/pi/ros2_ws/install/robot_serial:/home/pi/ros2_ws/install/motor_gui_pkg:/opt/ros/humble /usr/bin/cmake --build /home/pi/ros2_ws/build/jsc_mecanum_bringup -- -j4 -l4
[0.328s] Invoked command in '/home/pi/ros2_ws/build/jsc_mecanum_bringup' returned '0': CMAKE_PREFIX_PATH=/home/pi/ros2_ws/install/jsc_mecanum_description:/home/pi/ros2_ws/install/sllidar_ros2:/home/pi/ros2_ws/install/jsc_mecanum_teleop:/home/pi/ros2_ws/install/jsc_mecanum_hardware:/home/pi/ros2_ws/install/jsc_mecanum_bringup:/home/pi/ros2_ws/install/jsc_mecanum_controller:/home/pi/ros2_ws/install/jsc_mecanum_control:/home/pi/ros2_ws/install/robot_serial:/home/pi/ros2_ws/install/motor_gui_pkg:/opt/ros/humble /usr/bin/cmake --build /home/pi/ros2_ws/build/jsc_mecanum_bringup -- -j4 -l4
[0.612s] Invoking command in '/home/pi/ros2_ws/build/jsc_mecanum_bringup': CMAKE_PREFIX_PATH=/home/pi/ros2_ws/install/jsc_mecanum_description:/home/pi/ros2_ws/install/sllidar_ros2:/home/pi/ros2_ws/install/jsc_mecanum_teleop:/home/pi/ros2_ws/install/jsc_mecanum_hardware:/home/pi/ros2_ws/install/jsc_mecanum_bringup:/home/pi/ros2_ws/install/jsc_mecanum_controller:/home/pi/ros2_ws/install/jsc_mecanum_control:/home/pi/ros2_ws/install/robot_serial:/home/pi/ros2_ws/install/motor_gui_pkg:/opt/ros/humble /usr/bin/cmake --install /home/pi/ros2_ws/build/jsc_mecanum_bringup
[0.648s] -- Install configuration: ""
[0.648s] -- Execute custom install script
[0.652s] -- Up-to-date symlink: /home/pi/ros2_ws/install/jsc_mecanum_bringup/share/jsc_mecanum_bringup/launch/jsc_mecanum_hardware.py
[0.653s] -- Up-to-date symlink: /home/pi/ros2_ws/install/jsc_mecanum_bringup/share/jsc_mecanum_bringup/launch/jsc_mecanum_state_publisher.py
[0.653s] -- Up-to-date symlink: /home/pi/ros2_ws/install/jsc_mecanum_bringup/share/jsc_mecanum_bringup/launch/jsc_mecanum_teleop.py
[0.657s] -- Up-to-date symlink: /home/pi/ros2_ws/install/jsc_mecanum_bringup/share/jsc_mecanum_bringup/launch/prueba.py
[0.658s] -- Up-to-date symlink: /home/pi/ros2_ws/install/jsc_mecanum_bringup/share/jsc_mecanum_bringup/launch/rviz2.py
[0.659s] -- Up-to-date symlink: /home/pi/ros2_ws/install/jsc_mecanum_bringup/share/ament_index/resource_index/package_run_dependencies/jsc_mecanum_bringup
[0.659s] -- Up-to-date symlink: /home/pi/ros2_ws/install/jsc_mecanum_bringup/share/ament_index/resource_index/parent_prefix_path/jsc_mecanum_bringup
[0.664s] -- Up-to-date symlink: /home/pi/ros2_ws/install/jsc_mecanum_bringup/share/jsc_mecanum_bringup/environment/ament_prefix_path.sh
[0.664s] -- Up-to-date symlink: /home/pi/ros2_ws/install/jsc_mecanum_bringup/share/jsc_mecanum_bringup/environment/ament_prefix_path.dsv
[0.665s] -- Up-to-date symlink: /home/pi/ros2_ws/install/jsc_mecanum_bringup/share/jsc_mecanum_bringup/environment/path.sh
[0.666s] -- Up-to-date symlink: /home/pi/ros2_ws/install/jsc_mecanum_bringup/share/jsc_mecanum_bringup/environment/path.dsv
[0.666s] -- Up-to-date symlink: /home/pi/ros2_ws/install/jsc_mecanum_bringup/share/jsc_mecanum_bringup/local_setup.bash
[0.672s] -- Up-to-date symlink: /home/pi/ros2_ws/install/jsc_mecanum_bringup/share/jsc_mecanum_bringup/local_setup.sh
[0.672s] -- Up-to-date symlink: /home/pi/ros2_ws/install/jsc_mecanum_bringup/share/jsc_mecanum_bringup/local_setup.zsh
[0.673s] -- Up-to-date symlink: /home/pi/ros2_ws/install/jsc_mecanum_bringup/share/jsc_mecanum_bringup/local_setup.dsv
[0.673s] -- Symlinking: /home/pi/ros2_ws/install/jsc_mecanum_bringup/share/jsc_mecanum_bringup/package.dsv
[0.724s] -- Up-to-date symlink: /home/pi/ros2_ws/install/jsc_mecanum_bringup/share/ament_index/resource_index/packages/jsc_mecanum_bringup
[0.726s] -- Up-to-date symlink: /home/pi/ros2_ws/install/jsc_mecanum_bringup/share/jsc_mecanum_bringup/cmake/jsc_mecanum_bringupConfig.cmake
[0.727s] -- Up-to-date symlink: /home/pi/ros2_ws/install/jsc_mecanum_bringup/share/jsc_mecanum_bringup/cmake/jsc_mecanum_bringupConfig-version.cmake
[0.728s] -- Up-to-date symlink: /home/pi/ros2_ws/install/jsc_mecanum_bringup/share/jsc_mecanum_bringup/package.xml
[0.740s] Invoked command in '/home/pi/ros2_ws/build/jsc_mecanum_bringup' returned '0': CMAKE_PREFIX_PATH=/home/pi/ros2_ws/install/jsc_mecanum_description:/home/pi/ros2_ws/install/sllidar_ros2:/home/pi/ros2_ws/install/jsc_mecanum_teleop:/home/pi/ros2_ws/install/jsc_mecanum_hardware:/home/pi/ros2_ws/install/jsc_mecanum_bringup:/home/pi/ros2_ws/install/jsc_mecanum_controller:/home/pi/ros2_ws/install/jsc_mecanum_control:/home/pi/ros2_ws/install/robot_serial:/home/pi/ros2_ws/install/motor_gui_pkg:/opt/ros/humble /usr/bin/cmake --install /home/pi/ros2_ws/build/jsc_mecanum_bringup
